[ 2018-11-12T13:31:55+08:00 ] 127.0.0.1 /index.php?s=/w16/WeiSite/WeiSite/config.html&mdm=31
NOTIC: [8] Undefined index: template_config D:\weixin web\weiphp\Addons\WeiSite\Controller\BaseController.class.php 第 33 行.

[ 2018-11-12T13:31:56+08:00 ] 127.0.0.1 /index.php?s=/w16/WeiSite/Template/index.html&mdm=31|33
NOTIC: [2] closedir() expects parameter 1 to be resource, string given D:\weixin web\weiphp\Addons\WeiSite\Controller\TemplateController.class.php 第 105 行.
NOTIC: [8] Undefined index: class D:\weixin web\weiphp\Runtime\Cache\WeiSite\1fc23b30338c65e05f91a222124b43c9.php 第 157 行.
NOTIC: [8] Use of undefined constant desc - assumed 'desc' D:\weixin web\weiphp\Runtime\Cache\WeiSite\1fc23b30338c65e05f91a222124b43c9.php 第 158 行.
NOTIC: [8] Undefined index: checked D:\weixin web\weiphp\Runtime\Cache\WeiSite\1fc23b30338c65e05f91a222124b43c9.php 第 162 行.
NOTIC: [8] Use of undefined constant desc - assumed 'desc' D:\weixin web\weiphp\Runtime\Cache\WeiSite\1fc23b30338c65e05f91a222124b43c9.php 第 158 行.
NOTIC: [8] Undefined index: class D:\weixin web\weiphp\Runtime\Cache\WeiSite\1fc23b30338c65e05f91a222124b43c9.php 第 157 行.
NOTIC: [8] Use of undefined constant desc - assumed 'desc' D:\weixin web\weiphp\Runtime\Cache\WeiSite\1fc23b30338c65e05f91a222124b43c9.php 第 158 行.
NOTIC: [8] Undefined index: checked D:\weixin web\weiphp\Runtime\Cache\WeiSite\1fc23b30338c65e05f91a222124b43c9.php 第 162 行.
NOTIC: [8] Undefined index: class D:\weixin web\weiphp\Runtime\Cache\WeiSite\1fc23b30338c65e05f91a222124b43c9.php 第 157 行.
NOTIC: [8] Use of undefined constant desc - assumed 'desc' D:\weixin web\weiphp\Runtime\Cache\WeiSite\1fc23b30338c65e05f91a222124b43c9.php 第 158 行.
NOTIC: [8] Undefined index: checked D:\weixin web\weiphp\Runtime\Cache\WeiSite\1fc23b30338c65e05f91a222124b43c9.php 第 162 行.
NOTIC: [8] Undefined index: class D:\weixin web\weiphp\Runtime\Cache\WeiSite\1fc23b30338c65e05f91a222124b43c9.php 第 157 行.
NOTIC: [8] Use of undefined constant desc - assumed 'desc' D:\weixin web\weiphp\Runtime\Cache\WeiSite\1fc23b30338c65e05f91a222124b43c9.php 第 158 行.
NOTIC: [8] Undefined index: checked D:\weixin web\weiphp\Runtime\Cache\WeiSite\1fc23b30338c65e05f91a222124b43c9.php 第 162 行.
NOTIC: [8] Undefined index: class D:\weixin web\weiphp\Runtime\Cache\WeiSite\1fc23b30338c65e05f91a222124b43c9.php 第 157 行.
NOTIC: [8] Use of undefined constant desc - assumed 'desc' D:\weixin web\weiphp\Runtime\Cache\WeiSite\1fc23b30338c65e05f91a222124b43c9.php 第 158 行.
NOTIC: [8] Undefined index: checked D:\weixin web\weiphp\Runtime\Cache\WeiSite\1fc23b30338c65e05f91a222124b43c9.php 第 162 行.
NOTIC: [8] Undefined index: class D:\weixin web\weiphp\Runtime\Cache\WeiSite\1fc23b30338c65e05f91a222124b43c9.php 第 157 行.
NOTIC: [8] Use of undefined constant desc - assumed 'desc' D:\weixin web\weiphp\Runtime\Cache\WeiSite\1fc23b30338c65e05f91a222124b43c9.php 第 158 行.
NOTIC: [8] Undefined index: checked D:\weixin web\weiphp\Runtime\Cache\WeiSite\1fc23b30338c65e05f91a222124b43c9.php 第 162 行.

[ 2018-11-12T13:31:58+08:00 ] 127.0.0.1 /index.php?s=/w16/WeiSite/Template/lists.html&mdm=31|34
NOTIC: [2] closedir() expects parameter 1 to be resource, string given D:\weixin web\weiphp\Addons\WeiSite\Controller\TemplateController.class.php 第 105 行.
NOTIC: [8] Use of undefined constant desc - assumed 'desc' D:\weixin web\weiphp\Runtime\Cache\WeiSite\3ee84083af5315b8b73991d1c2fba63d.php 第 159 行.
NOTIC: [8] Undefined index: class D:\weixin web\weiphp\Runtime\Cache\WeiSite\3ee84083af5315b8b73991d1c2fba63d.php 第 158 行.
NOTIC: [8] Use of undefined constant desc - assumed 'desc' D:\weixin web\weiphp\Runtime\Cache\WeiSite\3ee84083af5315b8b73991d1c2fba63d.php 第 159 行.
NOTIC: [8] Undefined index: checked D:\weixin web\weiphp\Runtime\Cache\WeiSite\3ee84083af5315b8b73991d1c2fba63d.php 第 163 行.
NOTIC: [8] Undefined index: class D:\weixin web\weiphp\Runtime\Cache\WeiSite\3ee84083af5315b8b73991d1c2fba63d.php 第 158 行.
NOTIC: [8] Use of undefined constant desc - assumed 'desc' D:\weixin web\weiphp\Runtime\Cache\WeiSite\3ee84083af5315b8b73991d1c2fba63d.php 第 159 行.
NOTIC: [8] Undefined index: checked D:\weixin web\weiphp\Runtime\Cache\WeiSite\3ee84083af5315b8b73991d1c2fba63d.php 第 163 行.
NOTIC: [8] Undefined index: class D:\weixin web\weiphp\Runtime\Cache\WeiSite\3ee84083af5315b8b73991d1c2fba63d.php 第 158 行.
NOTIC: [8] Use of undefined constant desc - assumed 'desc' D:\weixin web\weiphp\Runtime\Cache\WeiSite\3ee84083af5315b8b73991d1c2fba63d.php 第 159 行.
NOTIC: [8] Undefined index: checked D:\weixin web\weiphp\Runtime\Cache\WeiSite\3ee84083af5315b8b73991d1c2fba63d.php 第 163 行.

[ 2018-11-12T13:32:00+08:00 ] 127.0.0.1 /index.php?s=/w16/WeiSite/Template/footer.html&mdm=31|35
NOTIC: [2] closedir() expects parameter 1 to be resource, string given D:\weixin web\weiphp\Addons\WeiSite\Controller\TemplateController.class.php 第 105 行.
NOTIC: [8] Undefined index: class D:\weixin web\weiphp\Runtime\Cache\WeiSite\045e04033deaf43ed16ea8203114f3ef.php 第 158 行.
NOTIC: [8] Use of undefined constant desc - assumed 'desc' D:\weixin web\weiphp\Runtime\Cache\WeiSite\045e04033deaf43ed16ea8203114f3ef.php 第 159 行.
NOTIC: [8] Undefined index: checked D:\weixin web\weiphp\Runtime\Cache\WeiSite\045e04033deaf43ed16ea8203114f3ef.php 第 163 行.
NOTIC: [8] Undefined index: class D:\weixin web\weiphp\Runtime\Cache\WeiSite\045e04033deaf43ed16ea8203114f3ef.php 第 158 行.
NOTIC: [8] Use of undefined constant desc - assumed 'desc' D:\weixin web\weiphp\Runtime\Cache\WeiSite\045e04033deaf43ed16ea8203114f3ef.php 第 159 行.
NOTIC: [8] Undefined index: checked D:\weixin web\weiphp\Runtime\Cache\WeiSite\045e04033deaf43ed16ea8203114f3ef.php 第 163 行.
NOTIC: [8] Undefined index: class D:\weixin web\weiphp\Runtime\Cache\WeiSite\045e04033deaf43ed16ea8203114f3ef.php 第 158 行.
NOTIC: [8] Use of undefined constant desc - assumed 'desc' D:\weixin web\weiphp\Runtime\Cache\WeiSite\045e04033deaf43ed16ea8203114f3ef.php 第 159 行.
NOTIC: [8] Undefined index: checked D:\weixin web\weiphp\Runtime\Cache\WeiSite\045e04033deaf43ed16ea8203114f3ef.php 第 163 行.
NOTIC: [8] Use of undefined constant desc - assumed 'desc' D:\weixin web\weiphp\Runtime\Cache\WeiSite\045e04033deaf43ed16ea8203114f3ef.php 第 159 行.
NOTIC: [8] Undefined index: class D:\weixin web\weiphp\Runtime\Cache\WeiSite\045e04033deaf43ed16ea8203114f3ef.php 第 158 行.
NOTIC: [8] Use of undefined constant desc - assumed 'desc' D:\weixin web\weiphp\Runtime\Cache\WeiSite\045e04033deaf43ed16ea8203114f3ef.php 第 159 行.
NOTIC: [8] Undefined index: checked D:\weixin web\weiphp\Runtime\Cache\WeiSite\045e04033deaf43ed16ea8203114f3ef.php 第 163 行.

[ 2018-11-12T13:32:02+08:00 ] 127.0.0.1 /index.php?s=/w16/WeiSite/Footer/lists/mdm/31%7C35.html
NOTIC: [8] Undefined variable: one_arr D:\weixin web\weiphp\Addons\WeiSite\Controller\FooterController.class.php 第 57 行.
NOTIC: [2] Invalid argument supplied for foreach() D:\weixin web\weiphp\Addons\WeiSite\Controller\FooterController.class.php 第 57 行.
NOTIC: [8] Undefined variable: data D:\weixin web\weiphp\Addons\WeiSite\Controller\FooterController.class.php 第 73 行.

[ 2018-11-12T13:32:03+08:00 ] 127.0.0.1 /index.php?s=/w16/WeiSite/Footer/add/model/101.html
NOTIC: [8] Undefined index: template_add D:\weixin web\weiphp\Addons\WeiSite\Controller\BaseController.class.php 第 33 行.

[ 2018-11-12T13:32:07+08:00 ] 127.0.0.1 /index.php?s=/w16/WeiSite/Template/index.html&mdm=31|33
NOTIC: [2] closedir() expects parameter 1 to be resource, string given D:\weixin web\weiphp\Addons\WeiSite\Controller\TemplateController.class.php 第 105 行.
NOTIC: [8] Undefined index: class D:\weixin web\weiphp\Runtime\Cache\WeiSite\1fc23b30338c65e05f91a222124b43c9.php 第 157 行.
NOTIC: [8] Use of undefined constant desc - assumed 'desc' D:\weixin web\weiphp\Runtime\Cache\WeiSite\1fc23b30338c65e05f91a222124b43c9.php 第 158 行.
NOTIC: [8] Undefined index: checked D:\weixin web\weiphp\Runtime\Cache\WeiSite\1fc23b30338c65e05f91a222124b43c9.php 第 162 行.
NOTIC: [8] Use of undefined constant desc - assumed 'desc' D:\weixin web\weiphp\Runtime\Cache\WeiSite\1fc23b30338c65e05f91a222124b43c9.php 第 158 行.
NOTIC: [8] Undefined index: class D:\weixin web\weiphp\Runtime\Cache\WeiSite\1fc23b30338c65e05f91a222124b43c9.php 第 157 行.
NOTIC: [8] Use of undefined constant desc - assumed 'desc' D:\weixin web\weiphp\Runtime\Cache\WeiSite\1fc23b30338c65e05f91a222124b43c9.php 第 158 行.
NOTIC: [8] Undefined index: checked D:\weixin web\weiphp\Runtime\Cache\WeiSite\1fc23b30338c65e05f91a222124b43c9.php 第 162 行.
NOTIC: [8] Undefined index: class D:\weixin web\weiphp\Runtime\Cache\WeiSite\1fc23b30338c65e05f91a222124b43c9.php 第 157 行.
NOTIC: [8] Use of undefined constant desc - assumed 'desc' D:\weixin web\weiphp\Runtime\Cache\WeiSite\1fc23b30338c65e05f91a222124b43c9.php 第 158 行.
NOTIC: [8] Undefined index: checked D:\weixin web\weiphp\Runtime\Cache\WeiSite\1fc23b30338c65e05f91a222124b43c9.php 第 162 行.
NOTIC: [8] Undefined index: class D:\weixin web\weiphp\Runtime\Cache\WeiSite\1fc23b30338c65e05f91a222124b43c9.php 第 157 行.
NOTIC: [8] Use of undefined constant desc - assumed 'desc' D:\weixin web\weiphp\Runtime\Cache\WeiSite\1fc23b30338c65e05f91a222124b43c9.php 第 158 行.
NOTIC: [8] Undefined index: checked D:\weixin web\weiphp\Runtime\Cache\WeiSite\1fc23b30338c65e05f91a222124b43c9.php 第 162 行.
NOTIC: [8] Undefined index: class D:\weixin web\weiphp\Runtime\Cache\WeiSite\1fc23b30338c65e05f91a222124b43c9.php 第 157 行.
NOTIC: [8] Use of undefined constant desc - assumed 'desc' D:\weixin web\weiphp\Runtime\Cache\WeiSite\1fc23b30338c65e05f91a222124b43c9.php 第 158 行.
NOTIC: [8] Undefined index: checked D:\weixin web\weiphp\Runtime\Cache\WeiSite\1fc23b30338c65e05f91a222124b43c9.php 第 162 行.
NOTIC: [8] Undefined index: class D:\weixin web\weiphp\Runtime\Cache\WeiSite\1fc23b30338c65e05f91a222124b43c9.php 第 157 行.
NOTIC: [8] Use of undefined constant desc - assumed 'desc' D:\weixin web\weiphp\Runtime\Cache\WeiSite\1fc23b30338c65e05f91a222124b43c9.php 第 158 行.
NOTIC: [8] Undefined index: checked D:\weixin web\weiphp\Runtime\Cache\WeiSite\1fc23b30338c65e05f91a222124b43c9.php 第 162 行.

[ 2018-11-12T13:32:07+08:00 ] 127.0.0.1 /index.php?s=/w16/WeiSite/Template/lists.html&mdm=31|34
NOTIC: [2] closedir() expects parameter 1 to be resource, string given D:\weixin web\weiphp\Addons\WeiSite\Controller\TemplateController.class.php 第 105 行.
NOTIC: [8] Use of undefined constant desc - assumed 'desc' D:\weixin web\weiphp\Runtime\Cache\WeiSite\3ee84083af5315b8b73991d1c2fba63d.php 第 159 行.
NOTIC: [8] Undefined index: class D:\weixin web\weiphp\Runtime\Cache\WeiSite\3ee84083af5315b8b73991d1c2fba63d.php 第 158 行.
NOTIC: [8] Use of undefined constant desc - assumed 'desc' D:\weixin web\weiphp\Runtime\Cache\WeiSite\3ee84083af5315b8b73991d1c2fba63d.php 第 159 行.
NOTIC: [8] Undefined index: checked D:\weixin web\weiphp\Runtime\Cache\WeiSite\3ee84083af5315b8b73991d1c2fba63d.php 第 163 行.
NOTIC: [8] Undefined index: class D:\weixin web\weiphp\Runtime\Cache\WeiSite\3ee84083af5315b8b73991d1c2fba63d.php 第 158 行.
NOTIC: [8] Use of undefined constant desc - assumed 'desc' D:\weixin web\weiphp\Runtime\Cache\WeiSite\3ee84083af5315b8b73991d1c2fba63d.php 第 159 行.
NOTIC: [8] Undefined index: checked D:\weixin web\weiphp\Runtime\Cache\WeiSite\3ee84083af5315b8b73991d1c2fba63d.php 第 163 行.
NOTIC: [8] Undefined index: class D:\weixin web\weiphp\Runtime\Cache\WeiSite\3ee84083af5315b8b73991d1c2fba63d.php 第 158 行.
NOTIC: [8] Use of undefined constant desc - assumed 'desc' D:\weixin web\weiphp\Runtime\Cache\WeiSite\3ee84083af5315b8b73991d1c2fba63d.php 第 159 行.
NOTIC: [8] Undefined index: checked D:\weixin web\weiphp\Runtime\Cache\WeiSite\3ee84083af5315b8b73991d1c2fba63d.php 第 163 行.

[ 2018-11-12T13:32:08+08:00 ] 127.0.0.1 /index.php?s=/w16/WeiSite/Template/footer.html&mdm=31|35
NOTIC: [2] closedir() expects parameter 1 to be resource, string given D:\weixin web\weiphp\Addons\WeiSite\Controller\TemplateController.class.php 第 105 行.
NOTIC: [8] Undefined index: class D:\weixin web\weiphp\Runtime\Cache\WeiSite\045e04033deaf43ed16ea8203114f3ef.php 第 158 行.
NOTIC: [8] Use of undefined constant desc - assumed 'desc' D:\weixin web\weiphp\Runtime\Cache\WeiSite\045e04033deaf43ed16ea8203114f3ef.php 第 159 行.
NOTIC: [8] Undefined index: checked D:\weixin web\weiphp\Runtime\Cache\WeiSite\045e04033deaf43ed16ea8203114f3ef.php 第 163 行.
NOTIC: [8] Undefined index: class D:\weixin web\weiphp\Runtime\Cache\WeiSite\045e04033deaf43ed16ea8203114f3ef.php 第 158 行.
NOTIC: [8] Use of undefined constant desc - assumed 'desc' D:\weixin web\weiphp\Runtime\Cache\WeiSite\045e04033deaf43ed16ea8203114f3ef.php 第 159 行.
NOTIC: [8] Undefined index: checked D:\weixin web\weiphp\Runtime\Cache\WeiSite\045e04033deaf43ed16ea8203114f3ef.php 第 163 行.
NOTIC: [8] Undefined index: class D:\weixin web\weiphp\Runtime\Cache\WeiSite\045e04033deaf43ed16ea8203114f3ef.php 第 158 行.
NOTIC: [8] Use of undefined constant desc - assumed 'desc' D:\weixin web\weiphp\Runtime\Cache\WeiSite\045e04033deaf43ed16ea8203114f3ef.php 第 159 行.
NOTIC: [8] Undefined index: checked D:\weixin web\weiphp\Runtime\Cache\WeiSite\045e04033deaf43ed16ea8203114f3ef.php 第 163 行.
NOTIC: [8] Use of undefined constant desc - assumed 'desc' D:\weixin web\weiphp\Runtime\Cache\WeiSite\045e04033deaf43ed16ea8203114f3ef.php 第 159 行.
NOTIC: [8] Undefined index: class D:\weixin web\weiphp\Runtime\Cache\WeiSite\045e04033deaf43ed16ea8203114f3ef.php 第 158 行.
NOTIC: [8] Use of undefined constant desc - assumed 'desc' D:\weixin web\weiphp\Runtime\Cache\WeiSite\045e04033deaf43ed16ea8203114f3ef.php 第 159 行.
NOTIC: [8] Undefined index: checked D:\weixin web\weiphp\Runtime\Cache\WeiSite\045e04033deaf43ed16ea8203114f3ef.php 第 163 行.

[ 2018-11-12T13:32:09+08:00 ] 127.0.0.1 /index.php?s=/w16/WeiSite/Template/index.html&mdm=31|33
NOTIC: [2] closedir() expects parameter 1 to be resource, string given D:\weixin web\weiphp\Addons\WeiSite\Controller\TemplateController.class.php 第 105 行.
NOTIC: [8] Undefined index: class D:\weixin web\weiphp\Runtime\Cache\WeiSite\1fc23b30338c65e05f91a222124b43c9.php 第 157 行.
NOTIC: [8] Use of undefined constant desc - assumed 'desc' D:\weixin web\weiphp\Runtime\Cache\WeiSite\1fc23b30338c65e05f91a222124b43c9.php 第 158 行.
NOTIC: [8] Undefined index: checked D:\weixin web\weiphp\Runtime\Cache\WeiSite\1fc23b30338c65e05f91a222124b43c9.php 第 162 行.
NOTIC: [8] Use of undefined constant desc - assumed 'desc' D:\weixin web\weiphp\Runtime\Cache\WeiSite\1fc23b30338c65e05f91a222124b43c9.php 第 158 行.
NOTIC: [8] Undefined index: class D:\weixin web\weiphp\Runtime\Cache\WeiSite\1fc23b30338c65e05f91a222124b43c9.php 第 157 行.
NOTIC: [8] Use of undefined constant desc - assumed 'desc' D:\weixin web\weiphp\Runtime\Cache\WeiSite\1fc23b30338c65e05f91a222124b43c9.php 第 158 行.
NOTIC: [8] Undefined index: checked D:\weixin web\weiphp\Runtime\Cache\WeiSite\1fc23b30338c65e05f91a222124b43c9.php 第 162 行.
NOTIC: [8] Undefined index: class D:\weixin web\weiphp\Runtime\Cache\WeiSite\1fc23b30338c65e05f91a222124b43c9.php 第 157 行.
NOTIC: [8] Use of undefined constant desc - assumed 'desc' D:\weixin web\weiphp\Runtime\Cache\WeiSite\1fc23b30338c65e05f91a222124b43c9.php 第 158 行.
NOTIC: [8] Undefined index: checked D:\weixin web\weiphp\Runtime\Cache\WeiSite\1fc23b30338c65e05f91a222124b43c9.php 第 162 行.
NOTIC: [8] Undefined index: class D:\weixin web\weiphp\Runtime\Cache\WeiSite\1fc23b30338c65e05f91a222124b43c9.php 第 157 行.
NOTIC: [8] Use of undefined constant desc - assumed 'desc' D:\weixin web\weiphp\Runtime\Cache\WeiSite\1fc23b30338c65e05f91a222124b43c9.php 第 158 行.
NOTIC: [8] Undefined index: checked D:\weixin web\weiphp\Runtime\Cache\WeiSite\1fc23b30338c65e05f91a222124b43c9.php 第 162 行.
NOTIC: [8] Undefined index: class D:\weixin web\weiphp\Runtime\Cache\WeiSite\1fc23b30338c65e05f91a222124b43c9.php 第 157 行.
NOTIC: [8] Use of undefined constant desc - assumed 'desc' D:\weixin web\weiphp\Runtime\Cache\WeiSite\1fc23b30338c65e05f91a222124b43c9.php 第 158 行.
NOTIC: [8] Undefined index: checked D:\weixin web\weiphp\Runtime\Cache\WeiSite\1fc23b30338c65e05f91a222124b43c9.php 第 162 行.
NOTIC: [8] Undefined index: class D:\weixin web\weiphp\Runtime\Cache\WeiSite\1fc23b30338c65e05f91a222124b43c9.php 第 157 行.
NOTIC: [8] Use of undefined constant desc - assumed 'desc' D:\weixin web\weiphp\Runtime\Cache\WeiSite\1fc23b30338c65e05f91a222124b43c9.php 第 158 行.
NOTIC: [8] Undefined index: checked D:\weixin web\weiphp\Runtime\Cache\WeiSite\1fc23b30338c65e05f91a222124b43c9.php 第 162 行.

[ 2018-11-12T13:32:11+08:00 ] 127.0.0.1 /index.php?s=/w16/WeiSite/WeiSite/config.html&mdm=31|32
NOTIC: [8] Undefined index: template_config D:\weixin web\weiphp\Addons\WeiSite\Controller\BaseController.class.php 第 33 行.

[ 2018-11-12T13:32:13+08:00 ] 127.0.0.1 /index.php?s=/w16/WeiSite/Template/footer.html&mdm=31|35
NOTIC: [2] closedir() expects parameter 1 to be resource, string given D:\weixin web\weiphp\Addons\WeiSite\Controller\TemplateController.class.php 第 105 行.
NOTIC: [8] Undefined index: class D:\weixin web\weiphp\Runtime\Cache\WeiSite\045e04033deaf43ed16ea8203114f3ef.php 第 158 行.
NOTIC: [8] Use of undefined constant desc - assumed 'desc' D:\weixin web\weiphp\Runtime\Cache\WeiSite\045e04033deaf43ed16ea8203114f3ef.php 第 159 行.
NOTIC: [8] Undefined index: checked D:\weixin web\weiphp\Runtime\Cache\WeiSite\045e04033deaf43ed16ea8203114f3ef.php 第 163 行.
NOTIC: [8] Undefined index: class D:\weixin web\weiphp\Runtime\Cache\WeiSite\045e04033deaf43ed16ea8203114f3ef.php 第 158 行.
NOTIC: [8] Use of undefined constant desc - assumed 'desc' D:\weixin web\weiphp\Runtime\Cache\WeiSite\045e04033deaf43ed16ea8203114f3ef.php 第 159 行.
NOTIC: [8] Undefined index: checked D:\weixin web\weiphp\Runtime\Cache\WeiSite\045e04033deaf43ed16ea8203114f3ef.php 第 163 行.
NOTIC: [8] Undefined index: class D:\weixin web\weiphp\Runtime\Cache\WeiSite\045e04033deaf43ed16ea8203114f3ef.php 第 158 行.
NOTIC: [8] Use of undefined constant desc - assumed 'desc' D:\weixin web\weiphp\Runtime\Cache\WeiSite\045e04033deaf43ed16ea8203114f3ef.php 第 159 行.
NOTIC: [8] Undefined index: checked D:\weixin web\weiphp\Runtime\Cache\WeiSite\045e04033deaf43ed16ea8203114f3ef.php 第 163 行.
NOTIC: [8] Use of undefined constant desc - assumed 'desc' D:\weixin web\weiphp\Runtime\Cache\WeiSite\045e04033deaf43ed16ea8203114f3ef.php 第 159 行.
NOTIC: [8] Undefined index: class D:\weixin web\weiphp\Runtime\Cache\WeiSite\045e04033deaf43ed16ea8203114f3ef.php 第 158 行.
NOTIC: [8] Use of undefined constant desc - assumed 'desc' D:\weixin web\weiphp\Runtime\Cache\WeiSite\045e04033deaf43ed16ea8203114f3ef.php 第 159 行.
NOTIC: [8] Undefined index: checked D:\weixin web\weiphp\Runtime\Cache\WeiSite\045e04033deaf43ed16ea8203114f3ef.php 第 163 行.

[ 2018-11-12T13:32:14+08:00 ] 127.0.0.1 /index.php?s=/w16/WeiSite/Footer/lists/mdm/31%7C35.html
NOTIC: [8] Undefined variable: one_arr D:\weixin web\weiphp\Addons\WeiSite\Controller\FooterController.class.php 第 57 行.
NOTIC: [2] Invalid argument supplied for foreach() D:\weixin web\weiphp\Addons\WeiSite\Controller\FooterController.class.php 第 57 行.
NOTIC: [8] Undefined variable: data D:\weixin web\weiphp\Addons\WeiSite\Controller\FooterController.class.php 第 73 行.

[ 2018-11-12T13:32:16+08:00 ] 127.0.0.1 /index.php?s=/w16/WeiSite/Footer/add/model/101.html
NOTIC: [8] Undefined index: template_add D:\weixin web\weiphp\Addons\WeiSite\Controller\BaseController.class.php 第 33 行.

[ 2018-11-12T13:32:18+08:00 ] 127.0.0.1 /index.php?s=/w16/WeiSite/WeiSite/config.html&mdm=31
NOTIC: [8] Undefined index: template_config D:\weixin web\weiphp\Addons\WeiSite\Controller\BaseController.class.php 第 33 行.

[ 2018-11-12T13:32:23+08:00 ] 127.0.0.1 /index.php?s=/w16/WeiSite/WeiSite/config.html&mdm=31
NOTIC: [8] Undefined index: template_config D:\weixin web\weiphp\Addons\WeiSite\Controller\BaseController.class.php 第 33 行.

[ 2018-11-12T13:32:24+08:00 ] 127.0.0.1 /index.php?s=/w16/WeiSite/WeiSite/config.html&mdm=31|32
NOTIC: [8] Undefined index: template_config D:\weixin web\weiphp\Addons\WeiSite\Controller\BaseController.class.php 第 33 行.

[ 2018-11-12T13:32:25+08:00 ] 127.0.0.1 /index.php?s=/w16/WeiSite/Template/index.html&mdm=31|33
NOTIC: [2] closedir() expects parameter 1 to be resource, string given D:\weixin web\weiphp\Addons\WeiSite\Controller\TemplateController.class.php 第 105 行.
NOTIC: [8] Undefined index: class D:\weixin web\weiphp\Runtime\Cache\WeiSite\1fc23b30338c65e05f91a222124b43c9.php 第 157 行.
NOTIC: [8] Use of undefined constant desc - assumed 'desc' D:\weixin web\weiphp\Runtime\Cache\WeiSite\1fc23b30338c65e05f91a222124b43c9.php 第 158 行.
NOTIC: [8] Undefined index: checked D:\weixin web\weiphp\Runtime\Cache\WeiSite\1fc23b30338c65e05f91a222124b43c9.php 第 162 行.
NOTIC: [8] Use of undefined constant desc - assumed 'desc' D:\weixin web\weiphp\Runtime\Cache\WeiSite\1fc23b30338c65e05f91a222124b43c9.php 第 158 行.
NOTIC: [8] Undefined index: class D:\weixin web\weiphp\Runtime\Cache\WeiSite\1fc23b30338c65e05f91a222124b43c9.php 第 157 行.
NOTIC: [8] Use of undefined constant desc - assumed 'desc' D:\weixin web\weiphp\Runtime\Cache\WeiSite\1fc23b30338c65e05f91a222124b43c9.php 第 158 行.
NOTIC: [8] Undefined index: checked D:\weixin web\weiphp\Runtime\Cache\WeiSite\1fc23b30338c65e05f91a222124b43c9.php 第 162 行.
NOTIC: [8] Undefined index: class D:\weixin web\weiphp\Runtime\Cache\WeiSite\1fc23b30338c65e05f91a222124b43c9.php 第 157 行.
NOTIC: [8] Use of undefined constant desc - assumed 'desc' D:\weixin web\weiphp\Runtime\Cache\WeiSite\1fc23b30338c65e05f91a222124b43c9.php 第 158 行.
NOTIC: [8] Undefined index: checked D:\weixin web\weiphp\Runtime\Cache\WeiSite\1fc23b30338c65e05f91a222124b43c9.php 第 162 行.
NOTIC: [8] Undefined index: class D:\weixin web\weiphp\Runtime\Cache\WeiSite\1fc23b30338c65e05f91a222124b43c9.php 第 157 行.
NOTIC: [8] Use of undefined constant desc - assumed 'desc' D:\weixin web\weiphp\Runtime\Cache\WeiSite\1fc23b30338c65e05f91a222124b43c9.php 第 158 行.
NOTIC: [8] Undefined index: checked D:\weixin web\weiphp\Runtime\Cache\WeiSite\1fc23b30338c65e05f91a222124b43c9.php 第 162 行.
NOTIC: [8] Undefined index: class D:\weixin web\weiphp\Runtime\Cache\WeiSite\1fc23b30338c65e05f91a222124b43c9.php 第 157 行.
NOTIC: [8] Use of undefined constant desc - assumed 'desc' D:\weixin web\weiphp\Runtime\Cache\WeiSite\1fc23b30338c65e05f91a222124b43c9.php 第 158 行.
NOTIC: [8] Undefined index: checked D:\weixin web\weiphp\Runtime\Cache\WeiSite\1fc23b30338c65e05f91a222124b43c9.php 第 162 行.
NOTIC: [8] Undefined index: class D:\weixin web\weiphp\Runtime\Cache\WeiSite\1fc23b30338c65e05f91a222124b43c9.php 第 157 行.
NOTIC: [8] Use of undefined constant desc - assumed 'desc' D:\weixin web\weiphp\Runtime\Cache\WeiSite\1fc23b30338c65e05f91a222124b43c9.php 第 158 行.
NOTIC: [8] Undefined index: checked D:\weixin web\weiphp\Runtime\Cache\WeiSite\1fc23b30338c65e05f91a222124b43c9.php 第 162 行.

[ 2018-11-12T13:32:26+08:00 ] 127.0.0.1 /index.php?s=/w16/WeiSite/Template/lists.html&mdm=31|34
NOTIC: [2] closedir() expects parameter 1 to be resource, string given D:\weixin web\weiphp\Addons\WeiSite\Controller\TemplateController.class.php 第 105 行.
NOTIC: [8] Use of undefined constant desc - assumed 'desc' D:\weixin web\weiphp\Runtime\Cache\WeiSite\3ee84083af5315b8b73991d1c2fba63d.php 第 159 行.
NOTIC: [8] Undefined index: class D:\weixin web\weiphp\Runtime\Cache\WeiSite\3ee84083af5315b8b73991d1c2fba63d.php 第 158 行.
NOTIC: [8] Use of undefined constant desc - assumed 'desc' D:\weixin web\weiphp\Runtime\Cache\WeiSite\3ee84083af5315b8b73991d1c2fba63d.php 第 159 行.
NOTIC: [8] Undefined index: checked D:\weixin web\weiphp\Runtime\Cache\WeiSite\3ee84083af5315b8b73991d1c2fba63d.php 第 163 行.
NOTIC: [8] Undefined index: class D:\weixin web\weiphp\Runtime\Cache\WeiSite\3ee84083af5315b8b73991d1c2fba63d.php 第 158 行.
NOTIC: [8] Use of undefined constant desc - assumed 'desc' D:\weixin web\weiphp\Runtime\Cache\WeiSite\3ee84083af5315b8b73991d1c2fba63d.php 第 159 行.
NOTIC: [8] Undefined index: checked D:\weixin web\weiphp\Runtime\Cache\WeiSite\3ee84083af5315b8b73991d1c2fba63d.php 第 163 行.
NOTIC: [8] Undefined index: class D:\weixin web\weiphp\Runtime\Cache\WeiSite\3ee84083af5315b8b73991d1c2fba63d.php 第 158 行.
NOTIC: [8] Use of undefined constant desc - assumed 'desc' D:\weixin web\weiphp\Runtime\Cache\WeiSite\3ee84083af5315b8b73991d1c2fba63d.php 第 159 行.
NOTIC: [8] Undefined index: checked D:\weixin web\weiphp\Runtime\Cache\WeiSite\3ee84083af5315b8b73991d1c2fba63d.php 第 163 行.

[ 2018-11-12T13:32:27+08:00 ] 127.0.0.1 /index.php?s=/w16/WeiSite/Template/footer.html&mdm=31|35
NOTIC: [2] closedir() expects parameter 1 to be resource, string given D:\weixin web\weiphp\Addons\WeiSite\Controller\TemplateController.class.php 第 105 行.
NOTIC: [8] Undefined index: class D:\weixin web\weiphp\Runtime\Cache\WeiSite\045e04033deaf43ed16ea8203114f3ef.php 第 158 行.
NOTIC: [8] Use of undefined constant desc - assumed 'desc' D:\weixin web\weiphp\Runtime\Cache\WeiSite\045e04033deaf43ed16ea8203114f3ef.php 第 159 行.
NOTIC: [8] Undefined index: checked D:\weixin web\weiphp\Runtime\Cache\WeiSite\045e04033deaf43ed16ea8203114f3ef.php 第 163 行.
NOTIC: [8] Undefined index: class D:\weixin web\weiphp\Runtime\Cache\WeiSite\045e04033deaf43ed16ea8203114f3ef.php 第 158 行.
NOTIC: [8] Use of undefined constant desc - assumed 'desc' D:\weixin web\weiphp\Runtime\Cache\WeiSite\045e04033deaf43ed16ea8203114f3ef.php 第 159 行.
NOTIC: [8] Undefined index: checked D:\weixin web\weiphp\Runtime\Cache\WeiSite\045e04033deaf43ed16ea8203114f3ef.php 第 163 行.
NOTIC: [8] Undefined index: class D:\weixin web\weiphp\Runtime\Cache\WeiSite\045e04033deaf43ed16ea8203114f3ef.php 第 158 行.
NOTIC: [8] Use of undefined constant desc - assumed 'desc' D:\weixin web\weiphp\Runtime\Cache\WeiSite\045e04033deaf43ed16ea8203114f3ef.php 第 159 行.
NOTIC: [8] Undefined index: checked D:\weixin web\weiphp\Runtime\Cache\WeiSite\045e04033deaf43ed16ea8203114f3ef.php 第 163 行.
NOTIC: [8] Use of undefined constant desc - assumed 'desc' D:\weixin web\weiphp\Runtime\Cache\WeiSite\045e04033deaf43ed16ea8203114f3ef.php 第 159 行.
NOTIC: [8] Undefined index: class D:\weixin web\weiphp\Runtime\Cache\WeiSite\045e04033deaf43ed16ea8203114f3ef.php 第 158 行.
NOTIC: [8] Use of undefined constant desc - assumed 'desc' D:\weixin web\weiphp\Runtime\Cache\WeiSite\045e04033deaf43ed16ea8203114f3ef.php 第 159 行.
NOTIC: [8] Undefined index: checked D:\weixin web\weiphp\Runtime\Cache\WeiSite\045e04033deaf43ed16ea8203114f3ef.php 第 163 行.

[ 2018-11-12T13:32:27+08:00 ] 127.0.0.1 /index.php?s=/w16/WeiSite/Template/lists.html&mdm=31|34
NOTIC: [2] closedir() expects parameter 1 to be resource, string given D:\weixin web\weiphp\Addons\WeiSite\Controller\TemplateController.class.php 第 105 行.
NOTIC: [8] Use of undefined constant desc - assumed 'desc' D:\weixin web\weiphp\Runtime\Cache\WeiSite\3ee84083af5315b8b73991d1c2fba63d.php 第 159 行.
NOTIC: [8] Undefined index: class D:\weixin web\weiphp\Runtime\Cache\WeiSite\3ee84083af5315b8b73991d1c2fba63d.php 第 158 行.
NOTIC: [8] Use of undefined constant desc - assumed 'desc' D:\weixin web\weiphp\Runtime\Cache\WeiSite\3ee84083af5315b8b73991d1c2fba63d.php 第 159 行.
NOTIC: [8] Undefined index: checked D:\weixin web\weiphp\Runtime\Cache\WeiSite\3ee84083af5315b8b73991d1c2fba63d.php 第 163 行.
NOTIC: [8] Undefined index: class D:\weixin web\weiphp\Runtime\Cache\WeiSite\3ee84083af5315b8b73991d1c2fba63d.php 第 158 行.
NOTIC: [8] Use of undefined constant desc - assumed 'desc' D:\weixin web\weiphp\Runtime\Cache\WeiSite\3ee84083af5315b8b73991d1c2fba63d.php 第 159 行.
NOTIC: [8] Undefined index: checked D:\weixin web\weiphp\Runtime\Cache\WeiSite\3ee84083af5315b8b73991d1c2fba63d.php 第 163 行.
NOTIC: [8] Undefined index: class D:\weixin web\weiphp\Runtime\Cache\WeiSite\3ee84083af5315b8b73991d1c2fba63d.php 第 158 行.
NOTIC: [8] Use of undefined constant desc - assumed 'desc' D:\weixin web\weiphp\Runtime\Cache\WeiSite\3ee84083af5315b8b73991d1c2fba63d.php 第 159 行.
NOTIC: [8] Undefined index: checked D:\weixin web\weiphp\Runtime\Cache\WeiSite\3ee84083af5315b8b73991d1c2fba63d.php 第 163 行.

[ 2018-11-12T13:32:29+08:00 ] 127.0.0.1 /index.php?s=/w16/WeiSite/Template/footer.html&mdm=31|35
NOTIC: [2] closedir() expects parameter 1 to be resource, string given D:\weixin web\weiphp\Addons\WeiSite\Controller\TemplateController.class.php 第 105 行.
NOTIC: [8] Undefined index: class D:\weixin web\weiphp\Runtime\Cache\WeiSite\045e04033deaf43ed16ea8203114f3ef.php 第 158 行.
NOTIC: [8] Use of undefined constant desc - assumed 'desc' D:\weixin web\weiphp\Runtime\Cache\WeiSite\045e04033deaf43ed16ea8203114f3ef.php 第 159 行.
NOTIC: [8] Undefined index: checked D:\weixin web\weiphp\Runtime\Cache\WeiSite\045e04033deaf43ed16ea8203114f3ef.php 第 163 行.
NOTIC: [8] Undefined index: class D:\weixin web\weiphp\Runtime\Cache\WeiSite\045e04033deaf43ed16ea8203114f3ef.php 第 158 行.
NOTIC: [8] Use of undefined constant desc - assumed 'desc' D:\weixin web\weiphp\Runtime\Cache\WeiSite\045e04033deaf43ed16ea8203114f3ef.php 第 159 行.
NOTIC: [8] Undefined index: checked D:\weixin web\weiphp\Runtime\Cache\WeiSite\045e04033deaf43ed16ea8203114f3ef.php 第 163 行.
NOTIC: [8] Undefined index: class D:\weixin web\weiphp\Runtime\Cache\WeiSite\045e04033deaf43ed16ea8203114f3ef.php 第 158 行.
NOTIC: [8] Use of undefined constant desc - assumed 'desc' D:\weixin web\weiphp\Runtime\Cache\WeiSite\045e04033deaf43ed16ea8203114f3ef.php 第 159 行.
NOTIC: [8] Undefined index: checked D:\weixin web\weiphp\Runtime\Cache\WeiSite\045e04033deaf43ed16ea8203114f3ef.php 第 163 行.
NOTIC: [8] Use of undefined constant desc - assumed 'desc' D:\weixin web\weiphp\Runtime\Cache\WeiSite\045e04033deaf43ed16ea8203114f3ef.php 第 159 行.
NOTIC: [8] Undefined index: class D:\weixin web\weiphp\Runtime\Cache\WeiSite\045e04033deaf43ed16ea8203114f3ef.php 第 158 行.
NOTIC: [8] Use of undefined constant desc - assumed 'desc' D:\weixin web\weiphp\Runtime\Cache\WeiSite\045e04033deaf43ed16ea8203114f3ef.php 第 159 行.
NOTIC: [8] Undefined index: checked D:\weixin web\weiphp\Runtime\Cache\WeiSite\045e04033deaf43ed16ea8203114f3ef.php 第 163 行.

[ 2018-11-12T13:32:32+08:00 ] 127.0.0.1 /index.php?s=/w16/WeiSite/WeiSite/config.html&mdm=31
NOTIC: [8] Undefined index: template_config D:\weixin web\weiphp\Addons\WeiSite\Controller\BaseController.class.php 第 33 行.

[ 2018-11-12T14:34:31+08:00 ] 127.0.0.1 /index.php?s=/w16/WeiSite/WeiSite/config.html&mdm=31
NOTIC: [8] Undefined index: template_config D:\weixin web\weiphp\Addons\WeiSite\Controller\BaseController.class.php 第 33 行.

[ 2018-11-12T14:34:33+08:00 ] 127.0.0.1 /index.php?s=/w16/WeiSite/Template/lists.html&mdm=31|34
NOTIC: [2] closedir() expects parameter 1 to be resource, string given D:\weixin web\weiphp\Addons\WeiSite\Controller\TemplateController.class.php 第 105 行.
NOTIC: [8] Use of undefined constant desc - assumed 'desc' D:\weixin web\weiphp\Runtime\Cache\WeiSite\3ee84083af5315b8b73991d1c2fba63d.php 第 159 行.
NOTIC: [8] Undefined index: class D:\weixin web\weiphp\Runtime\Cache\WeiSite\3ee84083af5315b8b73991d1c2fba63d.php 第 158 行.
NOTIC: [8] Use of undefined constant desc - assumed 'desc' D:\weixin web\weiphp\Runtime\Cache\WeiSite\3ee84083af5315b8b73991d1c2fba63d.php 第 159 行.
NOTIC: [8] Undefined index: checked D:\weixin web\weiphp\Runtime\Cache\WeiSite\3ee84083af5315b8b73991d1c2fba63d.php 第 163 行.
NOTIC: [8] Undefined index: class D:\weixin web\weiphp\Runtime\Cache\WeiSite\3ee84083af5315b8b73991d1c2fba63d.php 第 158 行.
NOTIC: [8] Use of undefined constant desc - assumed 'desc' D:\weixin web\weiphp\Runtime\Cache\WeiSite\3ee84083af5315b8b73991d1c2fba63d.php 第 159 行.
NOTIC: [8] Undefined index: checked D:\weixin web\weiphp\Runtime\Cache\WeiSite\3ee84083af5315b8b73991d1c2fba63d.php 第 163 行.
NOTIC: [8] Undefined index: class D:\weixin web\weiphp\Runtime\Cache\WeiSite\3ee84083af5315b8b73991d1c2fba63d.php 第 158 行.
NOTIC: [8] Use of undefined constant desc - assumed 'desc' D:\weixin web\weiphp\Runtime\Cache\WeiSite\3ee84083af5315b8b73991d1c2fba63d.php 第 159 行.
NOTIC: [8] Undefined index: checked D:\weixin web\weiphp\Runtime\Cache\WeiSite\3ee84083af5315b8b73991d1c2fba63d.php 第 163 行.

[ 2018-11-12T14:34:35+08:00 ] 127.0.0.1 /index.php?s=/w16/WeiSite/WeiSite/preview_cms/mdm/31%7C34.html
NOTIC: [8] Undefined index: template_preview_cms D:\weixin web\weiphp\Addons\WeiSite\Controller\BaseController.class.php 第 33 行.

[ 2018-11-12T14:34:36+08:00 ] 127.0.0.1 /index.php?s=/w16/WeiSite/Wap/lists/from/preview.html
NOTIC: [8] Undefined property: stdClass::$ticket D:\weixin web\weiphp\ThinkPHP\Library\Vendor\jssdk\jssdk.php 第 49 行.
NOTIC: [8] Undefined offset: 0 D:\weixin web\weiphp\Addons\WeiSite\Controller\WapController.class.php 第 20 行.
NOTIC: [8] Undefined variable: slideData D:\weixin web\weiphp\Addons\WeiSite\Controller\WapController.class.php 第 194 行.
NOTIC: [8] Undefined variable: lists D:\weixin web\weiphp\Addons\WeiSite\Controller\WapController.class.php 第 195 行.
NOTIC: [8] Undefined variable: one_arr D:\weixin web\weiphp\Addons\WeiSite\Controller\WapController.class.php 第 253 行.
NOTIC: [2] Invalid argument supplied for foreach() D:\weixin web\weiphp\Addons\WeiSite\Controller\WapController.class.php 第 253 行.
NOTIC: [8] Undefined variable: one_arr D:\weixin web\weiphp\Addons\WeiSite\Controller\WapController.class.php 第 265 行.

[ 2018-11-12T14:34:45+08:00 ] 127.0.0.1 /index.php?s=/w16/WeiSite/Template/index.html&mdm=31|33
NOTIC: [2] closedir() expects parameter 1 to be resource, string given D:\weixin web\weiphp\Addons\WeiSite\Controller\TemplateController.class.php 第 105 行.
NOTIC: [8] Undefined index: class D:\weixin web\weiphp\Runtime\Cache\WeiSite\1fc23b30338c65e05f91a222124b43c9.php 第 157 行.
NOTIC: [8] Use of undefined constant desc - assumed 'desc' D:\weixin web\weiphp\Runtime\Cache\WeiSite\1fc23b30338c65e05f91a222124b43c9.php 第 158 行.
NOTIC: [8] Undefined index: checked D:\weixin web\weiphp\Runtime\Cache\WeiSite\1fc23b30338c65e05f91a222124b43c9.php 第 162 行.
NOTIC: [8] Use of undefined constant desc - assumed 'desc' D:\weixin web\weiphp\Runtime\Cache\WeiSite\1fc23b30338c65e05f91a222124b43c9.php 第 158 行.
NOTIC: [8] Undefined index: class D:\weixin web\weiphp\Runtime\Cache\WeiSite\1fc23b30338c65e05f91a222124b43c9.php 第 157 行.
NOTIC: [8] Use of undefined constant desc - assumed 'desc' D:\weixin web\weiphp\Runtime\Cache\WeiSite\1fc23b30338c65e05f91a222124b43c9.php 第 158 行.
NOTIC: [8] Undefined index: checked D:\weixin web\weiphp\Runtime\Cache\WeiSite\1fc23b30338c65e05f91a222124b43c9.php 第 162 行.
NOTIC: [8] Undefined index: class D:\weixin web\weiphp\Runtime\Cache\WeiSite\1fc23b30338c65e05f91a222124b43c9.php 第 157 行.
NOTIC: [8] Use of undefined constant desc - assumed 'desc' D:\weixin web\weiphp\Runtime\Cache\WeiSite\1fc23b30338c65e05f91a222124b43c9.php 第 158 行.
NOTIC: [8] Undefined index: checked D:\weixin web\weiphp\Runtime\Cache\WeiSite\1fc23b30338c65e05f91a222124b43c9.php 第 162 行.
NOTIC: [8] Undefined index: class D:\weixin web\weiphp\Runtime\Cache\WeiSite\1fc23b30338c65e05f91a222124b43c9.php 第 157 行.
NOTIC: [8] Use of undefined constant desc - assumed 'desc' D:\weixin web\weiphp\Runtime\Cache\WeiSite\1fc23b30338c65e05f91a222124b43c9.php 第 158 行.
NOTIC: [8] Undefined index: checked D:\weixin web\weiphp\Runtime\Cache\WeiSite\1fc23b30338c65e05f91a222124b43c9.php 第 162 行.
NOTIC: [8] Undefined index: class D:\weixin web\weiphp\Runtime\Cache\WeiSite\1fc23b30338c65e05f91a222124b43c9.php 第 157 行.
NOTIC: [8] Use of undefined constant desc - assumed 'desc' D:\weixin web\weiphp\Runtime\Cache\WeiSite\1fc23b30338c65e05f91a222124b43c9.php 第 158 行.
NOTIC: [8] Undefined index: checked D:\weixin web\weiphp\Runtime\Cache\WeiSite\1fc23b30338c65e05f91a222124b43c9.php 第 162 行.
NOTIC: [8] Undefined index: class D:\weixin web\weiphp\Runtime\Cache\WeiSite\1fc23b30338c65e05f91a222124b43c9.php 第 157 行.
NOTIC: [8] Use of undefined constant desc - assumed 'desc' D:\weixin web\weiphp\Runtime\Cache\WeiSite\1fc23b30338c65e05f91a222124b43c9.php 第 158 行.
NOTIC: [8] Undefined index: checked D:\weixin web\weiphp\Runtime\Cache\WeiSite\1fc23b30338c65e05f91a222124b43c9.php 第 162 行.

[ 2018-11-12T14:34:47+08:00 ] 127.0.0.1 /index.php?s=/w16/WeiSite/WeiSite/preview/mdm/31%7C33.html
NOTIC: [8] Undefined index: template_preview D:\weixin web\weiphp\Addons\WeiSite\Controller\BaseController.class.php 第 33 行.
NOTIC: [8] Use of undefined constant show_background - assumed 'show_background' D:\weixin web\weiphp\Runtime\Cache\WeiSite\fdd8941c7daa48bb558c98b83b1fd1b1.php 第 184 行.
NOTIC: [8] Use of undefined constant show_background - assumed 'show_background' D:\weixin web\weiphp\Runtime\Cache\WeiSite\fdd8941c7daa48bb558c98b83b1fd1b1.php 第 188 行.
NOTIC: [8] Use of undefined constant background_arr - assumed 'background_arr' D:\weixin web\weiphp\Runtime\Cache\WeiSite\fdd8941c7daa48bb558c98b83b1fd1b1.php 第 198 行.

[ 2018-11-12T14:34:48+08:00 ] 127.0.0.1 /index.php?s=/w16/WeiSite/Wap/index.html
NOTIC: [8] Undefined property: stdClass::$ticket D:\weixin web\weiphp\ThinkPHP\Library\Vendor\jssdk\jssdk.php 第 49 行.
NOTIC: [8] Undefined offset: 0 D:\weixin web\weiphp\Addons\WeiSite\Controller\WapController.class.php 第 20 行.
NOTIC: [8] Undefined variable: one_arr D:\weixin web\weiphp\Addons\WeiSite\Controller\WapController.class.php 第 253 行.
NOTIC: [2] Invalid argument supplied for foreach() D:\weixin web\weiphp\Addons\WeiSite\Controller\WapController.class.php 第 253 行.
NOTIC: [8] Undefined variable: one_arr D:\weixin web\weiphp\Addons\WeiSite\Controller\WapController.class.php 第 265 行.

[ 2018-11-12T14:34:48+08:00 ] 127.0.0.1 /index.php?s=/w16/WeiSite/Wap/index.html
NOTIC: [8] Undefined property: stdClass::$ticket D:\weixin web\weiphp\ThinkPHP\Library\Vendor\jssdk\jssdk.php 第 49 行.
NOTIC: [8] Undefined offset: 0 D:\weixin web\weiphp\Addons\WeiSite\Controller\WapController.class.php 第 20 行.
NOTIC: [8] Undefined variable: one_arr D:\weixin web\weiphp\Addons\WeiSite\Controller\WapController.class.php 第 253 行.
NOTIC: [2] Invalid argument supplied for foreach() D:\weixin web\weiphp\Addons\WeiSite\Controller\WapController.class.php 第 253 行.
NOTIC: [8] Undefined variable: one_arr D:\weixin web\weiphp\Addons\WeiSite\Controller\WapController.class.php 第 265 行.

[ 2018-11-12T14:35:02+08:00 ] 127.0.0.1 /index.php?s=/w16/WeiSite/WeiSite/config.html&mdm=31
NOTIC: [8] Undefined index: template_config D:\weixin web\weiphp\Addons\WeiSite\Controller\BaseController.class.php 第 33 行.

[ 2018-11-12T14:35:03+08:00 ] 127.0.0.1 /index.php?s=/w16/WeiSite/Template/index.html&mdm=31|33
NOTIC: [2] closedir() expects parameter 1 to be resource, string given D:\weixin web\weiphp\Addons\WeiSite\Controller\TemplateController.class.php 第 105 行.
NOTIC: [8] Undefined index: class D:\weixin web\weiphp\Runtime\Cache\WeiSite\1fc23b30338c65e05f91a222124b43c9.php 第 157 行.
NOTIC: [8] Use of undefined constant desc - assumed 'desc' D:\weixin web\weiphp\Runtime\Cache\WeiSite\1fc23b30338c65e05f91a222124b43c9.php 第 158 行.
NOTIC: [8] Undefined index: checked D:\weixin web\weiphp\Runtime\Cache\WeiSite\1fc23b30338c65e05f91a222124b43c9.php 第 162 行.
NOTIC: [8] Use of undefined constant desc - assumed 'desc' D:\weixin web\weiphp\Runtime\Cache\WeiSite\1fc23b30338c65e05f91a222124b43c9.php 第 158 行.
NOTIC: [8] Undefined index: class D:\weixin web\weiphp\Runtime\Cache\WeiSite\1fc23b30338c65e05f91a222124b43c9.php 第 157 行.
NOTIC: [8] Use of undefined constant desc - assumed 'desc' D:\weixin web\weiphp\Runtime\Cache\WeiSite\1fc23b30338c65e05f91a222124b43c9.php 第 158 行.
NOTIC: [8] Undefined index: checked D:\weixin web\weiphp\Runtime\Cache\WeiSite\1fc23b30338c65e05f91a222124b43c9.php 第 162 行.
NOTIC: [8] Undefined index: class D:\weixin web\weiphp\Runtime\Cache\WeiSite\1fc23b30338c65e05f91a222124b43c9.php 第 157 行.
NOTIC: [8] Use of undefined constant desc - assumed 'desc' D:\weixin web\weiphp\Runtime\Cache\WeiSite\1fc23b30338c65e05f91a222124b43c9.php 第 158 行.
NOTIC: [8] Undefined index: checked D:\weixin web\weiphp\Runtime\Cache\WeiSite\1fc23b30338c65e05f91a222124b43c9.php 第 162 行.
NOTIC: [8] Undefined index: class D:\weixin web\weiphp\Runtime\Cache\WeiSite\1fc23b30338c65e05f91a222124b43c9.php 第 157 行.
NOTIC: [8] Use of undefined constant desc - assumed 'desc' D:\weixin web\weiphp\Runtime\Cache\WeiSite\1fc23b30338c65e05f91a222124b43c9.php 第 158 行.
NOTIC: [8] Undefined index: checked D:\weixin web\weiphp\Runtime\Cache\WeiSite\1fc23b30338c65e05f91a222124b43c9.php 第 162 行.
NOTIC: [8] Undefined index: class D:\weixin web\weiphp\Runtime\Cache\WeiSite\1fc23b30338c65e05f91a222124b43c9.php 第 157 行.
NOTIC: [8] Use of undefined constant desc - assumed 'desc' D:\weixin web\weiphp\Runtime\Cache\WeiSite\1fc23b30338c65e05f91a222124b43c9.php 第 158 行.
NOTIC: [8] Undefined index: checked D:\weixin web\weiphp\Runtime\Cache\WeiSite\1fc23b30338c65e05f91a222124b43c9.php 第 162 行.
NOTIC: [8] Undefined index: class D:\weixin web\weiphp\Runtime\Cache\WeiSite\1fc23b30338c65e05f91a222124b43c9.php 第 157 行.
NOTIC: [8] Use of undefined constant desc - assumed 'desc' D:\weixin web\weiphp\Runtime\Cache\WeiSite\1fc23b30338c65e05f91a222124b43c9.php 第 158 行.
NOTIC: [8] Undefined index: checked D:\weixin web\weiphp\Runtime\Cache\WeiSite\1fc23b30338c65e05f91a222124b43c9.php 第 162 行.

[ 2018-11-12T14:35:04+08:00 ] 127.0.0.1 /index.php?s=/w16/WeiSite/Template/lists.html&mdm=31|34
NOTIC: [2] closedir() expects parameter 1 to be resource, string given D:\weixin web\weiphp\Addons\WeiSite\Controller\TemplateController.class.php 第 105 行.
NOTIC: [8] Use of undefined constant desc - assumed 'desc' D:\weixin web\weiphp\Runtime\Cache\WeiSite\3ee84083af5315b8b73991d1c2fba63d.php 第 159 行.
NOTIC: [8] Undefined index: class D:\weixin web\weiphp\Runtime\Cache\WeiSite\3ee84083af5315b8b73991d1c2fba63d.php 第 158 行.
NOTIC: [8] Use of undefined constant desc - assumed 'desc' D:\weixin web\weiphp\Runtime\Cache\WeiSite\3ee84083af5315b8b73991d1c2fba63d.php 第 159 行.
NOTIC: [8] Undefined index: checked D:\weixin web\weiphp\Runtime\Cache\WeiSite\3ee84083af5315b8b73991d1c2fba63d.php 第 163 行.
NOTIC: [8] Undefined index: class D:\weixin web\weiphp\Runtime\Cache\WeiSite\3ee84083af5315b8b73991d1c2fba63d.php 第 158 行.
NOTIC: [8] Use of undefined constant desc - assumed 'desc' D:\weixin web\weiphp\Runtime\Cache\WeiSite\3ee84083af5315b8b73991d1c2fba63d.php 第 159 行.
NOTIC: [8] Undefined index: checked D:\weixin web\weiphp\Runtime\Cache\WeiSite\3ee84083af5315b8b73991d1c2fba63d.php 第 163 行.
NOTIC: [8] Undefined index: class D:\weixin web\weiphp\Runtime\Cache\WeiSite\3ee84083af5315b8b73991d1c2fba63d.php 第 158 行.
NOTIC: [8] Use of undefined constant desc - assumed 'desc' D:\weixin web\weiphp\Runtime\Cache\WeiSite\3ee84083af5315b8b73991d1c2fba63d.php 第 159 行.
NOTIC: [8] Undefined index: checked D:\weixin web\weiphp\Runtime\Cache\WeiSite\3ee84083af5315b8b73991d1c2fba63d.php 第 163 行.

[ 2018-11-12T14:35:05+08:00 ] 127.0.0.1 /index.php?s=/w16/WeiSite/Template/footer.html&mdm=31|35
NOTIC: [2] closedir() expects parameter 1 to be resource, string given D:\weixin web\weiphp\Addons\WeiSite\Controller\TemplateController.class.php 第 105 行.
NOTIC: [8] Undefined index: class D:\weixin web\weiphp\Runtime\Cache\WeiSite\045e04033deaf43ed16ea8203114f3ef.php 第 158 行.
NOTIC: [8] Use of undefined constant desc - assumed 'desc' D:\weixin web\weiphp\Runtime\Cache\WeiSite\045e04033deaf43ed16ea8203114f3ef.php 第 159 行.
NOTIC: [8] Undefined index: checked D:\weixin web\weiphp\Runtime\Cache\WeiSite\045e04033deaf43ed16ea8203114f3ef.php 第 163 行.
NOTIC: [8] Undefined index: class D:\weixin web\weiphp\Runtime\Cache\WeiSite\045e04033deaf43ed16ea8203114f3ef.php 第 158 行.
NOTIC: [8] Use of undefined constant desc - assumed 'desc' D:\weixin web\weiphp\Runtime\Cache\WeiSite\045e04033deaf43ed16ea8203114f3ef.php 第 159 行.
NOTIC: [8] Undefined index: checked D:\weixin web\weiphp\Runtime\Cache\WeiSite\045e04033deaf43ed16ea8203114f3ef.php 第 163 行.
NOTIC: [8] Undefined index: class D:\weixin web\weiphp\Runtime\Cache\WeiSite\045e04033deaf43ed16ea8203114f3ef.php 第 158 行.
NOTIC: [8] Use of undefined constant desc - assumed 'desc' D:\weixin web\weiphp\Runtime\Cache\WeiSite\045e04033deaf43ed16ea8203114f3ef.php 第 159 行.
NOTIC: [8] Undefined index: checked D:\weixin web\weiphp\Runtime\Cache\WeiSite\045e04033deaf43ed16ea8203114f3ef.php 第 163 行.
NOTIC: [8] Use of undefined constant desc - assumed 'desc' D:\weixin web\weiphp\Runtime\Cache\WeiSite\045e04033deaf43ed16ea8203114f3ef.php 第 159 行.
NOTIC: [8] Undefined index: class D:\weixin web\weiphp\Runtime\Cache\WeiSite\045e04033deaf43ed16ea8203114f3ef.php 第 158 行.
NOTIC: [8] Use of undefined constant desc - assumed 'desc' D:\weixin web\weiphp\Runtime\Cache\WeiSite\045e04033deaf43ed16ea8203114f3ef.php 第 159 行.
NOTIC: [8] Undefined index: checked D:\weixin web\weiphp\Runtime\Cache\WeiSite\045e04033deaf43ed16ea8203114f3ef.php 第 163 行.

[ 2018-11-12T14:42:15+08:00 ] 127.0.0.1 /index.php?s=/w16/WeiSite/Wap/index.html
NOTIC: [8] Undefined property: stdClass::$ticket D:\weixin web\weiphp\ThinkPHP\Library\Vendor\jssdk\jssdk.php 第 49 行.
NOTIC: [8] Undefined offset: 0 D:\weixin web\weiphp\Addons\WeiSite\Controller\WapController.class.php 第 20 行.
NOTIC: [8] Undefined variable: one_arr D:\weixin web\weiphp\Addons\WeiSite\Controller\WapController.class.php 第 253 行.
NOTIC: [2] Invalid argument supplied for foreach() D:\weixin web\weiphp\Addons\WeiSite\Controller\WapController.class.php 第 253 行.
NOTIC: [8] Undefined variable: one_arr D:\weixin web\weiphp\Addons\WeiSite\Controller\WapController.class.php 第 265 行.

[ 2018-11-12T14:42:17+08:00 ] 127.0.0.1 /index.php?s=/w16/WeiSite/Wap/index.html
NOTIC: [8] Undefined property: stdClass::$ticket D:\weixin web\weiphp\ThinkPHP\Library\Vendor\jssdk\jssdk.php 第 49 行.
NOTIC: [8] Undefined offset: 0 D:\weixin web\weiphp\Addons\WeiSite\Controller\WapController.class.php 第 20 行.
NOTIC: [8] Undefined variable: one_arr D:\weixin web\weiphp\Addons\WeiSite\Controller\WapController.class.php 第 253 行.
NOTIC: [2] Invalid argument supplied for foreach() D:\weixin web\weiphp\Addons\WeiSite\Controller\WapController.class.php 第 253 行.
NOTIC: [8] Undefined variable: one_arr D:\weixin web\weiphp\Addons\WeiSite\Controller\WapController.class.php 第 265 行.

[ 2018-11-12T14:42:26+08:00 ] 127.0.0.1 /index.php?s=/w16/WeiSite/Wap/index.html
NOTIC: [8] Undefined property: stdClass::$ticket D:\weixin web\weiphp\ThinkPHP\Library\Vendor\jssdk\jssdk.php 第 49 行.
NOTIC: [8] Undefined offset: 0 D:\weixin web\weiphp\Addons\WeiSite\Controller\WapController.class.php 第 20 行.
NOTIC: [8] Undefined variable: one_arr D:\weixin web\weiphp\Addons\WeiSite\Controller\WapController.class.php 第 253 行.
NOTIC: [2] Invalid argument supplied for foreach() D:\weixin web\weiphp\Addons\WeiSite\Controller\WapController.class.php 第 253 行.
NOTIC: [8] Undefined variable: one_arr D:\weixin web\weiphp\Addons\WeiSite\Controller\WapController.class.php 第 265 行.

[ 2018-11-12T14:42:26+08:00 ] 127.0.0.1 /index.php?s=/w16/WeiSite/Wap/index.html
NOTIC: [8] Undefined property: stdClass::$ticket D:\weixin web\weiphp\ThinkPHP\Library\Vendor\jssdk\jssdk.php 第 49 行.
NOTIC: [8] Undefined offset: 0 D:\weixin web\weiphp\Addons\WeiSite\Controller\WapController.class.php 第 20 行.
NOTIC: [8] Undefined variable: one_arr D:\weixin web\weiphp\Addons\WeiSite\Controller\WapController.class.php 第 253 行.
NOTIC: [2] Invalid argument supplied for foreach() D:\weixin web\weiphp\Addons\WeiSite\Controller\WapController.class.php 第 253 行.
NOTIC: [8] Undefined variable: one_arr D:\weixin web\weiphp\Addons\WeiSite\Controller\WapController.class.php 第 265 行.

[ 2018-11-12T14:42:58+08:00 ] 127.0.0.1 /index.php?s=/w16/WeiSite/Wap/index.html
NOTIC: [8] Undefined property: stdClass::$ticket D:\weixin web\weiphp\ThinkPHP\Library\Vendor\jssdk\jssdk.php 第 49 行.
NOTIC: [8] Undefined offset: 0 D:\weixin web\weiphp\Addons\WeiSite\Controller\WapController.class.php 第 20 行.
NOTIC: [8] Undefined variable: one_arr D:\weixin web\weiphp\Addons\WeiSite\Controller\WapController.class.php 第 253 行.
NOTIC: [2] Invalid argument supplied for foreach() D:\weixin web\weiphp\Addons\WeiSite\Controller\WapController.class.php 第 253 行.
NOTIC: [8] Undefined variable: one_arr D:\weixin web\weiphp\Addons\WeiSite\Controller\WapController.class.php 第 265 行.

[ 2018-11-12T14:42:59+08:00 ] 127.0.0.1 /index.php?s=/w16/WeiSite/Wap/index.html
NOTIC: [8] Undefined property: stdClass::$ticket D:\weixin web\weiphp\ThinkPHP\Library\Vendor\jssdk\jssdk.php 第 49 行.
NOTIC: [8] Undefined offset: 0 D:\weixin web\weiphp\Addons\WeiSite\Controller\WapController.class.php 第 20 行.
NOTIC: [8] Undefined variable: one_arr D:\weixin web\weiphp\Addons\WeiSite\Controller\WapController.class.php 第 253 行.
NOTIC: [2] Invalid argument supplied for foreach() D:\weixin web\weiphp\Addons\WeiSite\Controller\WapController.class.php 第 253 行.
NOTIC: [8] Undefined variable: one_arr D:\weixin web\weiphp\Addons\WeiSite\Controller\WapController.class.php 第 265 行.

[ 2018-11-12T14:43:16+08:00 ] 127.0.0.1 /index.php?s=/w16/WeiSite/Wap/index.html
NOTIC: [8] Undefined property: stdClass::$ticket D:\weixin web\weiphp\ThinkPHP\Library\Vendor\jssdk\jssdk.php 第 49 行.
NOTIC: [8] Undefined offset: 0 D:\weixin web\weiphp\Addons\WeiSite\Controller\WapController.class.php 第 20 行.
NOTIC: [8] Undefined variable: one_arr D:\weixin web\weiphp\Addons\WeiSite\Controller\WapController.class.php 第 253 行.
NOTIC: [2] Invalid argument supplied for foreach() D:\weixin web\weiphp\Addons\WeiSite\Controller\WapController.class.php 第 253 行.
NOTIC: [8] Undefined variable: one_arr D:\weixin web\weiphp\Addons\WeiSite\Controller\WapController.class.php 第 265 行.

[ 2018-11-12T14:43:17+08:00 ] 127.0.0.1 /index.php?s=/w16/WeiSite/Wap/index.html
NOTIC: [8] Undefined property: stdClass::$ticket D:\weixin web\weiphp\ThinkPHP\Library\Vendor\jssdk\jssdk.php 第 49 行.
NOTIC: [8] Undefined offset: 0 D:\weixin web\weiphp\Addons\WeiSite\Controller\WapController.class.php 第 20 行.
NOTIC: [8] Undefined variable: one_arr D:\weixin web\weiphp\Addons\WeiSite\Controller\WapController.class.php 第 253 行.
NOTIC: [2] Invalid argument supplied for foreach() D:\weixin web\weiphp\Addons\WeiSite\Controller\WapController.class.php 第 253 行.
NOTIC: [8] Undefined variable: one_arr D:\weixin web\weiphp\Addons\WeiSite\Controller\WapController.class.php 第 265 行.

[ 2018-11-12T14:43:24+08:00 ] 127.0.0.1 /index.php?s=/w16/WeiSite/Wap/index.html
NOTIC: [8] Undefined property: stdClass::$ticket D:\weixin web\weiphp\ThinkPHP\Library\Vendor\jssdk\jssdk.php 第 49 行.
NOTIC: [8] Undefined offset: 0 D:\weixin web\weiphp\Addons\WeiSite\Controller\WapController.class.php 第 20 行.
NOTIC: [8] Undefined variable: one_arr D:\weixin web\weiphp\Addons\WeiSite\Controller\WapController.class.php 第 253 行.
NOTIC: [2] Invalid argument supplied for foreach() D:\weixin web\weiphp\Addons\WeiSite\Controller\WapController.class.php 第 253 行.
NOTIC: [8] Undefined variable: one_arr D:\weixin web\weiphp\Addons\WeiSite\Controller\WapController.class.php 第 265 行.

[ 2018-11-12T14:43:25+08:00 ] 127.0.0.1 /index.php?s=/w16/WeiSite/Wap/index.html
NOTIC: [8] Undefined property: stdClass::$ticket D:\weixin web\weiphp\ThinkPHP\Library\Vendor\jssdk\jssdk.php 第 49 行.
NOTIC: [8] Undefined offset: 0 D:\weixin web\weiphp\Addons\WeiSite\Controller\WapController.class.php 第 20 行.
NOTIC: [8] Undefined variable: one_arr D:\weixin web\weiphp\Addons\WeiSite\Controller\WapController.class.php 第 253 行.
NOTIC: [2] Invalid argument supplied for foreach() D:\weixin web\weiphp\Addons\WeiSite\Controller\WapController.class.php 第 253 行.
NOTIC: [8] Undefined variable: one_arr D:\weixin web\weiphp\Addons\WeiSite\Controller\WapController.class.php 第 265 行.

