[ 2018-11-13T15:33:30+08:00 ] 127.0.0.1 /index.php?s=/w0/Home/User/login/from/1.html
NOTIC: [8] Undefined index: qr_code D:\weixin web\weiphp\Application\Home\Controller\UserController.class.php 第 258 行.

[ 2018-11-13T15:33:42+08:00 ] 127.0.0.1 /index.php?s=/w0/Home/User/login/from/1.html
NOTIC: [8] Undefined index: status D:\weixin web\weiphp\Application\Common\Common\function.php 第 736 行.

[ 2018-11-13T15:37:15+08:00 ] 127.0.0.1 /index.php?s=/w16/Home/Index/main.html
NOTIC: [8] Undefined index: WeixinArticle D:\weixin web\weiphp\Application\Home\Controller\IndexController.class.php 第 150 行.
NOTIC: [8] Undefined index: WeixinCategory D:\weixin web\weiphp\Application\Home\Controller\IndexController.class.php 第 150 行.
NOTIC: [8] Undefined index: WeiPicture D:\weixin web\weiphp\Application\Home\Controller\IndexController.class.php 第 150 行.
NOTIC: [8] Undefined index: WeiUserCenter D:\weixin web\weiphp\Application\Home\Controller\IndexController.class.php 第 150 行.
NOTIC: [8] Undefined index: Feedback D:\weixin web\weiphp\Application\Home\Controller\IndexController.class.php 第 150 行.
NOTIC: [8] Undefined index: Cms D:\weixin web\weiphp\Application\Home\Controller\IndexController.class.php 第 150 行.
NOTIC: [8] Undefined index: PublicBind D:\weixin web\weiphp\Application\Home\Controller\IndexController.class.php 第 150 行.
NOTIC: [8] Undefined index: QrAdmin D:\weixin web\weiphp\Application\Home\Controller\IndexController.class.php 第 150 行.
NOTIC: [8] Undefined index: Weiba D:\weixin web\weiphp\Application\Home\Controller\IndexController.class.php 第 150 行.
NOTIC: [8] Undefined index: Draw D:\weixin web\weiphp\Application\Home\Controller\IndexController.class.php 第 150 行.
NOTIC: [8] Undefined index: Test D:\weixin web\weiphp\Application\Home\Controller\IndexController.class.php 第 150 行.
NOTIC: [8] Undefined index: Exam D:\weixin web\weiphp\Application\Home\Controller\IndexController.class.php 第 150 行.
NOTIC: [8] Undefined index: Sms D:\weixin web\weiphp\Application\Home\Controller\IndexController.class.php 第 150 行.
NOTIC: [8] Undefined index: Reserve D:\weixin web\weiphp\Application\Home\Controller\IndexController.class.php 第 150 行.
NOTIC: [8] Undefined index: SingIn D:\weixin web\weiphp\Application\Home\Controller\IndexController.class.php 第 150 行.
NOTIC: [8] Undefined index: Card D:\weixin web\weiphp\Application\Home\Controller\IndexController.class.php 第 150 行.
NOTIC: [8] Undefined index: Coupon D:\weixin web\weiphp\Application\Home\Controller\IndexController.class.php 第 150 行.
NOTIC: [8] Undefined index: Servicer D:\weixin web\weiphp\Application\Home\Controller\IndexController.class.php 第 150 行.
NOTIC: [8] Undefined index: NoAnswer D:\weixin web\weiphp\Application\Home\Controller\IndexController.class.php 第 150 行.
NOTIC: [8] Undefined index: Comment D:\weixin web\weiphp\Application\Home\Controller\IndexController.class.php 第 150 行.
NOTIC: [8] Undefined index: Vote D:\weixin web\weiphp\Application\Home\Controller\IndexController.class.php 第 150 行.
NOTIC: [8] Undefined index: Payment D:\weixin web\weiphp\Application\Home\Controller\IndexController.class.php 第 150 行.
NOTIC: [8] Undefined index: AutoReply D:\weixin web\weiphp\Application\Home\Controller\IndexController.class.php 第 150 行.
NOTIC: [8] Undefined index: BusinessCard D:\weixin web\weiphp\Application\Home\Controller\IndexController.class.php 第 150 行.
NOTIC: [8] Undefined index: DeveloperTool D:\weixin web\weiphp\Application\Home\Controller\IndexController.class.php 第 150 行.
NOTIC: [8] Undefined index: RealPrize D:\weixin web\weiphp\Application\Home\Controller\IndexController.class.php 第 150 行.
NOTIC: [8] Undefined index: WishCard D:\weixin web\weiphp\Application\Home\Controller\IndexController.class.php 第 150 行.
NOTIC: [8] Undefined index: Guess D:\weixin web\weiphp\Application\Home\Controller\IndexController.class.php 第 150 行.
NOTIC: [8] Undefined index: RedBag D:\weixin web\weiphp\Application\Home\Controller\IndexController.class.php 第 150 行.
NOTIC: [8] Undefined index: CardVouchers D:\weixin web\weiphp\Application\Home\Controller\IndexController.class.php 第 150 行.
NOTIC: [8] Undefined index: Forms D:\weixin web\weiphp\Application\Home\Controller\IndexController.class.php 第 150 行.
NOTIC: [8] Undefined index: Ask D:\weixin web\weiphp\Application\Home\Controller\IndexController.class.php 第 150 行.
NOTIC: [8] Undefined index: Invite D:\weixin web\weiphp\Application\Home\Controller\IndexController.class.php 第 150 行.
NOTIC: [8] Undefined index: CustomMenu D:\weixin web\weiphp\Application\Home\Controller\IndexController.class.php 第 150 行.
NOTIC: [8] Undefined index: Survey D:\weixin web\weiphp\Application\Home\Controller\IndexController.class.php 第 150 行.
NOTIC: [8] Undefined index: CustomReply D:\weixin web\weiphp\Application\Home\Controller\IndexController.class.php 第 150 行.
NOTIC: [8] Undefined index: Leaflets D:\weixin web\weiphp\Application\Home\Controller\IndexController.class.php 第 150 行.
NOTIC: [8] Undefined index: WeiSite D:\weixin web\weiphp\Application\Home\Controller\IndexController.class.php 第 150 行.
NOTIC: [8] Undefined index: UserCenter D:\weixin web\weiphp\Application\Home\Controller\IndexController.class.php 第 150 行.
NOTIC: [8] Undefined index: Wecome D:\weixin web\weiphp\Application\Home\Controller\IndexController.class.php 第 150 行.
NOTIC: [8] Undefined index: groups D:\weixin web\weiphp\Application\Home\Controller\IndexController.class.php 第 274 行.
NOTIC: [2] Invalid argument supplied for foreach() D:\weixin web\weiphp\Application\Home\Controller\IndexController.class.php 第 274 行.

[ 2018-11-13T16:54:32+08:00 ] 127.0.0.1 /index.php?s=/w0/Home/User/login/from/1.html
NOTIC: [8] Undefined index: qr_code D:\weixin web\weiphp\Application\Home\Controller\UserController.class.php 第 258 行.

[ 2018-11-13T18:09:12+08:00 ] 127.0.0.1 /index.php?s=/w16/Home/User/login.html
NOTIC: [8] Undefined index: qr_code D:\weixin web\weiphp\Application\Home\Controller\UserController.class.php 第 258 行.

[ 2018-11-13T18:09:18+08:00 ] 127.0.0.1 /index.php?s=/w16/Home/User/login.html
NOTIC: [8] Undefined index: status D:\weixin web\weiphp\Application\Common\Common\function.php 第 736 行.

[ 2018-11-13T18:10:08+08:00 ] 127.0.0.1 /index.php?s=/w0/Home/User/login/from/1.html
NOTIC: [8] Undefined index: qr_code D:\weixin web\weiphp\Application\Home\Controller\UserController.class.php 第 258 行.

