[ 2018-11-12T12:01:10+08:00 ] 127.0.0.1 /index.php?s=/w16/Home/Index/main.html
SQL: SELECT * FROM `wp_apps` WHERE `id` = 16 LIMIT 1   [ RunTime:0.0010s ]
SQL: SELECT * FROM `wp_addons` WHERE `status` = 1  [ RunTime:0.0010s ]
SQL: SELECT * FROM `wp_card_custom` WHERE `token` = 'gh_961dc11c078d'  [ RunTime:0.0010s ]
SQL: SELECT * FROM `wp_user` WHERE `uid` = 159 LIMIT 1   [ RunTime:0.0010s ]
SQL: SELECT `uid`,`has_public`,`headface_url`,`GammaAppId`,`GammaSecret`,`copy_right`,`tongji_code`,`website_logo` FROM `wp_manager` WHERE ( uid='159' ) LIMIT 1   [ RunTime:0.0000s ]
SQL: SHOW COLUMNS FROM `wp_auth_group_access` [ RunTime:0.0020s ]
SQL: SELECT a.group_id,g.title,g.type,g.icon FROM wp_auth_group_access a INNER JOIN wp_auth_group g on a.group_id=g.id  WHERE ( a.uid='159' and g.status='1' )  [ RunTime:0.0000s ]
SQL: SELECT `openid`,`token`,`uid`,`has_subscribe`,`syc_status`,`remark` FROM `wp_apps_follow` WHERE ( uid='159' )  [ RunTime:0.0010s ]
SQL: SELECT `tag_id` FROM `wp_user_tag_link` WHERE `uid` = 159  [ RunTime:0.0000s ]
SQL: SHOW COLUMNS FROM `wp_apps_link` [ RunTime:0.0020s ]
SQL: SELECT * FROM `wp_apps_link` WHERE `uid` = 159  [ RunTime:0.0000s ]
SQL: SHOW COLUMNS FROM `wp_apps_auth` [ RunTime:0.0030s ]
SQL: SELECT `name`,type_3 as val FROM `wp_apps_auth`  [ RunTime:0.0000s ]
SQL: SHOW COLUMNS FROM `wp_auth_group_access` [ RunTime:0.0020s ]
SQL: SELECT a.uid,a.group_id,g.title,g.rules FROM wp_auth_group_access a INNER JOIN wp_auth_group g on a.group_id=g.id  WHERE ( a.uid='159' and g.status='1' )  [ RunTime:0.0010s ]
SQL: SELECT `id`,`token` FROM `wp_apps`  [ RunTime:0.0000s ]
SQL: SELECT * FROM `wp_menu` WHERE `place` = 0 AND `is_hide` = 0 ORDER BY sort asc, id asc  [ RunTime:0.0010s ]
SQL: SELECT * FROM `wp_addons` WHERE `is_show` = 1 AND `status` = 1 ORDER BY id DESC  [ RunTime:0.0010s ]
SQL: SELECT `addon_status` FROM `wp_apps_link` WHERE `uid` = 159 AND `mp_id` = 16 LIMIT 1   [ RunTime:0.0000s ]
SQL: SHOW COLUMNS FROM `wp_auth_group` [ RunTime:0.0050s ]
SQL: SELECT `wechat_group_id`,`id` FROM `wp_auth_group` WHERE `token` = 'gh_961dc11c078d' AND `manager_id` = 159 AND `type` = 1  [ RunTime:0.0010s ]
SQL: SHOW COLUMNS FROM `wp_apps_follow` [ RunTime:0.0040s ]
SQL: SELECT COUNT(*) AS tp_count FROM wp_apps_follow as f WHERE f.token = 'gh_961dc11c078d' AND f.has_subscribe = 1 LIMIT 1   [ RunTime:0.0010s ]
SQL: SHOW COLUMNS FROM `wp_apps_follow` [ RunTime:0.0050s ]
SQL: SELECT COUNT(*) AS tp_count FROM wp_apps_follow as f INNER JOIN wp_user as u ON f.uid=u.uid  WHERE f.token = 'gh_961dc11c078d' AND f.has_subscribe = 1 AND u.reg_time > 1541952000 LIMIT 1   [ RunTime:0.0000s ]
SQL: SHOW COLUMNS FROM `wp_apps_follow` [ RunTime:0.0050s ]
SQL: SELECT COUNT(*) AS tp_count FROM wp_apps_follow as f INNER JOIN wp_user as u ON f.uid=u.uid  WHERE f.token = 'gh_961dc11c078d' AND f.has_subscribe = 1 AND u.reg_time > 1541865600 LIMIT 1   [ RunTime:0.0000s ]

[ 2018-11-12T13:03:41+08:00 ] 127.0.0.1 /index.php?s=/w16/home/index/main.html&mdm=14
SQL: SELECT * FROM `wp_card_custom` WHERE `token` = 'gh_961dc11c078d'  [ RunTime:0.0000s ]
SQL: SELECT * FROM `wp_apps_link` WHERE `uid` = 159  [ RunTime:0.0010s ]
SQL: SHOW COLUMNS FROM `wp_auth_group_access` [ RunTime:0.0040s ]
SQL: SELECT a.uid,a.group_id,g.title,g.rules FROM wp_auth_group_access a INNER JOIN wp_auth_group g on a.group_id=g.id  WHERE ( a.uid='159' and g.status='1' )  [ RunTime:0.0010s ]
SQL: SELECT * FROM `wp_menu` WHERE `place` = 0 AND `is_hide` = 0 ORDER BY sort asc, id asc  [ RunTime:0.0010s ]
SQL: SELECT * FROM `wp_addons` WHERE `is_show` = 1 AND `status` = 1 ORDER BY id DESC  [ RunTime:0.0010s ]
SQL: SELECT `addon_status` FROM `wp_apps_link` WHERE `uid` = 159 AND `mp_id` = 16 LIMIT 1   [ RunTime:0.0000s ]
SQL: SELECT `wechat_group_id`,`id` FROM `wp_auth_group` WHERE `token` = 'gh_961dc11c078d' AND `manager_id` = 159 AND `type` = 1  [ RunTime:0.0000s ]
SQL: SHOW COLUMNS FROM `wp_apps_follow` [ RunTime:0.0040s ]
SQL: SELECT COUNT(*) AS tp_count FROM wp_apps_follow as f WHERE f.token = 'gh_961dc11c078d' AND f.has_subscribe = 1 LIMIT 1   [ RunTime:0.0010s ]
SQL: SHOW COLUMNS FROM `wp_apps_follow` [ RunTime:0.0040s ]
SQL: SELECT COUNT(*) AS tp_count FROM wp_apps_follow as f INNER JOIN wp_user as u ON f.uid=u.uid  WHERE f.token = 'gh_961dc11c078d' AND f.has_subscribe = 1 AND u.reg_time > 1541952000 LIMIT 1   [ RunTime:0.0010s ]
SQL: SHOW COLUMNS FROM `wp_apps_follow` [ RunTime:0.0030s ]
SQL: SELECT COUNT(*) AS tp_count FROM wp_apps_follow as f INNER JOIN wp_user as u ON f.uid=u.uid  WHERE f.token = 'gh_961dc11c078d' AND f.has_subscribe = 1 AND u.reg_time > 1541865600 LIMIT 1   [ RunTime:0.0000s ]

[ 2018-11-12T13:31:25+08:00 ] 127.0.0.1 /index.php?s=/w16/home/index/main.html&mdm=14
SQL: SELECT * FROM `wp_card_custom` WHERE `token` = 'gh_961dc11c078d'  [ RunTime:0.0000s ]
SQL: SELECT * FROM `wp_apps_link` WHERE `uid` = 159  [ RunTime:0.0000s ]
SQL: SHOW COLUMNS FROM `wp_auth_group_access` [ RunTime:0.0020s ]
SQL: SELECT a.uid,a.group_id,g.title,g.rules FROM wp_auth_group_access a INNER JOIN wp_auth_group g on a.group_id=g.id  WHERE ( a.uid='159' and g.status='1' )  [ RunTime:0.0000s ]
SQL: SELECT * FROM `wp_menu` WHERE `place` = 0 AND `is_hide` = 0 ORDER BY sort asc, id asc  [ RunTime:0.0010s ]
SQL: SELECT * FROM `wp_addons` WHERE `is_show` = 1 AND `status` = 1 ORDER BY id DESC  [ RunTime:0.0000s ]
SQL: SELECT `addon_status` FROM `wp_apps_link` WHERE `uid` = 159 AND `mp_id` = 16 LIMIT 1   [ RunTime:0.0000s ]
SQL: SELECT `wechat_group_id`,`id` FROM `wp_auth_group` WHERE `token` = 'gh_961dc11c078d' AND `manager_id` = 159 AND `type` = 1  [ RunTime:0.0000s ]
SQL: SHOW COLUMNS FROM `wp_apps_follow` [ RunTime:0.0020s ]
SQL: SELECT COUNT(*) AS tp_count FROM wp_apps_follow as f WHERE f.token = 'gh_961dc11c078d' AND f.has_subscribe = 1 LIMIT 1   [ RunTime:0.0000s ]
SQL: SHOW COLUMNS FROM `wp_apps_follow` [ RunTime:0.0010s ]
SQL: SELECT COUNT(*) AS tp_count FROM wp_apps_follow as f INNER JOIN wp_user as u ON f.uid=u.uid  WHERE f.token = 'gh_961dc11c078d' AND f.has_subscribe = 1 AND u.reg_time > 1541952000 LIMIT 1   [ RunTime:0.0000s ]
SQL: SHOW COLUMNS FROM `wp_apps_follow` [ RunTime:0.0010s ]
SQL: SELECT COUNT(*) AS tp_count FROM wp_apps_follow as f INNER JOIN wp_user as u ON f.uid=u.uid  WHERE f.token = 'gh_961dc11c078d' AND f.has_subscribe = 1 AND u.reg_time > 1541865600 LIMIT 1   [ RunTime:0.0010s ]

[ 2018-11-12T13:33:11+08:00 ] 127.0.0.1 /index.php?s=/w16/home/index/main.html&mdm=14
SQL: SELECT * FROM `wp_card_custom` WHERE `token` = 'gh_961dc11c078d'  [ RunTime:0.0000s ]
SQL: SELECT * FROM `wp_apps_link` WHERE `uid` = 159  [ RunTime:0.0000s ]
SQL: SHOW COLUMNS FROM `wp_auth_group_access` [ RunTime:0.0020s ]
SQL: SELECT a.uid,a.group_id,g.title,g.rules FROM wp_auth_group_access a INNER JOIN wp_auth_group g on a.group_id=g.id  WHERE ( a.uid='159' and g.status='1' )  [ RunTime:0.0000s ]
SQL: SELECT * FROM `wp_menu` WHERE `place` = 0 AND `is_hide` = 0 ORDER BY sort asc, id asc  [ RunTime:0.0000s ]
SQL: SELECT * FROM `wp_addons` WHERE `is_show` = 1 AND `status` = 1 ORDER BY id DESC  [ RunTime:0.0080s ]
SQL: SELECT `addon_status` FROM `wp_apps_link` WHERE `uid` = 159 AND `mp_id` = 16 LIMIT 1   [ RunTime:0.0000s ]
SQL: SELECT `wechat_group_id`,`id` FROM `wp_auth_group` WHERE `token` = 'gh_961dc11c078d' AND `manager_id` = 159 AND `type` = 1  [ RunTime:0.0000s ]
SQL: SHOW COLUMNS FROM `wp_apps_follow` [ RunTime:0.0020s ]
SQL: SELECT COUNT(*) AS tp_count FROM wp_apps_follow as f WHERE f.token = 'gh_961dc11c078d' AND f.has_subscribe = 1 LIMIT 1   [ RunTime:0.0000s ]
SQL: SHOW COLUMNS FROM `wp_apps_follow` [ RunTime:0.0020s ]
SQL: SELECT COUNT(*) AS tp_count FROM wp_apps_follow as f INNER JOIN wp_user as u ON f.uid=u.uid  WHERE f.token = 'gh_961dc11c078d' AND f.has_subscribe = 1 AND u.reg_time > 1541952000 LIMIT 1   [ RunTime:0.0000s ]
SQL: SHOW COLUMNS FROM `wp_apps_follow` [ RunTime:0.0010s ]
SQL: SELECT COUNT(*) AS tp_count FROM wp_apps_follow as f INNER JOIN wp_user as u ON f.uid=u.uid  WHERE f.token = 'gh_961dc11c078d' AND f.has_subscribe = 1 AND u.reg_time > 1541865600 LIMIT 1   [ RunTime:0.0000s ]

[ 2018-11-12T13:34:37+08:00 ] 127.0.0.1 /index.php?s=/w16/home/index/main.html&mdm=14
SQL: SELECT * FROM `wp_card_custom` WHERE `token` = 'gh_961dc11c078d'  [ RunTime:0.0000s ]
SQL: SELECT * FROM `wp_apps_link` WHERE `uid` = 159  [ RunTime:0.0000s ]
SQL: SHOW COLUMNS FROM `wp_auth_group_access` [ RunTime:0.0010s ]
SQL: SELECT a.uid,a.group_id,g.title,g.rules FROM wp_auth_group_access a INNER JOIN wp_auth_group g on a.group_id=g.id  WHERE ( a.uid='159' and g.status='1' )  [ RunTime:0.0000s ]
SQL: SELECT * FROM `wp_menu` WHERE `place` = 0 AND `is_hide` = 0 ORDER BY sort asc, id asc  [ RunTime:0.0000s ]
SQL: SELECT * FROM `wp_addons` WHERE `is_show` = 1 AND `status` = 1 ORDER BY id DESC  [ RunTime:0.0010s ]
SQL: SELECT `addon_status` FROM `wp_apps_link` WHERE `uid` = 159 AND `mp_id` = 16 LIMIT 1   [ RunTime:0.0000s ]
SQL: SELECT `wechat_group_id`,`id` FROM `wp_auth_group` WHERE `token` = 'gh_961dc11c078d' AND `manager_id` = 159 AND `type` = 1  [ RunTime:0.0000s ]
SQL: SHOW COLUMNS FROM `wp_apps_follow` [ RunTime:0.0020s ]
SQL: SELECT COUNT(*) AS tp_count FROM wp_apps_follow as f WHERE f.token = 'gh_961dc11c078d' AND f.has_subscribe = 1 LIMIT 1   [ RunTime:0.0010s ]
SQL: SHOW COLUMNS FROM `wp_apps_follow` [ RunTime:0.0010s ]
SQL: SELECT COUNT(*) AS tp_count FROM wp_apps_follow as f INNER JOIN wp_user as u ON f.uid=u.uid  WHERE f.token = 'gh_961dc11c078d' AND f.has_subscribe = 1 AND u.reg_time > 1541952000 LIMIT 1   [ RunTime:0.0000s ]
SQL: SHOW COLUMNS FROM `wp_apps_follow` [ RunTime:0.0020s ]
SQL: SELECT COUNT(*) AS tp_count FROM wp_apps_follow as f INNER JOIN wp_user as u ON f.uid=u.uid  WHERE f.token = 'gh_961dc11c078d' AND f.has_subscribe = 1 AND u.reg_time > 1541865600 LIMIT 1   [ RunTime:0.0000s ]

