[ 2018-11-13T15:37:17+08:00 ] 127.0.0.1 /index.php?s=/w16/WeixinArticle/WeixinArticle/lists.html
SQL: SELECT * FROM `wp_card_custom` WHERE `token` = 'gh_961dc11c078d'  [ RunTime:0.0000s ]
SQL: SELECT * FROM `wp_apps_link` WHERE `uid` = 159  [ RunTime:0.0000s ]
SQL: SHOW COLUMNS FROM `wp_auth_group_access` [ RunTime:0.0030s ]
SQL: SELECT a.uid,a.group_id,g.title,g.rules FROM wp_auth_group_access a INNER JOIN wp_auth_group g on a.group_id=g.id  WHERE ( a.uid='159' and g.status='1' )  [ RunTime:0.0010s ]
SQL: SELECT * FROM `wp_menu` WHERE `place` = 0 AND `is_hide` = 0 ORDER BY sort asc, id asc  [ RunTime:0.0010s ]
SQL: SELECT * FROM `wp_model` WHERE `name` = 'weixin_article' LIMIT 1   [ RunTime:0.0160s ]
SQL: SELECT `article_title`,`create_user`,`create_time`,`id` FROM `wp_weixin_article` ORDER BY id desc LIMIT 0,10   [ RunTime:0.0010s ]
SQL: SELECT COUNT(*) AS tp_count FROM `wp_weixin_article` LIMIT 1   [ RunTime:0.0000s ]

[ 2018-11-13T15:37:19+08:00 ] 127.0.0.1 /index.php?s=/w16/WeixinArticle/WeixinArticle/preview/id/[%27id%27].html
SQL: SELECT * FROM `wp_card_custom` WHERE `token` = 'gh_961dc11c078d'  [ RunTime:0.0010s ]
SQL: SELECT * FROM `wp_apps_link` WHERE `uid` = 159  [ RunTime:0.0000s ]
SQL: SHOW COLUMNS FROM `wp_auth_group_access` [ RunTime:0.0110s ]
SQL: SELECT a.uid,a.group_id,g.title,g.rules FROM wp_auth_group_access a INNER JOIN wp_auth_group g on a.group_id=g.id  WHERE ( a.uid='159' and g.status='1' )  [ RunTime:0.0000s ]
SQL: SELECT * FROM `wp_menu` WHERE `place` = 0 AND `is_hide` = 0 ORDER BY sort asc, id asc  [ RunTime:0.0010s ]

[ 2018-11-13T16:03:02+08:00 ] 127.0.0.1 /index.php?s=/w16/WeixinArticle/WeixinArticle/preview/id/[%27id%27].html
SQL: SELECT * FROM `wp_card_custom` WHERE `token` = 'gh_961dc11c078d'  [ RunTime:0.0080s ]
SQL: SELECT * FROM `wp_apps_link` WHERE `uid` = 159  [ RunTime:0.0010s ]
SQL: SHOW COLUMNS FROM `wp_auth_group_access` [ RunTime:0.0040s ]
SQL: SELECT a.uid,a.group_id,g.title,g.rules FROM wp_auth_group_access a INNER JOIN wp_auth_group g on a.group_id=g.id  WHERE ( a.uid='159' and g.status='1' )  [ RunTime:0.0010s ]
SQL: SELECT * FROM `wp_menu` WHERE `place` = 0 AND `is_hide` = 0 ORDER BY sort asc, id asc  [ RunTime:0.0020s ]

[ 2018-11-13T16:04:01+08:00 ] 127.0.0.1 /index.php?s=/w16/WeixinArticle/WeixinArticle/preview/id/[%27id%27].html
SQL: SELECT * FROM `wp_card_custom` WHERE `token` = 'gh_961dc11c078d'  [ RunTime:0.0060s ]
SQL: SELECT * FROM `wp_apps_link` WHERE `uid` = 159  [ RunTime:0.0010s ]
SQL: SHOW COLUMNS FROM `wp_auth_group_access` [ RunTime:0.0140s ]
SQL: SELECT a.uid,a.group_id,g.title,g.rules FROM wp_auth_group_access a INNER JOIN wp_auth_group g on a.group_id=g.id  WHERE ( a.uid='159' and g.status='1' )  [ RunTime:0.0010s ]
SQL: SELECT * FROM `wp_menu` WHERE `place` = 0 AND `is_hide` = 0 ORDER BY sort asc, id asc  [ RunTime:0.0010s ]

[ 2018-11-13T16:04:03+08:00 ] 127.0.0.1 /index.php?s=/w16/WeixinArticle/Wap/detail/id/16.html
SQL: SELECT * FROM `wp_card_custom` WHERE `token` = 'gh_961dc11c078d'  [ RunTime:0.0000s ]
SQL: SELECT `token` FROM `wp_apps` WHERE `appid` = 'wx3242f2f336f9b44a' LIMIT 1   [ RunTime:0.0000s ]
SQL: SHOW COLUMNS FROM `wp_auth_group_access` [ RunTime:0.0160s ]
SQL: SELECT a.uid,a.group_id,g.title,g.rules FROM wp_auth_group_access a INNER JOIN wp_auth_group g on a.group_id=g.id  WHERE ( a.uid='159' and g.status='1' )  [ RunTime:0.0000s ]
SQL: SELECT * FROM `wp_weixin_article` WHERE `id` = 16 LIMIT 1   [ RunTime:0.0010s ]

[ 2018-11-13T16:04:32+08:00 ] 127.0.0.1 /index.php?s=/w16/WeixinArticle/WeixinArticle/preview/id/[%27id%27].html
SQL: SELECT * FROM `wp_card_custom` WHERE `token` = 'gh_961dc11c078d'  [ RunTime:0.0010s ]
SQL: SELECT * FROM `wp_apps_link` WHERE `uid` = 159  [ RunTime:0.0000s ]
SQL: SHOW COLUMNS FROM `wp_auth_group_access` [ RunTime:0.0030s ]
SQL: SELECT a.uid,a.group_id,g.title,g.rules FROM wp_auth_group_access a INNER JOIN wp_auth_group g on a.group_id=g.id  WHERE ( a.uid='159' and g.status='1' )  [ RunTime:0.0010s ]
SQL: SELECT * FROM `wp_menu` WHERE `place` = 0 AND `is_hide` = 0 ORDER BY sort asc, id asc  [ RunTime:0.0020s ]

[ 2018-11-13T16:04:32+08:00 ] 127.0.0.1 /index.php?s=/w16/WeixinArticle/Wap/detail/id/16.html
SQL: SELECT * FROM `wp_card_custom` WHERE `token` = 'gh_961dc11c078d'  [ RunTime:0.0000s ]
SQL: SELECT `token` FROM `wp_apps` WHERE `appid` = 'wx3242f2f336f9b44a' LIMIT 1   [ RunTime:0.0000s ]
SQL: SHOW COLUMNS FROM `wp_auth_group_access` [ RunTime:0.0010s ]
SQL: SELECT a.uid,a.group_id,g.title,g.rules FROM wp_auth_group_access a INNER JOIN wp_auth_group g on a.group_id=g.id  WHERE ( a.uid='159' and g.status='1' )  [ RunTime:0.0010s ]
SQL: SELECT * FROM `wp_weixin_article` WHERE `id` = 16 LIMIT 1   [ RunTime:0.0000s ]

[ 2018-11-13T16:04:48+08:00 ] 127.0.0.1 /index.php?s=/w16/WeixinArticle/WeixinArticle/preview/id/[%27id%27].html
SQL: SELECT * FROM `wp_card_custom` WHERE `token` = 'gh_961dc11c078d'  [ RunTime:0.0010s ]
SQL: SELECT * FROM `wp_apps_link` WHERE `uid` = 159  [ RunTime:0.0000s ]
SQL: SHOW COLUMNS FROM `wp_auth_group_access` [ RunTime:0.0020s ]
SQL: SELECT a.uid,a.group_id,g.title,g.rules FROM wp_auth_group_access a INNER JOIN wp_auth_group g on a.group_id=g.id  WHERE ( a.uid='159' and g.status='1' )  [ RunTime:0.0010s ]
SQL: SELECT * FROM `wp_menu` WHERE `place` = 0 AND `is_hide` = 0 ORDER BY sort asc, id asc  [ RunTime:0.0010s ]

[ 2018-11-13T16:04:48+08:00 ] 127.0.0.1 /index.php?s=/w16/WeixinArticle/Wap/detail/id/16.html
SQL: SELECT * FROM `wp_card_custom` WHERE `token` = 'gh_961dc11c078d'  [ RunTime:0.0000s ]
SQL: SELECT `token` FROM `wp_apps` WHERE `appid` = 'wx3242f2f336f9b44a' LIMIT 1   [ RunTime:0.0000s ]
SQL: SHOW COLUMNS FROM `wp_auth_group_access` [ RunTime:0.0020s ]
SQL: SELECT a.uid,a.group_id,g.title,g.rules FROM wp_auth_group_access a INNER JOIN wp_auth_group g on a.group_id=g.id  WHERE ( a.uid='159' and g.status='1' )  [ RunTime:0.0000s ]
SQL: SELECT * FROM `wp_weixin_article` WHERE `id` = 16 LIMIT 1   [ RunTime:0.0010s ]

[ 2018-11-13T16:05:31+08:00 ] 127.0.0.1 /index.php?s=/w16/WeixinArticle/WeixinArticle/preview/id/[%27id%27].html
SQL: SELECT * FROM `wp_card_custom` WHERE `token` = 'gh_961dc11c078d'  [ RunTime:0.0010s ]
SQL: SELECT * FROM `wp_apps_link` WHERE `uid` = 159  [ RunTime:0.0010s ]
SQL: SHOW COLUMNS FROM `wp_auth_group_access` [ RunTime:0.0020s ]
SQL: SELECT a.uid,a.group_id,g.title,g.rules FROM wp_auth_group_access a INNER JOIN wp_auth_group g on a.group_id=g.id  WHERE ( a.uid='159' and g.status='1' )  [ RunTime:0.0000s ]
SQL: SELECT * FROM `wp_menu` WHERE `place` = 0 AND `is_hide` = 0 ORDER BY sort asc, id asc  [ RunTime:0.0010s ]

[ 2018-11-13T16:05:31+08:00 ] 127.0.0.1 /index.php?s=/w16/WeixinArticle/Wap/detail/id/16.html
SQL: SELECT * FROM `wp_card_custom` WHERE `token` = 'gh_961dc11c078d'  [ RunTime:0.0000s ]
SQL: SELECT `token` FROM `wp_apps` WHERE `appid` = 'wx3242f2f336f9b44a' LIMIT 1   [ RunTime:0.0000s ]
SQL: SHOW COLUMNS FROM `wp_auth_group_access` [ RunTime:0.0030s ]
SQL: SELECT a.uid,a.group_id,g.title,g.rules FROM wp_auth_group_access a INNER JOIN wp_auth_group g on a.group_id=g.id  WHERE ( a.uid='159' and g.status='1' )  [ RunTime:0.0000s ]
SQL: SELECT * FROM `wp_weixin_article` WHERE `id` = 16 LIMIT 1   [ RunTime:0.0000s ]

[ 2018-11-13T16:08:10+08:00 ] 127.0.0.1 /index.php?s=/w16/WeixinArticle/WeixinArticle/lists.html&mdm=406|408
SQL: SELECT * FROM `wp_card_custom` WHERE `token` = 'gh_961dc11c078d'  [ RunTime:0.0010s ]
SQL: SELECT * FROM `wp_apps_link` WHERE `uid` = 159  [ RunTime:0.0000s ]
SQL: SHOW COLUMNS FROM `wp_auth_group_access` [ RunTime:0.0020s ]
SQL: SELECT a.uid,a.group_id,g.title,g.rules FROM wp_auth_group_access a INNER JOIN wp_auth_group g on a.group_id=g.id  WHERE ( a.uid='159' and g.status='1' )  [ RunTime:0.0000s ]
SQL: SELECT * FROM `wp_menu` WHERE `place` = 0 AND `is_hide` = 0 ORDER BY sort asc, id asc  [ RunTime:0.0010s ]
SQL: SELECT `article_title`,`create_user`,`create_time`,`id` FROM `wp_weixin_article` ORDER BY id desc LIMIT 0,10   [ RunTime:0.0010s ]
SQL: SELECT COUNT(*) AS tp_count FROM `wp_weixin_article` LIMIT 1   [ RunTime:0.0000s ]

[ 2018-11-13T16:10:29+08:00 ] 127.0.0.1 /index.php?s=/w16/WeixinArticle/WeixinArticle/lists.html&mdm=406|408
SQL: SELECT * FROM `wp_card_custom` WHERE `token` = 'gh_961dc11c078d'  [ RunTime:0.0000s ]
SQL: SELECT * FROM `wp_apps_link` WHERE `uid` = 159  [ RunTime:0.0010s ]
SQL: SHOW COLUMNS FROM `wp_auth_group_access` [ RunTime:0.0020s ]
SQL: SELECT a.uid,a.group_id,g.title,g.rules FROM wp_auth_group_access a INNER JOIN wp_auth_group g on a.group_id=g.id  WHERE ( a.uid='159' and g.status='1' )  [ RunTime:0.0010s ]
SQL: SELECT * FROM `wp_menu` WHERE `place` = 0 AND `is_hide` = 0 ORDER BY sort asc, id asc  [ RunTime:0.0010s ]
SQL: SELECT * FROM `wp_model` WHERE `name` = 'weixin_article' LIMIT 1   [ RunTime:0.0000s ]
SQL: SELECT `id`,`article_title`,`create_user`,`create_time` FROM `wp_weixin_article` ORDER BY id desc LIMIT 0,10   [ RunTime:0.0000s ]
SQL: SELECT COUNT(*) AS tp_count FROM `wp_weixin_article` LIMIT 1   [ RunTime:0.0000s ]

[ 2018-11-13T16:10:41+08:00 ] 127.0.0.1 /index.php?s=/w16/WeixinArticle/WeixinArticle/preview/id/[%27id%27]/mdm/406|408.html
SQL: SELECT * FROM `wp_card_custom` WHERE `token` = 'gh_961dc11c078d'  [ RunTime:0.0010s ]
SQL: SELECT * FROM `wp_apps_link` WHERE `uid` = 159  [ RunTime:0.0000s ]
SQL: SHOW COLUMNS FROM `wp_auth_group_access` [ RunTime:0.0020s ]
SQL: SELECT a.uid,a.group_id,g.title,g.rules FROM wp_auth_group_access a INNER JOIN wp_auth_group g on a.group_id=g.id  WHERE ( a.uid='159' and g.status='1' )  [ RunTime:0.0000s ]
SQL: SELECT * FROM `wp_menu` WHERE `place` = 0 AND `is_hide` = 0 ORDER BY sort asc, id asc  [ RunTime:0.0010s ]

[ 2018-11-13T16:10:42+08:00 ] 127.0.0.1 /index.php?s=/w16/WeixinArticle/Wap/detail/id/16.html
SQL: SELECT * FROM `wp_card_custom` WHERE `token` = 'gh_961dc11c078d'  [ RunTime:0.0000s ]
SQL: SELECT `token` FROM `wp_apps` WHERE `appid` = 'wx3242f2f336f9b44a' LIMIT 1   [ RunTime:0.0000s ]
SQL: SHOW COLUMNS FROM `wp_auth_group_access` [ RunTime:0.0040s ]
SQL: SELECT a.uid,a.group_id,g.title,g.rules FROM wp_auth_group_access a INNER JOIN wp_auth_group g on a.group_id=g.id  WHERE ( a.uid='159' and g.status='1' )  [ RunTime:0.0010s ]
SQL: SELECT * FROM `wp_weixin_article` WHERE `id` = 16 LIMIT 1   [ RunTime:0.0010s ]

[ 2018-11-13T16:17:13+08:00 ] 127.0.0.1 /index.php?s=/w16/WeixinArticle/WeixinArticle/edit/id/4/model/weixin_article.html
SQL: SELECT * FROM `wp_card_custom` WHERE `token` = 'gh_961dc11c078d'  [ RunTime:0.0010s ]
SQL: SELECT * FROM `wp_apps_link` WHERE `uid` = 159  [ RunTime:0.0010s ]
SQL: SHOW COLUMNS FROM `wp_auth_group_access` [ RunTime:0.0010s ]
SQL: SELECT a.uid,a.group_id,g.title,g.rules FROM wp_auth_group_access a INNER JOIN wp_auth_group g on a.group_id=g.id  WHERE ( a.uid='159' and g.status='1' )  [ RunTime:0.0000s ]
SQL: SELECT * FROM `wp_menu` WHERE `place` = 0 AND `is_hide` = 0 ORDER BY sort asc, id asc  [ RunTime:0.0010s ]
SQL: SELECT * FROM `wp_model` WHERE `id` = 1173 LIMIT 1   [ RunTime:0.0000s ]
SQL: SELECT * FROM `wp_weixin_article` WHERE `id` = 4 LIMIT 1   [ RunTime:0.0000s ]
SQL: SELECT * FROM `wp_model` WHERE `id` = 1173 LIMIT 1   [ RunTime:0.0000s ]
SQL: SELECT `id`,`category_name` FROM `wp_weixin_category` ORDER BY id asc  [ RunTime:0.0220s ]

[ 2018-11-13T16:17:19+08:00 ] 127.0.0.1 /index.php?s=/w16/WeixinArticle/WeixinArticle/edit/id/3/model/weixin_article.html
SQL: SELECT * FROM `wp_card_custom` WHERE `token` = 'gh_961dc11c078d'  [ RunTime:0.0000s ]
SQL: SELECT * FROM `wp_apps_link` WHERE `uid` = 159  [ RunTime:0.0010s ]
SQL: SHOW COLUMNS FROM `wp_auth_group_access` [ RunTime:0.0010s ]
SQL: SELECT a.uid,a.group_id,g.title,g.rules FROM wp_auth_group_access a INNER JOIN wp_auth_group g on a.group_id=g.id  WHERE ( a.uid='159' and g.status='1' )  [ RunTime:0.0000s ]
SQL: SELECT * FROM `wp_menu` WHERE `place` = 0 AND `is_hide` = 0 ORDER BY sort asc, id asc  [ RunTime:0.0010s ]
SQL: SELECT * FROM `wp_model` WHERE `id` = 1173 LIMIT 1   [ RunTime:0.0000s ]
SQL: SELECT * FROM `wp_weixin_article` WHERE `id` = 3 LIMIT 1   [ RunTime:0.0010s ]
SQL: SELECT * FROM `wp_model` WHERE `id` = 1173 LIMIT 1   [ RunTime:0.0000s ]
SQL: SELECT `id`,`category_name` FROM `wp_weixin_category` ORDER BY id asc  [ RunTime:0.0000s ]

[ 2018-11-13T16:17:47+08:00 ] 127.0.0.1 /index.php?s=/w16/WeixinArticle/WeixinArticle/lists.html&mdm=406|408
SQL: SELECT * FROM `wp_card_custom` WHERE `token` = 'gh_961dc11c078d'  [ RunTime:0.0000s ]
SQL: SELECT * FROM `wp_apps_link` WHERE `uid` = 159  [ RunTime:0.0010s ]
SQL: SHOW COLUMNS FROM `wp_auth_group_access` [ RunTime:0.0030s ]
SQL: SELECT a.uid,a.group_id,g.title,g.rules FROM wp_auth_group_access a INNER JOIN wp_auth_group g on a.group_id=g.id  WHERE ( a.uid='159' and g.status='1' )  [ RunTime:0.0010s ]
SQL: SELECT * FROM `wp_menu` WHERE `place` = 0 AND `is_hide` = 0 ORDER BY sort asc, id asc  [ RunTime:0.0020s ]
SQL: SELECT * FROM `wp_model` WHERE `name` = 'weixin_article' LIMIT 1   [ RunTime:0.0000s ]
SQL: SELECT `id`,`article_title`,`article_content`,`create_user`,`create_time`,`modify_user`,`modify_time`,`is_valid`,`type` FROM `wp_weixin_article` ORDER BY id desc LIMIT 0,10   [ RunTime:0.0000s ]
SQL: SELECT COUNT(*) AS tp_count FROM `wp_weixin_article` LIMIT 1   [ RunTime:0.0190s ]

[ 2018-11-13T16:18:44+08:00 ] 127.0.0.1 /index.php?s=/w16/WeixinArticle/WeixinArticle/lists.html&mdm=406|408
SQL: SELECT * FROM `wp_card_custom` WHERE `token` = 'gh_961dc11c078d'  [ RunTime:0.0000s ]
SQL: SELECT * FROM `wp_apps_link` WHERE `uid` = 159  [ RunTime:0.0000s ]
SQL: SHOW COLUMNS FROM `wp_auth_group_access` [ RunTime:0.0010s ]
SQL: SELECT a.uid,a.group_id,g.title,g.rules FROM wp_auth_group_access a INNER JOIN wp_auth_group g on a.group_id=g.id  WHERE ( a.uid='159' and g.status='1' )  [ RunTime:0.0000s ]
SQL: SELECT * FROM `wp_menu` WHERE `place` = 0 AND `is_hide` = 0 ORDER BY sort asc, id asc  [ RunTime:0.0000s ]
SQL: SELECT * FROM `wp_model` WHERE `name` = 'weixin_article' LIMIT 1   [ RunTime:0.0010s ]
SQL: SELECT `id`,`article_title`,`type`,`create_user`,`create_time` FROM `wp_weixin_article` ORDER BY id desc LIMIT 0,10   [ RunTime:0.0000s ]
SQL: SELECT COUNT(*) AS tp_count FROM `wp_weixin_article` LIMIT 1   [ RunTime:0.0000s ]

[ 2018-11-13T16:18:50+08:00 ] 127.0.0.1 /index.php?s=/w16/WeixinArticle/WeixinArticle/preview/id/2/mdm/406|408.html
SQL: SELECT * FROM `wp_card_custom` WHERE `token` = 'gh_961dc11c078d'  [ RunTime:0.0000s ]
SQL: SELECT * FROM `wp_apps_link` WHERE `uid` = 159  [ RunTime:0.0000s ]
SQL: SHOW COLUMNS FROM `wp_auth_group_access` [ RunTime:0.0020s ]
SQL: SELECT a.uid,a.group_id,g.title,g.rules FROM wp_auth_group_access a INNER JOIN wp_auth_group g on a.group_id=g.id  WHERE ( a.uid='159' and g.status='1' )  [ RunTime:0.0000s ]
SQL: SELECT * FROM `wp_menu` WHERE `place` = 0 AND `is_hide` = 0 ORDER BY sort asc, id asc  [ RunTime:0.0010s ]

[ 2018-11-13T16:18:51+08:00 ] 127.0.0.1 /index.php?s=/w16/WeixinArticle/Wap/detail/id/16.html
SQL: SELECT * FROM `wp_card_custom` WHERE `token` = 'gh_961dc11c078d'  [ RunTime:0.0000s ]
SQL: SELECT `token` FROM `wp_apps` WHERE `appid` = 'wx3242f2f336f9b44a' LIMIT 1   [ RunTime:0.0010s ]
SQL: SHOW COLUMNS FROM `wp_auth_group_access` [ RunTime:0.0040s ]
SQL: SELECT a.uid,a.group_id,g.title,g.rules FROM wp_auth_group_access a INNER JOIN wp_auth_group g on a.group_id=g.id  WHERE ( a.uid='159' and g.status='1' )  [ RunTime:0.0000s ]
SQL: SELECT * FROM `wp_weixin_article` WHERE `id` = 16 LIMIT 1   [ RunTime:0.0010s ]

[ 2018-11-13T16:20:19+08:00 ] 127.0.0.1 /index.php?s=/w16/WeixinArticle/WeixinArticle/lists.html&mdm=406|408
SQL: SELECT * FROM `wp_card_custom` WHERE `token` = 'gh_961dc11c078d'  [ RunTime:0.0000s ]
SQL: SELECT * FROM `wp_apps_link` WHERE `uid` = 159  [ RunTime:0.0000s ]
SQL: SHOW COLUMNS FROM `wp_auth_group_access` [ RunTime:0.0010s ]
SQL: SELECT a.uid,a.group_id,g.title,g.rules FROM wp_auth_group_access a INNER JOIN wp_auth_group g on a.group_id=g.id  WHERE ( a.uid='159' and g.status='1' )  [ RunTime:0.0000s ]
SQL: SELECT * FROM `wp_menu` WHERE `place` = 0 AND `is_hide` = 0 ORDER BY sort asc, id asc  [ RunTime:0.0000s ]
SQL: SELECT * FROM `wp_model` WHERE `name` = 'weixin_article' LIMIT 1   [ RunTime:0.0000s ]
SQL: SELECT `id`,`article_title`,`type`,`create_user`,`create_time` FROM `wp_weixin_article` ORDER BY id desc LIMIT 0,10   [ RunTime:0.0010s ]
SQL: SELECT COUNT(*) AS tp_count FROM `wp_weixin_article` LIMIT 1   [ RunTime:0.0000s ]

[ 2018-11-13T16:20:23+08:00 ] 127.0.0.1 /index.php?s=/w16/WeixinArticle/WeixinArticle/preview/id/4/mdm/406|408.html
SQL: SELECT * FROM `wp_card_custom` WHERE `token` = 'gh_961dc11c078d'  [ RunTime:0.0010s ]
SQL: SELECT * FROM `wp_apps_link` WHERE `uid` = 159  [ RunTime:0.0000s ]
SQL: SHOW COLUMNS FROM `wp_auth_group_access` [ RunTime:0.0020s ]
SQL: SELECT a.uid,a.group_id,g.title,g.rules FROM wp_auth_group_access a INNER JOIN wp_auth_group g on a.group_id=g.id  WHERE ( a.uid='159' and g.status='1' )  [ RunTime:0.0000s ]
SQL: SELECT * FROM `wp_menu` WHERE `place` = 0 AND `is_hide` = 0 ORDER BY sort asc, id asc  [ RunTime:0.0010s ]

[ 2018-11-13T16:20:23+08:00 ] 127.0.0.1 /index.php?s=/w16/WeixinArticle/Wap/detail/id/16.html
SQL: SELECT * FROM `wp_card_custom` WHERE `token` = 'gh_961dc11c078d'  [ RunTime:0.0080s ]
SQL: SELECT `token` FROM `wp_apps` WHERE `appid` = 'wx3242f2f336f9b44a' LIMIT 1   [ RunTime:0.0000s ]
SQL: SHOW COLUMNS FROM `wp_auth_group_access` [ RunTime:0.0040s ]
SQL: SELECT a.uid,a.group_id,g.title,g.rules FROM wp_auth_group_access a INNER JOIN wp_auth_group g on a.group_id=g.id  WHERE ( a.uid='159' and g.status='1' )  [ RunTime:0.0000s ]
SQL: SELECT * FROM `wp_weixin_article` WHERE `id` = 16 LIMIT 1   [ RunTime:0.0000s ]

[ 2018-11-13T16:21:07+08:00 ] 127.0.0.1 /index.php?s=/w16/WeixinArticle/WeixinArticle/preview/id/4/mdm/406|408.html
SQL: SELECT * FROM `wp_card_custom` WHERE `token` = 'gh_961dc11c078d'  [ RunTime:0.0000s ]
SQL: SELECT * FROM `wp_apps_link` WHERE `uid` = 159  [ RunTime:0.0000s ]
SQL: SHOW COLUMNS FROM `wp_auth_group_access` [ RunTime:0.0010s ]
SQL: SELECT a.uid,a.group_id,g.title,g.rules FROM wp_auth_group_access a INNER JOIN wp_auth_group g on a.group_id=g.id  WHERE ( a.uid='159' and g.status='1' )  [ RunTime:0.0010s ]
SQL: SELECT * FROM `wp_menu` WHERE `place` = 0 AND `is_hide` = 0 ORDER BY sort asc, id asc  [ RunTime:0.0010s ]

[ 2018-11-13T16:21:07+08:00 ] 127.0.0.1 /index.php?s=/w16/WeixinArticle/Wap/detail/id/16.html
SQL: SELECT * FROM `wp_card_custom` WHERE `token` = 'gh_961dc11c078d'  [ RunTime:0.0000s ]
SQL: SELECT `token` FROM `wp_apps` WHERE `appid` = 'wx3242f2f336f9b44a' LIMIT 1   [ RunTime:0.0000s ]
SQL: SHOW COLUMNS FROM `wp_auth_group_access` [ RunTime:0.0010s ]
SQL: SELECT a.uid,a.group_id,g.title,g.rules FROM wp_auth_group_access a INNER JOIN wp_auth_group g on a.group_id=g.id  WHERE ( a.uid='159' and g.status='1' )  [ RunTime:0.0000s ]
SQL: SELECT * FROM `wp_weixin_article` WHERE `id` = 16 LIMIT 1   [ RunTime:0.0000s ]

[ 2018-11-13T16:21:42+08:00 ] 127.0.0.1 /index.php?s=/w16/WeixinArticle/WeixinArticle/preview/id/4/mdm/406|408.html
SQL: SELECT * FROM `wp_card_custom` WHERE `token` = 'gh_961dc11c078d'  [ RunTime:0.0000s ]
SQL: SELECT * FROM `wp_apps_link` WHERE `uid` = 159  [ RunTime:0.0000s ]
SQL: SHOW COLUMNS FROM `wp_auth_group_access` [ RunTime:0.0020s ]
SQL: SELECT a.uid,a.group_id,g.title,g.rules FROM wp_auth_group_access a INNER JOIN wp_auth_group g on a.group_id=g.id  WHERE ( a.uid='159' and g.status='1' )  [ RunTime:0.0000s ]
SQL: SELECT * FROM `wp_menu` WHERE `place` = 0 AND `is_hide` = 0 ORDER BY sort asc, id asc  [ RunTime:0.0010s ]

[ 2018-11-13T16:21:43+08:00 ] 127.0.0.1 /index.php?s=/w16/WeixinArticle/Wap/detail/id/16.html
SQL: SELECT * FROM `wp_card_custom` WHERE `token` = 'gh_961dc11c078d'  [ RunTime:0.0000s ]
SQL: SELECT `token` FROM `wp_apps` WHERE `appid` = 'wx3242f2f336f9b44a' LIMIT 1   [ RunTime:0.0010s ]
SQL: SHOW COLUMNS FROM `wp_auth_group_access` [ RunTime:0.0040s ]
SQL: SELECT a.uid,a.group_id,g.title,g.rules FROM wp_auth_group_access a INNER JOIN wp_auth_group g on a.group_id=g.id  WHERE ( a.uid='159' and g.status='1' )  [ RunTime:0.0010s ]
SQL: SELECT * FROM `wp_weixin_article` WHERE `id` = 16 LIMIT 1   [ RunTime:0.0010s ]

[ 2018-11-13T16:22:05+08:00 ] 127.0.0.1 /index.php?s=/w16/WeixinArticle/WeixinArticle/preview/id/4/mdm/406|408.html
SQL: SELECT * FROM `wp_card_custom` WHERE `token` = 'gh_961dc11c078d'  [ RunTime:0.0000s ]
SQL: SELECT * FROM `wp_apps_link` WHERE `uid` = 159  [ RunTime:0.0000s ]
SQL: SHOW COLUMNS FROM `wp_auth_group_access` [ RunTime:0.0030s ]
SQL: SELECT a.uid,a.group_id,g.title,g.rules FROM wp_auth_group_access a INNER JOIN wp_auth_group g on a.group_id=g.id  WHERE ( a.uid='159' and g.status='1' )  [ RunTime:0.0000s ]
SQL: SELECT * FROM `wp_menu` WHERE `place` = 0 AND `is_hide` = 0 ORDER BY sort asc, id asc  [ RunTime:0.0010s ]

[ 2018-11-13T16:22:05+08:00 ] 127.0.0.1 /index.php?s=/w16/WeixinArticle/Wap/detail/id/16.html
SQL: SELECT * FROM `wp_card_custom` WHERE `token` = 'gh_961dc11c078d'  [ RunTime:0.0000s ]
SQL: SELECT `token` FROM `wp_apps` WHERE `appid` = 'wx3242f2f336f9b44a' LIMIT 1   [ RunTime:0.0000s ]
SQL: SHOW COLUMNS FROM `wp_auth_group_access` [ RunTime:0.0030s ]
SQL: SELECT a.uid,a.group_id,g.title,g.rules FROM wp_auth_group_access a INNER JOIN wp_auth_group g on a.group_id=g.id  WHERE ( a.uid='159' and g.status='1' )  [ RunTime:0.0000s ]

[ 2018-11-13T16:22:47+08:00 ] 127.0.0.1 /index.php?s=/w16/WeixinArticle/WeixinArticle/preview/id/4/mdm/406|408.html
SQL: SELECT * FROM `wp_card_custom` WHERE `token` = 'gh_961dc11c078d'  [ RunTime:0.0010s ]
SQL: SELECT * FROM `wp_apps_link` WHERE `uid` = 159  [ RunTime:0.0000s ]
SQL: SHOW COLUMNS FROM `wp_auth_group_access` [ RunTime:0.0040s ]
SQL: SELECT a.uid,a.group_id,g.title,g.rules FROM wp_auth_group_access a INNER JOIN wp_auth_group g on a.group_id=g.id  WHERE ( a.uid='159' and g.status='1' )  [ RunTime:0.0000s ]
SQL: SELECT * FROM `wp_menu` WHERE `place` = 0 AND `is_hide` = 0 ORDER BY sort asc, id asc  [ RunTime:0.0020s ]

[ 2018-11-13T16:23:13+08:00 ] 127.0.0.1 /index.php?s=/w16/WeixinArticle/WeixinArticle/preview/id/4/mdm/406|408.html
SQL: SELECT * FROM `wp_card_custom` WHERE `token` = 'gh_961dc11c078d'  [ RunTime:0.0070s ]
SQL: SELECT * FROM `wp_apps_link` WHERE `uid` = 159  [ RunTime:0.0000s ]
SQL: SHOW COLUMNS FROM `wp_auth_group_access` [ RunTime:0.0030s ]
SQL: SELECT a.uid,a.group_id,g.title,g.rules FROM wp_auth_group_access a INNER JOIN wp_auth_group g on a.group_id=g.id  WHERE ( a.uid='159' and g.status='1' )  [ RunTime:0.0010s ]
SQL: SELECT * FROM `wp_menu` WHERE `place` = 0 AND `is_hide` = 0 ORDER BY sort asc, id asc  [ RunTime:0.0010s ]

[ 2018-11-13T16:23:14+08:00 ] 127.0.0.1 /index.php?s=/w16/WeixinArticle/WeixinArticle/preview/id/4/mdm/406|408.html
SQL: SELECT * FROM `wp_card_custom` WHERE `token` = 'gh_961dc11c078d'  [ RunTime:0.0000s ]
SQL: SELECT * FROM `wp_apps_link` WHERE `uid` = 159  [ RunTime:0.0010s ]
SQL: SHOW COLUMNS FROM `wp_auth_group_access` [ RunTime:0.0020s ]
SQL: SELECT a.uid,a.group_id,g.title,g.rules FROM wp_auth_group_access a INNER JOIN wp_auth_group g on a.group_id=g.id  WHERE ( a.uid='159' and g.status='1' )  [ RunTime:0.0010s ]
SQL: SELECT * FROM `wp_menu` WHERE `place` = 0 AND `is_hide` = 0 ORDER BY sort asc, id asc  [ RunTime:0.0010s ]

[ 2018-11-13T16:23:14+08:00 ] 127.0.0.1 /index.php?s=/w16/WeixinArticle/WeixinArticle/preview/id/4/mdm/406|408.html
SQL: SELECT * FROM `wp_card_custom` WHERE `token` = 'gh_961dc11c078d'  [ RunTime:0.0000s ]
SQL: SELECT * FROM `wp_apps_link` WHERE `uid` = 159  [ RunTime:0.0000s ]
SQL: SHOW COLUMNS FROM `wp_auth_group_access` [ RunTime:0.0010s ]
SQL: SELECT a.uid,a.group_id,g.title,g.rules FROM wp_auth_group_access a INNER JOIN wp_auth_group g on a.group_id=g.id  WHERE ( a.uid='159' and g.status='1' )  [ RunTime:0.0010s ]
SQL: SELECT * FROM `wp_menu` WHERE `place` = 0 AND `is_hide` = 0 ORDER BY sort asc, id asc  [ RunTime:0.0000s ]

[ 2018-11-13T16:23:14+08:00 ] 127.0.0.1 /index.php?s=/w16/WeixinArticle/WeixinArticle/preview/id/4/mdm/406|408.html
SQL: SELECT * FROM `wp_card_custom` WHERE `token` = 'gh_961dc11c078d'  [ RunTime:0.0010s ]
SQL: SELECT * FROM `wp_apps_link` WHERE `uid` = 159  [ RunTime:0.0000s ]
SQL: SHOW COLUMNS FROM `wp_auth_group_access` [ RunTime:0.0020s ]
SQL: SELECT a.uid,a.group_id,g.title,g.rules FROM wp_auth_group_access a INNER JOIN wp_auth_group g on a.group_id=g.id  WHERE ( a.uid='159' and g.status='1' )  [ RunTime:0.0000s ]
SQL: SELECT * FROM `wp_menu` WHERE `place` = 0 AND `is_hide` = 0 ORDER BY sort asc, id asc  [ RunTime:0.0000s ]

[ 2018-11-13T16:23:14+08:00 ] 127.0.0.1 /index.php?s=/w16/WeixinArticle/WeixinArticle/preview/id/4/mdm/406|408.html
SQL: SELECT * FROM `wp_card_custom` WHERE `token` = 'gh_961dc11c078d'  [ RunTime:0.0010s ]
SQL: SELECT * FROM `wp_apps_link` WHERE `uid` = 159  [ RunTime:0.0000s ]
SQL: SHOW COLUMNS FROM `wp_auth_group_access` [ RunTime:0.0020s ]
SQL: SELECT a.uid,a.group_id,g.title,g.rules FROM wp_auth_group_access a INNER JOIN wp_auth_group g on a.group_id=g.id  WHERE ( a.uid='159' and g.status='1' )  [ RunTime:0.0000s ]
SQL: SELECT * FROM `wp_menu` WHERE `place` = 0 AND `is_hide` = 0 ORDER BY sort asc, id asc  [ RunTime:0.0000s ]

[ 2018-11-13T16:23:14+08:00 ] 127.0.0.1 /index.php?s=/w16/WeixinArticle/WeixinArticle/preview/id/4/mdm/406|408.html
SQL: SELECT * FROM `wp_card_custom` WHERE `token` = 'gh_961dc11c078d'  [ RunTime:0.0010s ]
SQL: SELECT * FROM `wp_apps_link` WHERE `uid` = 159  [ RunTime:0.0010s ]
SQL: SHOW COLUMNS FROM `wp_auth_group_access` [ RunTime:0.0020s ]
SQL: SELECT a.uid,a.group_id,g.title,g.rules FROM wp_auth_group_access a INNER JOIN wp_auth_group g on a.group_id=g.id  WHERE ( a.uid='159' and g.status='1' )  [ RunTime:0.0000s ]
SQL: SELECT * FROM `wp_menu` WHERE `place` = 0 AND `is_hide` = 0 ORDER BY sort asc, id asc  [ RunTime:0.0000s ]

[ 2018-11-13T16:23:27+08:00 ] 127.0.0.1 /index.php?s=/w16/WeixinArticle/WeixinArticle/preview/id/4/mdm/406|408.html
SQL: SELECT * FROM `wp_card_custom` WHERE `token` = 'gh_961dc11c078d'  [ RunTime:0.0000s ]
SQL: SELECT * FROM `wp_apps_link` WHERE `uid` = 159  [ RunTime:0.0010s ]
SQL: SHOW COLUMNS FROM `wp_auth_group_access` [ RunTime:0.0010s ]
SQL: SELECT a.uid,a.group_id,g.title,g.rules FROM wp_auth_group_access a INNER JOIN wp_auth_group g on a.group_id=g.id  WHERE ( a.uid='159' and g.status='1' )  [ RunTime:0.0000s ]
SQL: SELECT * FROM `wp_menu` WHERE `place` = 0 AND `is_hide` = 0 ORDER BY sort asc, id asc  [ RunTime:0.0010s ]

[ 2018-11-13T16:23:28+08:00 ] 127.0.0.1 /index.php?s=/w16/WeixinArticle/WeixinArticle/preview/id/4/mdm/406|408.html
SQL: SELECT * FROM `wp_card_custom` WHERE `token` = 'gh_961dc11c078d'  [ RunTime:0.0000s ]
SQL: SELECT * FROM `wp_apps_link` WHERE `uid` = 159  [ RunTime:0.0010s ]
SQL: SHOW COLUMNS FROM `wp_auth_group_access` [ RunTime:0.0030s ]
SQL: SELECT a.uid,a.group_id,g.title,g.rules FROM wp_auth_group_access a INNER JOIN wp_auth_group g on a.group_id=g.id  WHERE ( a.uid='159' and g.status='1' )  [ RunTime:0.0000s ]
SQL: SELECT * FROM `wp_menu` WHERE `place` = 0 AND `is_hide` = 0 ORDER BY sort asc, id asc  [ RunTime:0.0010s ]

[ 2018-11-13T16:23:28+08:00 ] 127.0.0.1 /index.php?s=/w16/WeixinArticle/WeixinArticle/preview/id/4/mdm/406|408.html
SQL: SELECT * FROM `wp_card_custom` WHERE `token` = 'gh_961dc11c078d'  [ RunTime:0.0000s ]
SQL: SELECT * FROM `wp_apps_link` WHERE `uid` = 159  [ RunTime:0.0000s ]
SQL: SHOW COLUMNS FROM `wp_auth_group_access` [ RunTime:0.0020s ]
SQL: SELECT a.uid,a.group_id,g.title,g.rules FROM wp_auth_group_access a INNER JOIN wp_auth_group g on a.group_id=g.id  WHERE ( a.uid='159' and g.status='1' )  [ RunTime:0.0000s ]
SQL: SELECT * FROM `wp_menu` WHERE `place` = 0 AND `is_hide` = 0 ORDER BY sort asc, id asc  [ RunTime:0.0010s ]

[ 2018-11-13T16:23:46+08:00 ] 127.0.0.1 /index.php?s=/w16/WeixinArticle/WeixinArticle/preview/id/4/mdm/406|408.html
SQL: SELECT * FROM `wp_card_custom` WHERE `token` = 'gh_961dc11c078d'  [ RunTime:0.0000s ]
SQL: SELECT * FROM `wp_apps_link` WHERE `uid` = 159  [ RunTime:0.0010s ]
SQL: SHOW COLUMNS FROM `wp_auth_group_access` [ RunTime:0.0010s ]
SQL: SELECT a.uid,a.group_id,g.title,g.rules FROM wp_auth_group_access a INNER JOIN wp_auth_group g on a.group_id=g.id  WHERE ( a.uid='159' and g.status='1' )  [ RunTime:0.0000s ]
SQL: SELECT * FROM `wp_menu` WHERE `place` = 0 AND `is_hide` = 0 ORDER BY sort asc, id asc  [ RunTime:0.0010s ]

[ 2018-11-13T16:23:47+08:00 ] 127.0.0.1 /index.php?s=/w16/WeixinArticle/WeixinArticle/preview/id/4/mdm/406|408.html
SQL: SELECT * FROM `wp_card_custom` WHERE `token` = 'gh_961dc11c078d'  [ RunTime:0.0010s ]
SQL: SELECT * FROM `wp_apps_link` WHERE `uid` = 159  [ RunTime:0.0010s ]
SQL: SHOW COLUMNS FROM `wp_auth_group_access` [ RunTime:0.0020s ]
SQL: SELECT a.uid,a.group_id,g.title,g.rules FROM wp_auth_group_access a INNER JOIN wp_auth_group g on a.group_id=g.id  WHERE ( a.uid='159' and g.status='1' )  [ RunTime:0.0010s ]
SQL: SELECT * FROM `wp_menu` WHERE `place` = 0 AND `is_hide` = 0 ORDER BY sort asc, id asc  [ RunTime:0.0000s ]

[ 2018-11-13T16:23:47+08:00 ] 127.0.0.1 /index.php?s=/w16/WeixinArticle/WeixinArticle/preview/id/4/mdm/406|408.html
SQL: SELECT * FROM `wp_card_custom` WHERE `token` = 'gh_961dc11c078d'  [ RunTime:0.0000s ]
SQL: SELECT * FROM `wp_apps_link` WHERE `uid` = 159  [ RunTime:0.0000s ]
SQL: SHOW COLUMNS FROM `wp_auth_group_access` [ RunTime:0.0020s ]
SQL: SELECT a.uid,a.group_id,g.title,g.rules FROM wp_auth_group_access a INNER JOIN wp_auth_group g on a.group_id=g.id  WHERE ( a.uid='159' and g.status='1' )  [ RunTime:0.0000s ]
SQL: SELECT * FROM `wp_menu` WHERE `place` = 0 AND `is_hide` = 0 ORDER BY sort asc, id asc  [ RunTime:0.0010s ]

[ 2018-11-13T16:23:47+08:00 ] 127.0.0.1 /index.php?s=/w16/WeixinArticle/WeixinArticle/preview/id/4/mdm/406|408.html
SQL: SELECT * FROM `wp_card_custom` WHERE `token` = 'gh_961dc11c078d'  [ RunTime:0.0000s ]
SQL: SELECT * FROM `wp_apps_link` WHERE `uid` = 159  [ RunTime:0.0010s ]
SQL: SHOW COLUMNS FROM `wp_auth_group_access` [ RunTime:0.0020s ]
SQL: SELECT a.uid,a.group_id,g.title,g.rules FROM wp_auth_group_access a INNER JOIN wp_auth_group g on a.group_id=g.id  WHERE ( a.uid='159' and g.status='1' )  [ RunTime:0.0000s ]
SQL: SELECT * FROM `wp_menu` WHERE `place` = 0 AND `is_hide` = 0 ORDER BY sort asc, id asc  [ RunTime:0.0000s ]

[ 2018-11-13T16:24:04+08:00 ] 127.0.0.1 /index.php?s=/w16/WeixinArticle/WeixinArticle/preview/id/4/mdm/406|408.html
SQL: SELECT * FROM `wp_card_custom` WHERE `token` = 'gh_961dc11c078d'  [ RunTime:0.0000s ]
SQL: SELECT * FROM `wp_apps_link` WHERE `uid` = 159  [ RunTime:0.0000s ]
SQL: SHOW COLUMNS FROM `wp_auth_group_access` [ RunTime:0.0030s ]
SQL: SELECT a.uid,a.group_id,g.title,g.rules FROM wp_auth_group_access a INNER JOIN wp_auth_group g on a.group_id=g.id  WHERE ( a.uid='159' and g.status='1' )  [ RunTime:0.0010s ]
SQL: SELECT * FROM `wp_menu` WHERE `place` = 0 AND `is_hide` = 0 ORDER BY sort asc, id asc  [ RunTime:0.0010s ]

[ 2018-11-13T16:24:05+08:00 ] 127.0.0.1 /index.php?s=/w16/WeixinArticle/Wap/detail/id/4.html
SQL: SELECT * FROM `wp_card_custom` WHERE `token` = 'gh_961dc11c078d'  [ RunTime:0.0030s ]
SQL: SELECT `token` FROM `wp_apps` WHERE `appid` = 'wx3242f2f336f9b44a' LIMIT 1   [ RunTime:0.0000s ]
SQL: SHOW COLUMNS FROM `wp_auth_group_access` [ RunTime:0.0150s ]
SQL: SELECT a.uid,a.group_id,g.title,g.rules FROM wp_auth_group_access a INNER JOIN wp_auth_group g on a.group_id=g.id  WHERE ( a.uid='159' and g.status='1' )  [ RunTime:0.0010s ]

[ 2018-11-13T16:24:28+08:00 ] 127.0.0.1 /index.php?s=/w16/WeixinArticle/WeixinArticle/preview/id/4/mdm/406|408.html
SQL: SELECT * FROM `wp_card_custom` WHERE `token` = 'gh_961dc11c078d'  [ RunTime:0.0010s ]
SQL: SELECT * FROM `wp_apps_link` WHERE `uid` = 159  [ RunTime:0.0010s ]
SQL: SHOW COLUMNS FROM `wp_auth_group_access` [ RunTime:0.0010s ]
SQL: SELECT a.uid,a.group_id,g.title,g.rules FROM wp_auth_group_access a INNER JOIN wp_auth_group g on a.group_id=g.id  WHERE ( a.uid='159' and g.status='1' )  [ RunTime:0.0000s ]
SQL: SELECT * FROM `wp_menu` WHERE `place` = 0 AND `is_hide` = 0 ORDER BY sort asc, id asc  [ RunTime:0.0010s ]

[ 2018-11-13T16:24:29+08:00 ] 127.0.0.1 /index.php?s=/w16/WeixinArticle/Wap/detail/id/4.html
SQL: SELECT * FROM `wp_card_custom` WHERE `token` = 'gh_961dc11c078d'  [ RunTime:0.0010s ]
SQL: SELECT `token` FROM `wp_apps` WHERE `appid` = 'wx3242f2f336f9b44a' LIMIT 1   [ RunTime:0.0000s ]
SQL: SHOW COLUMNS FROM `wp_auth_group_access` [ RunTime:0.0020s ]
SQL: SELECT a.uid,a.group_id,g.title,g.rules FROM wp_auth_group_access a INNER JOIN wp_auth_group g on a.group_id=g.id  WHERE ( a.uid='159' and g.status='1' )  [ RunTime:0.0000s ]
SQL: SELECT * FROM `wp_weixin_article` WHERE `id` = 4 LIMIT 1   [ RunTime:0.0000s ]

[ 2018-11-13T16:25:50+08:00 ] 127.0.0.1 /index.php?s=/w16/WeixinArticle/WeixinArticle/preview/id/4/mdm/406|408.html
SQL: SELECT * FROM `wp_card_custom` WHERE `token` = 'gh_961dc11c078d'  [ RunTime:0.0010s ]
SQL: SELECT * FROM `wp_apps_link` WHERE `uid` = 159  [ RunTime:0.0010s ]
SQL: SHOW COLUMNS FROM `wp_auth_group_access` [ RunTime:0.0020s ]
SQL: SELECT a.uid,a.group_id,g.title,g.rules FROM wp_auth_group_access a INNER JOIN wp_auth_group g on a.group_id=g.id  WHERE ( a.uid='159' and g.status='1' )  [ RunTime:0.0010s ]
SQL: SELECT * FROM `wp_menu` WHERE `place` = 0 AND `is_hide` = 0 ORDER BY sort asc, id asc  [ RunTime:0.0010s ]

[ 2018-11-13T16:25:50+08:00 ] 127.0.0.1 /index.php?s=/w16/WeixinArticle/Wap/detail/id/4.html
SQL: SELECT * FROM `wp_card_custom` WHERE `token` = 'gh_961dc11c078d'  [ RunTime:0.0000s ]
SQL: SELECT `token` FROM `wp_apps` WHERE `appid` = 'wx3242f2f336f9b44a' LIMIT 1   [ RunTime:0.0000s ]
SQL: SHOW COLUMNS FROM `wp_auth_group_access` [ RunTime:0.0030s ]
SQL: SELECT a.uid,a.group_id,g.title,g.rules FROM wp_auth_group_access a INNER JOIN wp_auth_group g on a.group_id=g.id  WHERE ( a.uid='159' and g.status='1' )  [ RunTime:0.0000s ]
SQL: SELECT * FROM `wp_weixin_article` WHERE `id` = 4 LIMIT 1   [ RunTime:0.0010s ]

[ 2018-11-13T16:32:45+08:00 ] 127.0.0.1 /index.php?s=/w16/WeixinArticle/WeixinArticle/preview/id/4/mdm/406|408.html
SQL: SELECT * FROM `wp_card_custom` WHERE `token` = 'gh_961dc11c078d'  [ RunTime:0.0000s ]
SQL: SELECT * FROM `wp_apps_link` WHERE `uid` = 159  [ RunTime:0.0000s ]
SQL: SHOW COLUMNS FROM `wp_auth_group_access` [ RunTime:0.0010s ]
SQL: SELECT a.uid,a.group_id,g.title,g.rules FROM wp_auth_group_access a INNER JOIN wp_auth_group g on a.group_id=g.id  WHERE ( a.uid='159' and g.status='1' )  [ RunTime:0.0000s ]
SQL: SELECT * FROM `wp_menu` WHERE `place` = 0 AND `is_hide` = 0 ORDER BY sort asc, id asc  [ RunTime:0.0010s ]

[ 2018-11-13T16:32:45+08:00 ] 127.0.0.1 /index.php?s=/w16/WeixinArticle/Wap/detail/id/4.html
SQL: SELECT * FROM `wp_card_custom` WHERE `token` = 'gh_961dc11c078d'  [ RunTime:0.0000s ]
SQL: SELECT `token` FROM `wp_apps` WHERE `appid` = 'wx3242f2f336f9b44a' LIMIT 1   [ RunTime:0.0000s ]
SQL: SHOW COLUMNS FROM `wp_auth_group_access` [ RunTime:0.0010s ]
SQL: SELECT a.uid,a.group_id,g.title,g.rules FROM wp_auth_group_access a INNER JOIN wp_auth_group g on a.group_id=g.id  WHERE ( a.uid='159' and g.status='1' )  [ RunTime:0.0000s ]
SQL: SELECT * FROM `wp_weixin_article` WHERE `id` = 4 LIMIT 1   [ RunTime:0.0000s ]

[ 2018-11-13T16:33:08+08:00 ] 127.0.0.1 /index.php?s=/w16/WeixinArticle/WeixinArticle/preview/id/4/mdm/406|408.html
SQL: SELECT * FROM `wp_card_custom` WHERE `token` = 'gh_961dc11c078d'  [ RunTime:0.0010s ]
SQL: SELECT * FROM `wp_apps_link` WHERE `uid` = 159  [ RunTime:0.0010s ]
SQL: SHOW COLUMNS FROM `wp_auth_group_access` [ RunTime:0.0020s ]
SQL: SELECT a.uid,a.group_id,g.title,g.rules FROM wp_auth_group_access a INNER JOIN wp_auth_group g on a.group_id=g.id  WHERE ( a.uid='159' and g.status='1' )  [ RunTime:0.0010s ]
SQL: SELECT * FROM `wp_menu` WHERE `place` = 0 AND `is_hide` = 0 ORDER BY sort asc, id asc  [ RunTime:0.0010s ]

[ 2018-11-13T16:33:09+08:00 ] 127.0.0.1 /index.php?s=/w16/WeixinArticle/WeixinArticle/preview/id/4/mdm/406|408.html
SQL: SELECT * FROM `wp_card_custom` WHERE `token` = 'gh_961dc11c078d'  [ RunTime:0.0000s ]
SQL: SELECT * FROM `wp_apps_link` WHERE `uid` = 159  [ RunTime:0.0010s ]
SQL: SHOW COLUMNS FROM `wp_auth_group_access` [ RunTime:0.0020s ]
SQL: SELECT a.uid,a.group_id,g.title,g.rules FROM wp_auth_group_access a INNER JOIN wp_auth_group g on a.group_id=g.id  WHERE ( a.uid='159' and g.status='1' )  [ RunTime:0.0000s ]
SQL: SELECT * FROM `wp_menu` WHERE `place` = 0 AND `is_hide` = 0 ORDER BY sort asc, id asc  [ RunTime:0.0020s ]

[ 2018-11-13T16:33:10+08:00 ] 127.0.0.1 /index.php?s=/w16/WeixinArticle/WeixinArticle/preview/id/4/mdm/406|408.html
SQL: SELECT * FROM `wp_card_custom` WHERE `token` = 'gh_961dc11c078d'  [ RunTime:0.0000s ]
SQL: SELECT * FROM `wp_apps_link` WHERE `uid` = 159  [ RunTime:0.0000s ]
SQL: SHOW COLUMNS FROM `wp_auth_group_access` [ RunTime:0.0020s ]
SQL: SELECT a.uid,a.group_id,g.title,g.rules FROM wp_auth_group_access a INNER JOIN wp_auth_group g on a.group_id=g.id  WHERE ( a.uid='159' and g.status='1' )  [ RunTime:0.0010s ]
SQL: SELECT * FROM `wp_menu` WHERE `place` = 0 AND `is_hide` = 0 ORDER BY sort asc, id asc  [ RunTime:0.0010s ]

[ 2018-11-13T16:33:10+08:00 ] 127.0.0.1 /index.php?s=/w16/WeixinArticle/WeixinArticle/preview/id/4/mdm/406|408.html
SQL: SELECT * FROM `wp_card_custom` WHERE `token` = 'gh_961dc11c078d'  [ RunTime:0.0000s ]
SQL: SELECT * FROM `wp_apps_link` WHERE `uid` = 159  [ RunTime:0.0000s ]
SQL: SHOW COLUMNS FROM `wp_auth_group_access` [ RunTime:0.0020s ]
SQL: SELECT a.uid,a.group_id,g.title,g.rules FROM wp_auth_group_access a INNER JOIN wp_auth_group g on a.group_id=g.id  WHERE ( a.uid='159' and g.status='1' )  [ RunTime:0.0000s ]
SQL: SELECT * FROM `wp_menu` WHERE `place` = 0 AND `is_hide` = 0 ORDER BY sort asc, id asc  [ RunTime:0.0000s ]

[ 2018-11-13T16:33:29+08:00 ] 127.0.0.1 /index.php?s=/w16/WeixinArticle/WeixinArticle/preview/id/4/mdm/406|408.html
SQL: SELECT * FROM `wp_card_custom` WHERE `token` = 'gh_961dc11c078d'  [ RunTime:0.0000s ]
SQL: SELECT * FROM `wp_apps_link` WHERE `uid` = 159  [ RunTime:0.0000s ]
SQL: SHOW COLUMNS FROM `wp_auth_group_access` [ RunTime:0.0020s ]
SQL: SELECT a.uid,a.group_id,g.title,g.rules FROM wp_auth_group_access a INNER JOIN wp_auth_group g on a.group_id=g.id  WHERE ( a.uid='159' and g.status='1' )  [ RunTime:0.0010s ]
SQL: SELECT * FROM `wp_menu` WHERE `place` = 0 AND `is_hide` = 0 ORDER BY sort asc, id asc  [ RunTime:0.0000s ]

[ 2018-11-13T16:33:50+08:00 ] 127.0.0.1 /index.php?s=/w16/WeixinArticle/WeixinArticle/preview/id/4/mdm/406|408.html
SQL: SELECT * FROM `wp_card_custom` WHERE `token` = 'gh_961dc11c078d'  [ RunTime:0.0010s ]
SQL: SELECT * FROM `wp_apps_link` WHERE `uid` = 159  [ RunTime:0.0000s ]
SQL: SHOW COLUMNS FROM `wp_auth_group_access` [ RunTime:0.0030s ]
SQL: SELECT a.uid,a.group_id,g.title,g.rules FROM wp_auth_group_access a INNER JOIN wp_auth_group g on a.group_id=g.id  WHERE ( a.uid='159' and g.status='1' )  [ RunTime:0.0010s ]
SQL: SELECT * FROM `wp_menu` WHERE `place` = 0 AND `is_hide` = 0 ORDER BY sort asc, id asc  [ RunTime:0.0010s ]

[ 2018-11-13T16:34:23+08:00 ] 127.0.0.1 /index.php?s=/w16/WeixinArticle/WeixinArticle/preview/id/4/mdm/406|408.html
SQL: SELECT * FROM `wp_card_custom` WHERE `token` = 'gh_961dc11c078d'  [ RunTime:0.0000s ]
SQL: SELECT * FROM `wp_apps_link` WHERE `uid` = 159  [ RunTime:0.0010s ]
SQL: SHOW COLUMNS FROM `wp_auth_group_access` [ RunTime:0.0040s ]
SQL: SELECT a.uid,a.group_id,g.title,g.rules FROM wp_auth_group_access a INNER JOIN wp_auth_group g on a.group_id=g.id  WHERE ( a.uid='159' and g.status='1' )  [ RunTime:0.0010s ]
SQL: SELECT * FROM `wp_menu` WHERE `place` = 0 AND `is_hide` = 0 ORDER BY sort asc, id asc  [ RunTime:0.0010s ]

[ 2018-11-13T16:34:24+08:00 ] 127.0.0.1 /index.php?s=/w16/WeixinArticle/Wap/detail/id/4.html
SQL: SELECT * FROM `wp_card_custom` WHERE `token` = 'gh_961dc11c078d'  [ RunTime:0.0060s ]
SQL: SELECT `token` FROM `wp_apps` WHERE `appid` = 'wx3242f2f336f9b44a' LIMIT 1   [ RunTime:0.0010s ]
SQL: SHOW COLUMNS FROM `wp_auth_group_access` [ RunTime:0.0040s ]
SQL: SELECT a.uid,a.group_id,g.title,g.rules FROM wp_auth_group_access a INNER JOIN wp_auth_group g on a.group_id=g.id  WHERE ( a.uid='159' and g.status='1' )  [ RunTime:0.0010s ]
SQL: SELECT * FROM `wp_weixin_article` WHERE `id` = 4 LIMIT 1   [ RunTime:0.0010s ]

[ 2018-11-13T16:34:30+08:00 ] 127.0.0.1 /index.php?s=/w16/WeixinArticle/WeixinArticle/preview/id/4/mdm/406|408.html
SQL: SELECT * FROM `wp_card_custom` WHERE `token` = 'gh_961dc11c078d'  [ RunTime:0.0000s ]
SQL: SELECT * FROM `wp_apps_link` WHERE `uid` = 159  [ RunTime:0.0000s ]
SQL: SHOW COLUMNS FROM `wp_auth_group_access` [ RunTime:0.0120s ]
SQL: SELECT a.uid,a.group_id,g.title,g.rules FROM wp_auth_group_access a INNER JOIN wp_auth_group g on a.group_id=g.id  WHERE ( a.uid='159' and g.status='1' )  [ RunTime:0.0000s ]
SQL: SELECT * FROM `wp_menu` WHERE `place` = 0 AND `is_hide` = 0 ORDER BY sort asc, id asc  [ RunTime:0.0000s ]

[ 2018-11-13T16:34:31+08:00 ] 127.0.0.1 /index.php?s=/w16/WeixinArticle/Wap/detail/id/4.html
SQL: SELECT * FROM `wp_card_custom` WHERE `token` = 'gh_961dc11c078d'  [ RunTime:0.0000s ]
SQL: SELECT `token` FROM `wp_apps` WHERE `appid` = 'wx3242f2f336f9b44a' LIMIT 1   [ RunTime:0.0010s ]
SQL: SHOW COLUMNS FROM `wp_auth_group_access` [ RunTime:0.0030s ]
SQL: SELECT a.uid,a.group_id,g.title,g.rules FROM wp_auth_group_access a INNER JOIN wp_auth_group g on a.group_id=g.id  WHERE ( a.uid='159' and g.status='1' )  [ RunTime:0.0010s ]
SQL: SELECT * FROM `wp_weixin_article` WHERE `id` = 4 LIMIT 1   [ RunTime:0.0000s ]

[ 2018-11-13T16:35:53+08:00 ] 127.0.0.1 /index.php?s=/w16/WeixinArticle/WeixinArticle/preview/id/4/mdm/406|408.html
SQL: SELECT * FROM `wp_card_custom` WHERE `token` = 'gh_961dc11c078d'  [ RunTime:0.0000s ]
SQL: SELECT * FROM `wp_apps_link` WHERE `uid` = 159  [ RunTime:0.0010s ]
SQL: SHOW COLUMNS FROM `wp_auth_group_access` [ RunTime:0.0020s ]
SQL: SELECT a.uid,a.group_id,g.title,g.rules FROM wp_auth_group_access a INNER JOIN wp_auth_group g on a.group_id=g.id  WHERE ( a.uid='159' and g.status='1' )  [ RunTime:0.0010s ]
SQL: SELECT * FROM `wp_menu` WHERE `place` = 0 AND `is_hide` = 0 ORDER BY sort asc, id asc  [ RunTime:0.0010s ]

[ 2018-11-13T16:35:54+08:00 ] 127.0.0.1 /index.php?s=/w16/WeixinArticle/Wap/detail/id/4.html
SQL: SELECT * FROM `wp_card_custom` WHERE `token` = 'gh_961dc11c078d'  [ RunTime:0.0040s ]
SQL: SELECT `token` FROM `wp_apps` WHERE `appid` = 'wx3242f2f336f9b44a' LIMIT 1   [ RunTime:0.0010s ]
SQL: SHOW COLUMNS FROM `wp_auth_group_access` [ RunTime:0.0040s ]
SQL: SELECT a.uid,a.group_id,g.title,g.rules FROM wp_auth_group_access a INNER JOIN wp_auth_group g on a.group_id=g.id  WHERE ( a.uid='159' and g.status='1' )  [ RunTime:0.0010s ]
SQL: SELECT * FROM `wp_weixin_article` WHERE `id` = 4 LIMIT 1   [ RunTime:0.0010s ]

[ 2018-11-13T16:36:45+08:00 ] 127.0.0.1 /index.php?s=/w16/WeixinArticle/WeixinArticle/preview/id/4/mdm/406|408.html
SQL: SELECT * FROM `wp_card_custom` WHERE `token` = 'gh_961dc11c078d'  [ RunTime:0.0010s ]
SQL: SELECT * FROM `wp_apps_link` WHERE `uid` = 159  [ RunTime:0.0000s ]
SQL: SHOW COLUMNS FROM `wp_auth_group_access` [ RunTime:0.0020s ]
SQL: SELECT a.uid,a.group_id,g.title,g.rules FROM wp_auth_group_access a INNER JOIN wp_auth_group g on a.group_id=g.id  WHERE ( a.uid='159' and g.status='1' )  [ RunTime:0.0000s ]
SQL: SELECT * FROM `wp_menu` WHERE `place` = 0 AND `is_hide` = 0 ORDER BY sort asc, id asc  [ RunTime:0.0000s ]

[ 2018-11-13T16:36:46+08:00 ] 127.0.0.1 /index.php?s=/w16/WeixinArticle/Wap/detail/id/4.html
SQL: SELECT * FROM `wp_card_custom` WHERE `token` = 'gh_961dc11c078d'  [ RunTime:0.0000s ]
SQL: SELECT `token` FROM `wp_apps` WHERE `appid` = 'wx3242f2f336f9b44a' LIMIT 1   [ RunTime:0.0000s ]
SQL: SHOW COLUMNS FROM `wp_auth_group_access` [ RunTime:0.0020s ]
SQL: SELECT a.uid,a.group_id,g.title,g.rules FROM wp_auth_group_access a INNER JOIN wp_auth_group g on a.group_id=g.id  WHERE ( a.uid='159' and g.status='1' )  [ RunTime:0.0000s ]
SQL: SELECT * FROM `wp_weixin_article` WHERE `id` = 4 LIMIT 1   [ RunTime:0.0010s ]

[ 2018-11-13T16:36:53+08:00 ] 127.0.0.1 /index.php?s=/w16/WeixinArticle/WeixinArticle/preview/id/4/mdm/406|408.html
SQL: SELECT * FROM `wp_card_custom` WHERE `token` = 'gh_961dc11c078d'  [ RunTime:0.0000s ]
SQL: SELECT * FROM `wp_apps_link` WHERE `uid` = 159  [ RunTime:0.0010s ]
SQL: SHOW COLUMNS FROM `wp_auth_group_access` [ RunTime:0.0110s ]
SQL: SELECT a.uid,a.group_id,g.title,g.rules FROM wp_auth_group_access a INNER JOIN wp_auth_group g on a.group_id=g.id  WHERE ( a.uid='159' and g.status='1' )  [ RunTime:0.0010s ]
SQL: SELECT * FROM `wp_menu` WHERE `place` = 0 AND `is_hide` = 0 ORDER BY sort asc, id asc  [ RunTime:0.0000s ]

[ 2018-11-13T16:36:55+08:00 ] 127.0.0.1 /index.php?s=/w16/WeixinArticle/Wap/detail/id/4.html
SQL: SELECT * FROM `wp_card_custom` WHERE `token` = 'gh_961dc11c078d'  [ RunTime:0.0030s ]
SQL: SELECT `token` FROM `wp_apps` WHERE `appid` = 'wx3242f2f336f9b44a' LIMIT 1   [ RunTime:0.0000s ]
SQL: SHOW COLUMNS FROM `wp_auth_group_access` [ RunTime:0.0050s ]
SQL: SELECT a.uid,a.group_id,g.title,g.rules FROM wp_auth_group_access a INNER JOIN wp_auth_group g on a.group_id=g.id  WHERE ( a.uid='159' and g.status='1' )  [ RunTime:0.0010s ]
SQL: SELECT * FROM `wp_weixin_article` WHERE `id` = 4 LIMIT 1   [ RunTime:0.0010s ]

[ 2018-11-13T16:37:03+08:00 ] 127.0.0.1 /index.php?s=/w16/WeixinArticle/Wap/detail/id/4.html
SQL: SELECT * FROM `wp_card_custom` WHERE `token` = 'gh_961dc11c078d'  [ RunTime:0.0000s ]
SQL: SELECT `token` FROM `wp_apps` WHERE `appid` = 'wx3242f2f336f9b44a' LIMIT 1   [ RunTime:0.0000s ]
SQL: SHOW COLUMNS FROM `wp_auth_group_access` [ RunTime:0.0050s ]
SQL: SELECT a.uid,a.group_id,g.title,g.rules FROM wp_auth_group_access a INNER JOIN wp_auth_group g on a.group_id=g.id  WHERE ( a.uid='159' and g.status='1' )  [ RunTime:0.0000s ]
SQL: SELECT * FROM `wp_weixin_article` WHERE `id` = 4 LIMIT 1   [ RunTime:0.0010s ]

[ 2018-11-13T16:37:35+08:00 ] 127.0.0.1 /index.php?s=/w16/WeixinArticle/Wap/detail/id/4.html
SQL: SELECT * FROM `wp_card_custom` WHERE `token` = 'gh_961dc11c078d'  [ RunTime:0.0000s ]
SQL: SELECT `token` FROM `wp_apps` WHERE `appid` = 'wx3242f2f336f9b44a' LIMIT 1   [ RunTime:0.0010s ]
SQL: SHOW COLUMNS FROM `wp_auth_group_access` [ RunTime:0.0040s ]
SQL: SELECT a.uid,a.group_id,g.title,g.rules FROM wp_auth_group_access a INNER JOIN wp_auth_group g on a.group_id=g.id  WHERE ( a.uid='159' and g.status='1' )  [ RunTime:0.0000s ]
SQL: SELECT * FROM `wp_weixin_article` WHERE `id` = 4 LIMIT 1   [ RunTime:0.0010s ]

[ 2018-11-13T16:38:35+08:00 ] 127.0.0.1 /index.php?s=/w16/WeixinArticle/Wap/detail/id/4.html
SQL: SELECT * FROM `wp_card_custom` WHERE `token` = 'gh_961dc11c078d'  [ RunTime:0.0000s ]
SQL: SELECT `token` FROM `wp_apps` WHERE `appid` = 'wx3242f2f336f9b44a' LIMIT 1   [ RunTime:0.0010s ]
SQL: SHOW COLUMNS FROM `wp_auth_group_access` [ RunTime:0.0050s ]
SQL: SELECT a.uid,a.group_id,g.title,g.rules FROM wp_auth_group_access a INNER JOIN wp_auth_group g on a.group_id=g.id  WHERE ( a.uid='159' and g.status='1' )  [ RunTime:0.0010s ]
SQL: SELECT * FROM `wp_weixin_article` WHERE `id` = 4 LIMIT 1   [ RunTime:0.0010s ]

[ 2018-11-13T16:38:48+08:00 ] 127.0.0.1 /index.php?s=/w16/WeixinArticle/Wap/detail/id/4.html
SQL: SELECT * FROM `wp_card_custom` WHERE `token` = 'gh_961dc11c078d'  [ RunTime:0.0050s ]
SQL: SELECT `token` FROM `wp_apps` WHERE `appid` = 'wx3242f2f336f9b44a' LIMIT 1   [ RunTime:0.0010s ]
SQL: SHOW COLUMNS FROM `wp_auth_group_access` [ RunTime:0.0050s ]
SQL: SELECT a.uid,a.group_id,g.title,g.rules FROM wp_auth_group_access a INNER JOIN wp_auth_group g on a.group_id=g.id  WHERE ( a.uid='159' and g.status='1' )  [ RunTime:0.0010s ]
SQL: SELECT * FROM `wp_weixin_article` WHERE `id` = 4 LIMIT 1   [ RunTime:0.0010s ]

[ 2018-11-13T16:42:13+08:00 ] 127.0.0.1 /index.php?s=/w16/WeixinArticle/Wap/detail/id/4.html
SQL: SELECT * FROM `wp_card_custom` WHERE `token` = 'gh_961dc11c078d'  [ RunTime:0.0000s ]
SQL: SELECT `token` FROM `wp_apps` WHERE `appid` = 'wx3242f2f336f9b44a' LIMIT 1   [ RunTime:0.0000s ]
SQL: SHOW COLUMNS FROM `wp_auth_group_access` [ RunTime:0.0040s ]
SQL: SELECT a.uid,a.group_id,g.title,g.rules FROM wp_auth_group_access a INNER JOIN wp_auth_group g on a.group_id=g.id  WHERE ( a.uid='159' and g.status='1' )  [ RunTime:0.0000s ]
SQL: SELECT * FROM `wp_weixin_article` WHERE `id` = 4 LIMIT 1   [ RunTime:0.0010s ]

[ 2018-11-13T16:42:15+08:00 ] 127.0.0.1 /index.php?s=/w16/WeixinArticle/Wap/detail/id/4.html
SQL: SELECT * FROM `wp_card_custom` WHERE `token` = 'gh_961dc11c078d'  [ RunTime:0.0010s ]
SQL: SELECT `token` FROM `wp_apps` WHERE `appid` = 'wx3242f2f336f9b44a' LIMIT 1   [ RunTime:0.0000s ]
SQL: SHOW COLUMNS FROM `wp_auth_group_access` [ RunTime:0.0040s ]
SQL: SELECT a.uid,a.group_id,g.title,g.rules FROM wp_auth_group_access a INNER JOIN wp_auth_group g on a.group_id=g.id  WHERE ( a.uid='159' and g.status='1' )  [ RunTime:0.0010s ]
SQL: SELECT * FROM `wp_weixin_article` WHERE `id` = 4 LIMIT 1   [ RunTime:0.0000s ]

[ 2018-11-13T16:42:19+08:00 ] 127.0.0.1 /index.php?s=/w16/WeixinArticle/WeixinArticle/preview/id/4/mdm/406|408.html
SQL: SELECT * FROM `wp_card_custom` WHERE `token` = 'gh_961dc11c078d'  [ RunTime:0.0000s ]
SQL: SELECT * FROM `wp_apps_link` WHERE `uid` = 159  [ RunTime:0.0010s ]
SQL: SHOW COLUMNS FROM `wp_auth_group_access` [ RunTime:0.0020s ]
SQL: SELECT a.uid,a.group_id,g.title,g.rules FROM wp_auth_group_access a INNER JOIN wp_auth_group g on a.group_id=g.id  WHERE ( a.uid='159' and g.status='1' )  [ RunTime:0.0000s ]
SQL: SELECT * FROM `wp_menu` WHERE `place` = 0 AND `is_hide` = 0 ORDER BY sort asc, id asc  [ RunTime:0.0010s ]

[ 2018-11-13T16:42:20+08:00 ] 127.0.0.1 /index.php?s=/w16/WeixinArticle/Wap/detail/id/4.html
SQL: SELECT * FROM `wp_card_custom` WHERE `token` = 'gh_961dc11c078d'  [ RunTime:0.0000s ]
SQL: SELECT `token` FROM `wp_apps` WHERE `appid` = 'wx3242f2f336f9b44a' LIMIT 1   [ RunTime:0.0000s ]
SQL: SHOW COLUMNS FROM `wp_auth_group_access` [ RunTime:0.0040s ]
SQL: SELECT a.uid,a.group_id,g.title,g.rules FROM wp_auth_group_access a INNER JOIN wp_auth_group g on a.group_id=g.id  WHERE ( a.uid='159' and g.status='1' )  [ RunTime:0.0010s ]
SQL: SELECT * FROM `wp_weixin_article` WHERE `id` = 4 LIMIT 1   [ RunTime:0.0010s ]

[ 2018-11-13T16:42:34+08:00 ] 127.0.0.1 /index.php?s=/w16/WeixinArticle/WeixinArticle/preview/id/4/mdm/406|408.html
SQL: SELECT * FROM `wp_card_custom` WHERE `token` = 'gh_961dc11c078d'  [ RunTime:0.0000s ]
SQL: SELECT * FROM `wp_apps_link` WHERE `uid` = 159  [ RunTime:0.0000s ]
SQL: SHOW COLUMNS FROM `wp_auth_group_access` [ RunTime:0.0030s ]
SQL: SELECT a.uid,a.group_id,g.title,g.rules FROM wp_auth_group_access a INNER JOIN wp_auth_group g on a.group_id=g.id  WHERE ( a.uid='159' and g.status='1' )  [ RunTime:0.0010s ]
SQL: SELECT * FROM `wp_menu` WHERE `place` = 0 AND `is_hide` = 0 ORDER BY sort asc, id asc  [ RunTime:0.0000s ]

[ 2018-11-13T16:42:35+08:00 ] 127.0.0.1 /index.php?s=/w16/WeixinArticle/Wap/detail/id/4.html
SQL: SELECT * FROM `wp_card_custom` WHERE `token` = 'gh_961dc11c078d'  [ RunTime:0.0010s ]
SQL: SELECT `token` FROM `wp_apps` WHERE `appid` = 'wx3242f2f336f9b44a' LIMIT 1   [ RunTime:0.0000s ]
SQL: SHOW COLUMNS FROM `wp_auth_group_access` [ RunTime:0.0060s ]
SQL: SELECT a.uid,a.group_id,g.title,g.rules FROM wp_auth_group_access a INNER JOIN wp_auth_group g on a.group_id=g.id  WHERE ( a.uid='159' and g.status='1' )  [ RunTime:0.0010s ]
SQL: SELECT * FROM `wp_weixin_article` WHERE `id` = 4 LIMIT 1   [ RunTime:0.0000s ]

[ 2018-11-13T16:42:45+08:00 ] 127.0.0.1 /index.php?s=/w16/WeixinArticle/WeixinArticle/preview/id/4/mdm/406|408.html
SQL: SELECT * FROM `wp_card_custom` WHERE `token` = 'gh_961dc11c078d'  [ RunTime:0.0010s ]
SQL: SELECT * FROM `wp_apps_link` WHERE `uid` = 159  [ RunTime:0.0000s ]
SQL: SHOW COLUMNS FROM `wp_auth_group_access` [ RunTime:0.0010s ]
SQL: SELECT a.uid,a.group_id,g.title,g.rules FROM wp_auth_group_access a INNER JOIN wp_auth_group g on a.group_id=g.id  WHERE ( a.uid='159' and g.status='1' )  [ RunTime:0.0000s ]
SQL: SELECT * FROM `wp_menu` WHERE `place` = 0 AND `is_hide` = 0 ORDER BY sort asc, id asc  [ RunTime:0.0000s ]

[ 2018-11-13T16:42:45+08:00 ] 127.0.0.1 /index.php?s=/w16/WeixinArticle/Wap/detail/id/4.html
SQL: SELECT * FROM `wp_card_custom` WHERE `token` = 'gh_961dc11c078d'  [ RunTime:0.0040s ]
SQL: SELECT `token` FROM `wp_apps` WHERE `appid` = 'wx3242f2f336f9b44a' LIMIT 1   [ RunTime:0.0000s ]
SQL: SHOW COLUMNS FROM `wp_auth_group_access` [ RunTime:0.0040s ]
SQL: SELECT a.uid,a.group_id,g.title,g.rules FROM wp_auth_group_access a INNER JOIN wp_auth_group g on a.group_id=g.id  WHERE ( a.uid='159' and g.status='1' )  [ RunTime:0.0010s ]
SQL: SELECT * FROM `wp_weixin_article` WHERE `id` = 4 LIMIT 1   [ RunTime:0.0000s ]

[ 2018-11-13T16:43:26+08:00 ] 127.0.0.1 /index.php?s=/w16/WeixinArticle/WeixinArticle/lists.html&mdm=406|408
SQL: SELECT * FROM `wp_card_custom` WHERE `token` = 'gh_961dc11c078d'  [ RunTime:0.0000s ]
SQL: SELECT * FROM `wp_apps_link` WHERE `uid` = 159  [ RunTime:0.0000s ]
SQL: SHOW COLUMNS FROM `wp_auth_group_access` [ RunTime:0.0010s ]
SQL: SELECT a.uid,a.group_id,g.title,g.rules FROM wp_auth_group_access a INNER JOIN wp_auth_group g on a.group_id=g.id  WHERE ( a.uid='159' and g.status='1' )  [ RunTime:0.0000s ]
SQL: SELECT * FROM `wp_menu` WHERE `place` = 0 AND `is_hide` = 0 ORDER BY sort asc, id asc  [ RunTime:0.0010s ]
SQL: SELECT `id`,`article_title`,`type`,`create_user`,`create_time` FROM `wp_weixin_article` ORDER BY id desc LIMIT 0,10   [ RunTime:0.0010s ]
SQL: SELECT COUNT(*) AS tp_count FROM `wp_weixin_article` LIMIT 1   [ RunTime:0.0000s ]

[ 2018-11-13T16:43:28+08:00 ] 127.0.0.1 /index.php?s=/w16/WeixinArticle/WeixinArticle/preview/id/4/mdm/406|408.html
SQL: SELECT * FROM `wp_card_custom` WHERE `token` = 'gh_961dc11c078d'  [ RunTime:0.0000s ]
SQL: SELECT * FROM `wp_apps_link` WHERE `uid` = 159  [ RunTime:0.0000s ]
SQL: SHOW COLUMNS FROM `wp_auth_group_access` [ RunTime:0.0020s ]
SQL: SELECT a.uid,a.group_id,g.title,g.rules FROM wp_auth_group_access a INNER JOIN wp_auth_group g on a.group_id=g.id  WHERE ( a.uid='159' and g.status='1' )  [ RunTime:0.0010s ]
SQL: SELECT * FROM `wp_menu` WHERE `place` = 0 AND `is_hide` = 0 ORDER BY sort asc, id asc  [ RunTime:0.0010s ]

[ 2018-11-13T16:43:28+08:00 ] 127.0.0.1 /index.php?s=/w16/WeixinArticle/Wap/detail/id/4.html
SQL: SELECT * FROM `wp_card_custom` WHERE `token` = 'gh_961dc11c078d'  [ RunTime:0.0010s ]
SQL: SELECT `token` FROM `wp_apps` WHERE `appid` = 'wx3242f2f336f9b44a' LIMIT 1   [ RunTime:0.0000s ]
SQL: SHOW COLUMNS FROM `wp_auth_group_access` [ RunTime:0.0060s ]
SQL: SELECT a.uid,a.group_id,g.title,g.rules FROM wp_auth_group_access a INNER JOIN wp_auth_group g on a.group_id=g.id  WHERE ( a.uid='159' and g.status='1' )  [ RunTime:0.0010s ]
SQL: SELECT * FROM `wp_weixin_article` WHERE `id` = 4 LIMIT 1   [ RunTime:0.0010s ]

[ 2018-11-13T16:46:36+08:00 ] 127.0.0.1 /index.php?s=/w16/WeixinArticle/WeixinArticle/lists.html&mdm=406|408
SQL: SELECT * FROM `wp_card_custom` WHERE `token` = 'gh_961dc11c078d'  [ RunTime:0.0040s ]
SQL: SELECT * FROM `wp_apps_link` WHERE `uid` = 159  [ RunTime:0.0000s ]
SQL: SHOW COLUMNS FROM `wp_auth_group_access` [ RunTime:0.0030s ]
SQL: SELECT a.uid,a.group_id,g.title,g.rules FROM wp_auth_group_access a INNER JOIN wp_auth_group g on a.group_id=g.id  WHERE ( a.uid='159' and g.status='1' )  [ RunTime:0.0000s ]
SQL: SELECT * FROM `wp_menu` WHERE `place` = 0 AND `is_hide` = 0 ORDER BY sort asc, id asc  [ RunTime:0.0000s ]
SQL: SELECT `id`,`article_title`,`type`,`create_user`,`create_time` FROM `wp_weixin_article` ORDER BY id desc LIMIT 0,10   [ RunTime:0.0000s ]
SQL: SELECT COUNT(*) AS tp_count FROM `wp_weixin_article` LIMIT 1   [ RunTime:0.0010s ]

[ 2018-11-13T16:46:38+08:00 ] 127.0.0.1 /index.php?s=/w16/WeixinArticle/WeixinArticle/preview/id/1/mdm/406|408.html
SQL: SELECT * FROM `wp_card_custom` WHERE `token` = 'gh_961dc11c078d'  [ RunTime:0.0000s ]
SQL: SELECT * FROM `wp_apps_link` WHERE `uid` = 159  [ RunTime:0.0010s ]
SQL: SHOW COLUMNS FROM `wp_auth_group_access` [ RunTime:0.0020s ]
SQL: SELECT a.uid,a.group_id,g.title,g.rules FROM wp_auth_group_access a INNER JOIN wp_auth_group g on a.group_id=g.id  WHERE ( a.uid='159' and g.status='1' )  [ RunTime:0.0000s ]
SQL: SELECT * FROM `wp_menu` WHERE `place` = 0 AND `is_hide` = 0 ORDER BY sort asc, id asc  [ RunTime:0.0010s ]

[ 2018-11-13T16:46:39+08:00 ] 127.0.0.1 /index.php?s=/w16/WeixinArticle/Wap/detail/id/1.html
SQL: SELECT * FROM `wp_card_custom` WHERE `token` = 'gh_961dc11c078d'  [ RunTime:0.0000s ]
SQL: SELECT `token` FROM `wp_apps` WHERE `appid` = 'wx3242f2f336f9b44a' LIMIT 1   [ RunTime:0.0000s ]
SQL: SHOW COLUMNS FROM `wp_auth_group_access` [ RunTime:0.0050s ]
SQL: SELECT a.uid,a.group_id,g.title,g.rules FROM wp_auth_group_access a INNER JOIN wp_auth_group g on a.group_id=g.id  WHERE ( a.uid='159' and g.status='1' )  [ RunTime:0.0000s ]
SQL: SELECT * FROM `wp_weixin_article` WHERE `id` = 1 LIMIT 1   [ RunTime:0.0010s ]

[ 2018-11-13T16:46:44+08:00 ] 127.0.0.1 /index.php?s=/w16/WeixinArticle/WeixinArticle/preview/id/2/mdm/406|408.html
SQL: SELECT * FROM `wp_card_custom` WHERE `token` = 'gh_961dc11c078d'  [ RunTime:0.0000s ]
SQL: SELECT * FROM `wp_apps_link` WHERE `uid` = 159  [ RunTime:0.0000s ]
SQL: SHOW COLUMNS FROM `wp_auth_group_access` [ RunTime:0.0020s ]
SQL: SELECT a.uid,a.group_id,g.title,g.rules FROM wp_auth_group_access a INNER JOIN wp_auth_group g on a.group_id=g.id  WHERE ( a.uid='159' and g.status='1' )  [ RunTime:0.0000s ]
SQL: SELECT * FROM `wp_menu` WHERE `place` = 0 AND `is_hide` = 0 ORDER BY sort asc, id asc  [ RunTime:0.0010s ]

[ 2018-11-13T16:46:45+08:00 ] 127.0.0.1 /index.php?s=/w16/WeixinArticle/Wap/detail/id/2.html
SQL: SELECT * FROM `wp_card_custom` WHERE `token` = 'gh_961dc11c078d'  [ RunTime:0.0080s ]
SQL: SELECT `token` FROM `wp_apps` WHERE `appid` = 'wx3242f2f336f9b44a' LIMIT 1   [ RunTime:0.0000s ]
SQL: SHOW COLUMNS FROM `wp_auth_group_access` [ RunTime:0.0030s ]
SQL: SELECT a.uid,a.group_id,g.title,g.rules FROM wp_auth_group_access a INNER JOIN wp_auth_group g on a.group_id=g.id  WHERE ( a.uid='159' and g.status='1' )  [ RunTime:0.0000s ]
SQL: SELECT * FROM `wp_weixin_article` WHERE `id` = 2 LIMIT 1   [ RunTime:0.0000s ]

[ 2018-11-13T18:08:45+08:00 ] 127.0.0.1 /index.php?s=/w16/WeixinArticle/WeixinArticle/preview/id/1/mdm/406|408.html
SQL: SELECT * FROM `wp_card_custom` WHERE `token` = 'gh_961dc11c078d'  [ RunTime:0.0000s ]

[ 2018-11-13T18:08:52+08:00 ] 127.0.0.1 /index.php?s=/w16/WeixinArticle/WeixinArticle/preview/id/1/mdm/406|408.html
SQL: SELECT * FROM `wp_card_custom` WHERE `token` = 'gh_961dc11c078d'  [ RunTime:0.0000s ]

[ 2018-11-13T18:08:56+08:00 ] 127.0.0.1 /index.php?s=/w16/WeixinArticle/WeixinArticle/preview/id/4/mdm/406|408.html
SQL: SELECT * FROM `wp_card_custom` WHERE `token` = 'gh_961dc11c078d'  [ RunTime:0.0000s ]

[ 2018-11-13T18:09:18+08:00 ] 127.0.0.1 /index.php?s=/w16/WeixinArticle/WeixinArticle/preview/id/1/mdm/406|408.html
SQL: SELECT * FROM `wp_card_custom` WHERE `token` = 'gh_961dc11c078d'  [ RunTime:0.0000s ]
SQL: SELECT * FROM `wp_apps_link` WHERE `uid` = 159  [ RunTime:0.0150s ]
SQL: SHOW COLUMNS FROM `wp_auth_group_access` [ RunTime:0.0030s ]
SQL: SELECT a.uid,a.group_id,g.title,g.rules FROM wp_auth_group_access a INNER JOIN wp_auth_group g on a.group_id=g.id  WHERE ( a.uid='159' and g.status='1' )  [ RunTime:0.0010s ]
SQL: SELECT * FROM `wp_menu` WHERE `place` = 0 AND `is_hide` = 0 ORDER BY sort asc, id asc  [ RunTime:0.0010s ]

[ 2018-11-13T18:09:19+08:00 ] 127.0.0.1 /index.php?s=/w16/WeixinArticle/Wap/detail/id/1.html
SQL: SELECT * FROM `wp_card_custom` WHERE `token` = 'gh_961dc11c078d'  [ RunTime:0.0000s ]
SQL: SELECT `token` FROM `wp_apps` WHERE `appid` = 'wx3242f2f336f9b44a' LIMIT 1   [ RunTime:0.0000s ]
SQL: SHOW COLUMNS FROM `wp_auth_group_access` [ RunTime:0.0160s ]
SQL: SELECT a.uid,a.group_id,g.title,g.rules FROM wp_auth_group_access a INNER JOIN wp_auth_group g on a.group_id=g.id  WHERE ( a.uid='159' and g.status='1' )  [ RunTime:0.0010s ]
SQL: SELECT * FROM `wp_weixin_article` WHERE `id` = 1 LIMIT 1   [ RunTime:0.0000s ]

[ 2018-11-13T18:09:24+08:00 ] 127.0.0.1 /index.php?s=/w16/WeixinArticle/WeixinArticle/lists.html&mdm=406|408
SQL: SELECT * FROM `wp_card_custom` WHERE `token` = 'gh_961dc11c078d'  [ RunTime:0.0010s ]
SQL: SELECT * FROM `wp_apps_link` WHERE `uid` = 159  [ RunTime:0.0000s ]
SQL: SHOW COLUMNS FROM `wp_auth_group_access` [ RunTime:0.0030s ]
SQL: SELECT a.uid,a.group_id,g.title,g.rules FROM wp_auth_group_access a INNER JOIN wp_auth_group g on a.group_id=g.id  WHERE ( a.uid='159' and g.status='1' )  [ RunTime:0.0010s ]
SQL: SELECT * FROM `wp_menu` WHERE `place` = 0 AND `is_hide` = 0 ORDER BY sort asc, id asc  [ RunTime:0.0010s ]
SQL: SELECT `id`,`article_title`,`type`,`create_user`,`create_time` FROM `wp_weixin_article` ORDER BY id desc LIMIT 0,10   [ RunTime:0.0200s ]
SQL: SELECT COUNT(*) AS tp_count FROM `wp_weixin_article` LIMIT 1   [ RunTime:0.0000s ]

[ 2018-11-13T18:09:26+08:00 ] 127.0.0.1 /index.php?s=/w16/WeixinArticle/WeixinArticle/preview/id/1/mdm/406|408.html
SQL: SELECT * FROM `wp_card_custom` WHERE `token` = 'gh_961dc11c078d'  [ RunTime:0.0000s ]
SQL: SELECT * FROM `wp_apps_link` WHERE `uid` = 159  [ RunTime:0.0010s ]
SQL: SHOW COLUMNS FROM `wp_auth_group_access` [ RunTime:0.0020s ]
SQL: SELECT a.uid,a.group_id,g.title,g.rules FROM wp_auth_group_access a INNER JOIN wp_auth_group g on a.group_id=g.id  WHERE ( a.uid='159' and g.status='1' )  [ RunTime:0.0000s ]
SQL: SELECT * FROM `wp_menu` WHERE `place` = 0 AND `is_hide` = 0 ORDER BY sort asc, id asc  [ RunTime:0.0000s ]

[ 2018-11-13T18:09:27+08:00 ] 127.0.0.1 /index.php?s=/w16/WeixinArticle/Wap/detail/id/1.html
SQL: SELECT * FROM `wp_card_custom` WHERE `token` = 'gh_961dc11c078d'  [ RunTime:0.0000s ]
SQL: SELECT `token` FROM `wp_apps` WHERE `appid` = 'wx3242f2f336f9b44a' LIMIT 1   [ RunTime:0.0010s ]
SQL: SHOW COLUMNS FROM `wp_auth_group_access` [ RunTime:0.0020s ]
SQL: SELECT a.uid,a.group_id,g.title,g.rules FROM wp_auth_group_access a INNER JOIN wp_auth_group g on a.group_id=g.id  WHERE ( a.uid='159' and g.status='1' )  [ RunTime:0.0000s ]
SQL: SELECT * FROM `wp_weixin_article` WHERE `id` = 1 LIMIT 1   [ RunTime:0.0000s ]

[ 2018-11-13T18:09:54+08:00 ] 127.0.0.1 /index.php?s=/w16/WeixinArticle/WeixinArticle/lists.html&mdm=406|408
SQL: SELECT * FROM `wp_card_custom` WHERE `token` = 'gh_961dc11c078d'  [ RunTime:0.0010s ]
SQL: SELECT * FROM `wp_apps_link` WHERE `uid` = 159  [ RunTime:0.0010s ]
SQL: SHOW COLUMNS FROM `wp_auth_group_access` [ RunTime:0.0120s ]
SQL: SELECT a.uid,a.group_id,g.title,g.rules FROM wp_auth_group_access a INNER JOIN wp_auth_group g on a.group_id=g.id  WHERE ( a.uid='159' and g.status='1' )  [ RunTime:0.0000s ]
SQL: SELECT * FROM `wp_menu` WHERE `place` = 0 AND `is_hide` = 0 ORDER BY sort asc, id asc  [ RunTime:0.0010s ]
SQL: SELECT `id`,`article_title`,`type`,`create_user`,`create_time` FROM `wp_weixin_article` ORDER BY id desc LIMIT 0,10   [ RunTime:0.0000s ]
SQL: SELECT COUNT(*) AS tp_count FROM `wp_weixin_article` LIMIT 1   [ RunTime:0.0000s ]

[ 2018-11-13T18:09:56+08:00 ] 127.0.0.1 /index.php?s=/w16/WeixinArticle/WeixinArticle/edit/id/1/model/weixin_article/mdm/406|408.html
SQL: SELECT * FROM `wp_card_custom` WHERE `token` = 'gh_961dc11c078d'  [ RunTime:0.0000s ]
SQL: SELECT * FROM `wp_apps_link` WHERE `uid` = 159  [ RunTime:0.0000s ]
SQL: SHOW COLUMNS FROM `wp_auth_group_access` [ RunTime:0.0080s ]
SQL: SELECT a.uid,a.group_id,g.title,g.rules FROM wp_auth_group_access a INNER JOIN wp_auth_group g on a.group_id=g.id  WHERE ( a.uid='159' and g.status='1' )  [ RunTime:0.0010s ]
SQL: SELECT * FROM `wp_menu` WHERE `place` = 0 AND `is_hide` = 0 ORDER BY sort asc, id asc  [ RunTime:0.0010s ]
SQL: SELECT * FROM `wp_model` WHERE `id` = 1173 LIMIT 1   [ RunTime:0.0010s ]
SQL: SELECT * FROM `wp_weixin_article` WHERE `id` = 1 LIMIT 1   [ RunTime:0.0000s ]
SQL: SELECT * FROM `wp_model` WHERE `id` = 1173 LIMIT 1   [ RunTime:0.0010s ]

[ 2018-11-13T18:09:59+08:00 ] 127.0.0.1 /index.php?s=/w16/WeixinArticle/WeixinArticle/edit/mdm/406%7C408.html
SQL: SELECT * FROM `wp_card_custom` WHERE `token` = 'gh_961dc11c078d'  [ RunTime:0.0000s ]
SQL: SELECT * FROM `wp_apps_link` WHERE `uid` = 159  [ RunTime:0.0010s ]
SQL: SHOW COLUMNS FROM `wp_auth_group_access` [ RunTime:0.0100s ]
SQL: SELECT a.uid,a.group_id,g.title,g.rules FROM wp_auth_group_access a INNER JOIN wp_auth_group g on a.group_id=g.id  WHERE ( a.uid='159' and g.status='1' )  [ RunTime:0.0010s ]
SQL: INSERT INTO `wp_admin_log` (`uid`,`ip`,`mod`,`cTime`,`content`) VALUES ('159','127.0.0.1','WeixinArticle','1542103799','http://weiphp.bb/index.php?s=/w16/WeixinArticle/WeixinArticle/edit/mdm/406%7C408.html
POST: array (
  \'id\' => \'1\',
); 
') [ RunTime:0.0620s ]
SQL: SELECT * FROM `wp_model` WHERE `id` = 1173 LIMIT 1   [ RunTime:0.0080s ]
SQL: SELECT * FROM `wp_weixin_article` WHERE `id` = 1 LIMIT 1   [ RunTime:0.0010s ]
SQL: SELECT * FROM `wp_model` WHERE `id` = 1173 LIMIT 1   [ RunTime:0.0000s ]
SQL: SELECT * FROM `wp_model` WHERE `id` = 1173 LIMIT 1   [ RunTime:0.0010s ]

[ 2018-11-13T18:15:13+08:00 ] 127.0.0.1 /index.php?s=/w16/WeixinArticle/WeixinArticle/lists.html&mdm=406|408
SQL: SELECT * FROM `wp_card_custom` WHERE `token` = 'gh_961dc11c078d'  [ RunTime:0.0000s ]
SQL: SELECT * FROM `wp_apps_link` WHERE `uid` = 159  [ RunTime:0.0010s ]
SQL: SHOW COLUMNS FROM `wp_auth_group_access` [ RunTime:0.0060s ]
SQL: SELECT a.uid,a.group_id,g.title,g.rules FROM wp_auth_group_access a INNER JOIN wp_auth_group g on a.group_id=g.id  WHERE ( a.uid='159' and g.status='1' )  [ RunTime:0.0010s ]
SQL: SELECT * FROM `wp_menu` WHERE `place` = 0 AND `is_hide` = 0 ORDER BY sort asc, id asc  [ RunTime:0.0000s ]
SQL: SELECT * FROM `wp_model` WHERE `name` = 'weixin_article' LIMIT 1   [ RunTime:0.0000s ]
SQL: SELECT `id`,`article_title`,`type`,`create_user`,`create_time` FROM `wp_weixin_article` ORDER BY id desc LIMIT 0,10   [ RunTime:0.0000s ]
SQL: SELECT `category_name` FROM `wp_weixin_category` WHERE `id` = 3 LIMIT 1   [ RunTime:0.0140s ]
SQL: SELECT `category_name` FROM `wp_weixin_category` WHERE `id` = 7 LIMIT 1   [ RunTime:0.0000s ]
SQL: SELECT `category_name` FROM `wp_weixin_category` WHERE `id` = 17 LIMIT 1   [ RunTime:0.0010s ]
SQL: SELECT `category_name` FROM `wp_weixin_category` WHERE `id` = 0 LIMIT 1   [ RunTime:0.0000s ]
SQL: SELECT COUNT(*) AS tp_count FROM `wp_weixin_article` LIMIT 1   [ RunTime:0.0000s ]

[ 2018-11-13T18:15:15+08:00 ] 127.0.0.1 /index.php?s=/w16/WeixinArticle/WeixinArticle/add/model/1173/mdm/406%7C408.html
SQL: SELECT * FROM `wp_card_custom` WHERE `token` = 'gh_961dc11c078d'  [ RunTime:0.0010s ]
SQL: SELECT * FROM `wp_apps_link` WHERE `uid` = 159  [ RunTime:0.0010s ]
SQL: SHOW COLUMNS FROM `wp_auth_group_access` [ RunTime:0.0070s ]
SQL: SELECT a.uid,a.group_id,g.title,g.rules FROM wp_auth_group_access a INNER JOIN wp_auth_group g on a.group_id=g.id  WHERE ( a.uid='159' and g.status='1' )  [ RunTime:0.0010s ]
SQL: SELECT * FROM `wp_menu` WHERE `place` = 0 AND `is_hide` = 0 ORDER BY sort asc, id asc  [ RunTime:0.0010s ]
SQL: SELECT * FROM `wp_model` WHERE `id` = 1173 LIMIT 1   [ RunTime:0.0010s ]
SQL: SELECT `id`,`category_name` FROM `wp_weixin_category` ORDER BY id asc  [ RunTime:0.0010s ]

[ 2018-11-13T18:15:27+08:00 ] 127.0.0.1 /index.php?s=/w16/WeixinArticle/WeixinArticle/lists.html&mdm=406|408
SQL: SELECT * FROM `wp_card_custom` WHERE `token` = 'gh_961dc11c078d'  [ RunTime:0.0000s ]
SQL: SELECT * FROM `wp_apps_link` WHERE `uid` = 159  [ RunTime:0.0000s ]
SQL: SHOW COLUMNS FROM `wp_auth_group_access` [ RunTime:0.0040s ]
SQL: SELECT a.uid,a.group_id,g.title,g.rules FROM wp_auth_group_access a INNER JOIN wp_auth_group g on a.group_id=g.id  WHERE ( a.uid='159' and g.status='1' )  [ RunTime:0.0000s ]
SQL: SELECT * FROM `wp_menu` WHERE `place` = 0 AND `is_hide` = 0 ORDER BY sort asc, id asc  [ RunTime:0.0010s ]
SQL: SELECT `id`,`article_title`,`type`,`create_user`,`create_time` FROM `wp_weixin_article` ORDER BY id desc LIMIT 0,10   [ RunTime:0.0000s ]
SQL: SELECT `category_name` FROM `wp_weixin_category` WHERE `id` = 3 LIMIT 1   [ RunTime:0.0000s ]
SQL: SELECT `category_name` FROM `wp_weixin_category` WHERE `id` = 7 LIMIT 1   [ RunTime:0.0000s ]
SQL: SELECT `category_name` FROM `wp_weixin_category` WHERE `id` = 17 LIMIT 1   [ RunTime:0.0000s ]
SQL: SELECT `category_name` FROM `wp_weixin_category` WHERE `id` = 0 LIMIT 1   [ RunTime:0.0010s ]
SQL: SELECT COUNT(*) AS tp_count FROM `wp_weixin_article` LIMIT 1   [ RunTime:0.0000s ]

[ 2018-11-13T18:15:28+08:00 ] 127.0.0.1 /index.php?s=/w16/WeixinArticle/WeixinArticle/add/model/1173/mdm/406%7C408.html
SQL: SELECT * FROM `wp_card_custom` WHERE `token` = 'gh_961dc11c078d'  [ RunTime:0.0010s ]
SQL: SELECT * FROM `wp_apps_link` WHERE `uid` = 159  [ RunTime:0.0020s ]
SQL: SHOW COLUMNS FROM `wp_auth_group_access` [ RunTime:0.0080s ]
SQL: SELECT a.uid,a.group_id,g.title,g.rules FROM wp_auth_group_access a INNER JOIN wp_auth_group g on a.group_id=g.id  WHERE ( a.uid='159' and g.status='1' )  [ RunTime:0.0010s ]
SQL: SELECT * FROM `wp_menu` WHERE `place` = 0 AND `is_hide` = 0 ORDER BY sort asc, id asc  [ RunTime:0.0010s ]
SQL: SELECT * FROM `wp_model` WHERE `id` = 1173 LIMIT 1   [ RunTime:0.0010s ]
SQL: SELECT `id`,`category_name` FROM `wp_weixin_category` ORDER BY id asc  [ RunTime:0.0000s ]

[ 2018-11-13T18:15:31+08:00 ] 127.0.0.1 /index.php?s=/w16/WeixinArticle/WeixinArticle/lists.html&mdm=406|408
SQL: SELECT * FROM `wp_card_custom` WHERE `token` = 'gh_961dc11c078d'  [ RunTime:0.0000s ]
SQL: SELECT * FROM `wp_apps_link` WHERE `uid` = 159  [ RunTime:0.0000s ]
SQL: SHOW COLUMNS FROM `wp_auth_group_access` [ RunTime:0.0060s ]
SQL: SELECT a.uid,a.group_id,g.title,g.rules FROM wp_auth_group_access a INNER JOIN wp_auth_group g on a.group_id=g.id  WHERE ( a.uid='159' and g.status='1' )  [ RunTime:0.0000s ]
SQL: SELECT * FROM `wp_menu` WHERE `place` = 0 AND `is_hide` = 0 ORDER BY sort asc, id asc  [ RunTime:0.0010s ]
SQL: SELECT `id`,`article_title`,`type`,`create_user`,`create_time` FROM `wp_weixin_article` ORDER BY id desc LIMIT 0,10   [ RunTime:0.0010s ]
SQL: SELECT `category_name` FROM `wp_weixin_category` WHERE `id` = 3 LIMIT 1   [ RunTime:0.0000s ]
SQL: SELECT `category_name` FROM `wp_weixin_category` WHERE `id` = 7 LIMIT 1   [ RunTime:0.0010s ]
SQL: SELECT `category_name` FROM `wp_weixin_category` WHERE `id` = 17 LIMIT 1   [ RunTime:0.0000s ]
SQL: SELECT `category_name` FROM `wp_weixin_category` WHERE `id` = 0 LIMIT 1   [ RunTime:0.0000s ]
SQL: SELECT COUNT(*) AS tp_count FROM `wp_weixin_article` LIMIT 1   [ RunTime:0.0000s ]

[ 2018-11-13T18:15:33+08:00 ] 127.0.0.1 /index.php?s=/w16/WeixinArticle/WeixinArticle/lists.html&mdm=406|408
SQL: SELECT * FROM `wp_card_custom` WHERE `token` = 'gh_961dc11c078d'  [ RunTime:0.0000s ]
SQL: SELECT * FROM `wp_apps_link` WHERE `uid` = 159  [ RunTime:0.0010s ]
SQL: SHOW COLUMNS FROM `wp_auth_group_access` [ RunTime:0.0040s ]
SQL: SELECT a.uid,a.group_id,g.title,g.rules FROM wp_auth_group_access a INNER JOIN wp_auth_group g on a.group_id=g.id  WHERE ( a.uid='159' and g.status='1' )  [ RunTime:0.0000s ]
SQL: SELECT * FROM `wp_menu` WHERE `place` = 0 AND `is_hide` = 0 ORDER BY sort asc, id asc  [ RunTime:0.0000s ]
SQL: SELECT `id`,`article_title`,`type`,`create_user`,`create_time` FROM `wp_weixin_article` ORDER BY id desc LIMIT 0,10   [ RunTime:0.0000s ]
SQL: SELECT `category_name` FROM `wp_weixin_category` WHERE `id` = 3 LIMIT 1   [ RunTime:0.0000s ]
SQL: SELECT `category_name` FROM `wp_weixin_category` WHERE `id` = 7 LIMIT 1   [ RunTime:0.0000s ]
SQL: SELECT `category_name` FROM `wp_weixin_category` WHERE `id` = 17 LIMIT 1   [ RunTime:0.0000s ]
SQL: SELECT `category_name` FROM `wp_weixin_category` WHERE `id` = 0 LIMIT 1   [ RunTime:0.0010s ]
SQL: SELECT COUNT(*) AS tp_count FROM `wp_weixin_article` LIMIT 1   [ RunTime:0.0000s ]

[ 2018-11-13T18:15:34+08:00 ] 127.0.0.1 /index.php?s=/w16/WeixinArticle/WeixinArticle/add/model/1173/mdm/406%7C408.html
SQL: SELECT * FROM `wp_card_custom` WHERE `token` = 'gh_961dc11c078d'  [ RunTime:0.0000s ]
SQL: SELECT * FROM `wp_apps_link` WHERE `uid` = 159  [ RunTime:0.0000s ]
SQL: SHOW COLUMNS FROM `wp_auth_group_access` [ RunTime:0.0050s ]
SQL: SELECT a.uid,a.group_id,g.title,g.rules FROM wp_auth_group_access a INNER JOIN wp_auth_group g on a.group_id=g.id  WHERE ( a.uid='159' and g.status='1' )  [ RunTime:0.0000s ]
SQL: SELECT * FROM `wp_menu` WHERE `place` = 0 AND `is_hide` = 0 ORDER BY sort asc, id asc  [ RunTime:0.0010s ]
SQL: SELECT * FROM `wp_model` WHERE `id` = 1173 LIMIT 1   [ RunTime:0.0010s ]
SQL: SELECT `id`,`category_name` FROM `wp_weixin_category` ORDER BY id asc  [ RunTime:0.0010s ]

[ 2018-11-13T18:15:53+08:00 ] 127.0.0.1 /index.php?s=/w16/WeixinArticle/WeixinArticle/add/mdm/406%7C408.html
SQL: SELECT * FROM `wp_card_custom` WHERE `token` = 'gh_961dc11c078d'  [ RunTime:0.0010s ]
SQL: SELECT * FROM `wp_apps_link` WHERE `uid` = 159  [ RunTime:0.0000s ]
SQL: SHOW COLUMNS FROM `wp_auth_group_access` [ RunTime:0.0110s ]
SQL: SELECT a.uid,a.group_id,g.title,g.rules FROM wp_auth_group_access a INNER JOIN wp_auth_group g on a.group_id=g.id  WHERE ( a.uid='159' and g.status='1' )  [ RunTime:0.0010s ]
SQL: INSERT INTO `wp_admin_log` (`uid`,`ip`,`mod`,`cTime`,`content`) VALUES ('159','127.0.0.1','WeixinArticle','1542104153','http://weiphp.bb/index.php?s=/w16/WeixinArticle/WeixinArticle/add/mdm/406%7C408.html
POST: array (
  \'article_title\' => \'\',
  \'type\' => \'9\',
  \'article_content\' => \'<p style=\"margin-top: 25px; margin-bottom: 25px; padding: 0px; font-variant-numeric: normal; font-variant-east-asian: normal; font-stretch: normal; font-size: 18px; line-height: 32.4px; font-family: ; color: rgb(34, 34, 34); white-space: normal;\"></p><p style=\"margin-top: 25px; margin-bottom: 25px; padding: 0px; font-variant-numeric: normal; font-variant-east-asian: normal; font-stretch: normal; font-size: 18px; line-height: 32.4px; font-family: ; color: rgb(34, 34, 34); white-space: normal;\">111521</p><p style=\"margin-top: 25px; margin-bottom: 25px; padding: 0px; font-variant-numeric: normal; font-variant-east-asian: normal; font-stretch: normal; font-size: 18px; line-height: 32.4px; font-family: ; color: rgb(34, 34, 34); white-space: normal;\">42020</p><p style=\"margin-top: 25px; margin-bottom: 25px; padding: 0px; font-variant-numeric: normal; font-variant-east-asian: normal; font-stretch: normal; font-size: 18px; line-height: 32.4px; font-family: ; color: rgb(34, 34, 34); white-space: normal;\">2014100130040004</p><p style=\"margin-top: 25px; margin-bottom: 25px; padding: 0px; font-variant-numeric: normal; font-variant-east-asian: normal; font-stretch: normal; font-size: 18px; line-height: 32.4px; font-family: ; color: rgb(34, 34, 34); white-space: normal;\">151597</p><p style=\"margin-top: 25px; margin-bottom: 25px; padding: 0px; font-variant-numeric: normal; font-variant-east-asian: normal; font-stretch: normal; font-size: 18px; line-height: 32.4px; font-family: ; color: rgb(34, 34, 34); white-space: normal;\"></p><p><br/></p>\',
  \'parse\' => \'0\',
); 
') [ RunTime:0.0220s ]
SQL: SELECT * FROM `wp_model` WHERE `id` = 1173 LIMIT 1   [ RunTime:0.0000s ]
SQL: SELECT * FROM `wp_model` WHERE `id` = 1173 LIMIT 1   [ RunTime:0.0000s ]
SQL: INSERT INTO `wp_weixin_article` (`article_title`,`type`,`article_content`) VALUES ('','9','<p style=\"margin-top: 25px; margin-bottom: 25px; padding: 0px; font-variant-numeric: normal; font-variant-east-asian: normal; font-stretch: normal; font-size: 18px; line-height: 32.4px; font-family: ; color: rgb(34, 34, 34); white-space: normal;\"></p><p style=\"margin-top: 25px; margin-bottom: 25px; padding: 0px; font-variant-numeric: normal; font-variant-east-asian: normal; font-stretch: normal; font-size: 18px; line-height: 32.4px; font-family: ; color: rgb(34, 34, 34); white-space: normal;\">111521</p><p style=\"margin-top: 25px; margin-bottom: 25px; padding: 0px; font-variant-numeric: normal; font-variant-east-asian: normal; font-stretch: normal; font-size: 18px; line-height: 32.4px; font-family: ; color: rgb(34, 34, 34); white-space: normal;\">42020</p><p style=\"margin-top: 25px; margin-bottom: 25px; padding: 0px; font-variant-numeric: normal; font-variant-east-asian: normal; font-stretch: normal; font-size: 18px; line-height: 32.4px; font-family: ; color: rgb(34, 34, 34); white-space: normal;\">2014100130040004</p><p style=\"margin-top: 25px; margin-bottom: 25px; padding: 0px; font-variant-numeric: normal; font-variant-east-asian: normal; font-stretch: normal; font-size: 18px; line-height: 32.4px; font-family: ; color: rgb(34, 34, 34); white-space: normal;\">151597</p><p style=\"margin-top: 25px; margin-bottom: 25px; padding: 0px; font-variant-numeric: normal; font-variant-east-asian: normal; font-stretch: normal; font-size: 18px; line-height: 32.4px; font-family: ; color: rgb(34, 34, 34); white-space: normal;\"></p><p><br/></p>') [ RunTime:0.0110s ]

[ 2018-11-13T18:15:55+08:00 ] 127.0.0.1 /index.php?s=/w16/WeixinArticle/WeixinArticle/lists/model/weixin_article/mdm/406%7C408.html
SQL: SELECT * FROM `wp_card_custom` WHERE `token` = 'gh_961dc11c078d'  [ RunTime:0.0010s ]
SQL: SELECT * FROM `wp_apps_link` WHERE `uid` = 159  [ RunTime:0.0000s ]
SQL: SHOW COLUMNS FROM `wp_auth_group_access` [ RunTime:0.0270s ]
SQL: SELECT a.uid,a.group_id,g.title,g.rules FROM wp_auth_group_access a INNER JOIN wp_auth_group g on a.group_id=g.id  WHERE ( a.uid='159' and g.status='1' )  [ RunTime:0.0000s ]
SQL: SELECT * FROM `wp_menu` WHERE `place` = 0 AND `is_hide` = 0 ORDER BY sort asc, id asc  [ RunTime:0.0000s ]
SQL: SELECT `id`,`article_title`,`type`,`create_user`,`create_time` FROM `wp_weixin_article` ORDER BY id desc LIMIT 0,10   [ RunTime:0.0010s ]
SQL: SELECT `category_name` FROM `wp_weixin_category` WHERE `id` = 9 LIMIT 1   [ RunTime:0.0010s ]
SQL: SELECT `category_name` FROM `wp_weixin_category` WHERE `id` = 3 LIMIT 1   [ RunTime:0.0000s ]
SQL: SELECT `category_name` FROM `wp_weixin_category` WHERE `id` = 7 LIMIT 1   [ RunTime:0.0000s ]
SQL: SELECT `category_name` FROM `wp_weixin_category` WHERE `id` = 17 LIMIT 1   [ RunTime:0.0010s ]
SQL: SELECT `category_name` FROM `wp_weixin_category` WHERE `id` = 0 LIMIT 1   [ RunTime:0.0000s ]
SQL: SELECT COUNT(*) AS tp_count FROM `wp_weixin_article` LIMIT 1   [ RunTime:0.0000s ]

[ 2018-11-13T18:15:57+08:00 ] 127.0.0.1 /index.php?s=/w16/WeixinArticle/WeixinArticle/preview/id/5/model/weixin_article/mdm/406|408.html
SQL: SELECT * FROM `wp_card_custom` WHERE `token` = 'gh_961dc11c078d'  [ RunTime:0.0000s ]
SQL: SELECT * FROM `wp_apps_link` WHERE `uid` = 159  [ RunTime:0.0000s ]
SQL: SHOW COLUMNS FROM `wp_auth_group_access` [ RunTime:0.0080s ]
SQL: SELECT a.uid,a.group_id,g.title,g.rules FROM wp_auth_group_access a INNER JOIN wp_auth_group g on a.group_id=g.id  WHERE ( a.uid='159' and g.status='1' )  [ RunTime:0.0010s ]
SQL: SELECT * FROM `wp_menu` WHERE `place` = 0 AND `is_hide` = 0 ORDER BY sort asc, id asc  [ RunTime:0.0010s ]

[ 2018-11-13T18:15:58+08:00 ] 127.0.0.1 /index.php?s=/w16/WeixinArticle/Wap/detail/id/5.html
SQL: SELECT * FROM `wp_card_custom` WHERE `token` = 'gh_961dc11c078d'  [ RunTime:0.0000s ]
SQL: SELECT `token` FROM `wp_apps` WHERE `appid` = 'wx3242f2f336f9b44a' LIMIT 1   [ RunTime:0.0000s ]
SQL: SHOW COLUMNS FROM `wp_auth_group_access` [ RunTime:0.0180s ]
SQL: SELECT a.uid,a.group_id,g.title,g.rules FROM wp_auth_group_access a INNER JOIN wp_auth_group g on a.group_id=g.id  WHERE ( a.uid='159' and g.status='1' )  [ RunTime:0.0000s ]
SQL: SELECT * FROM `wp_weixin_article` WHERE `id` = 5 LIMIT 1   [ RunTime:0.0000s ]

