[ 2018-11-13T18:09:23+08:00 ] 127.0.0.1 /index.php?s=/w16/WeixinCategory/WeixinCategory/lists.html&mdm=406|407
SQL: SELECT * FROM `wp_card_custom` WHERE `token` = 'gh_961dc11c078d'  [ RunTime:0.0010s ]
SQL: SELECT * FROM `wp_apps_link` WHERE `uid` = 159  [ RunTime:0.0010s ]
SQL: SHOW COLUMNS FROM `wp_auth_group_access` [ RunTime:0.0020s ]
SQL: SELECT a.uid,a.group_id,g.title,g.rules FROM wp_auth_group_access a INNER JOIN wp_auth_group g on a.group_id=g.id  WHERE ( a.uid='159' and g.status='1' )  [ RunTime:0.0000s ]
SQL: SELECT * FROM `wp_menu` WHERE `place` = 0 AND `is_hide` = 0 ORDER BY sort asc, id asc  [ RunTime:0.0010s ]
SQL: SELECT * FROM `wp_model` WHERE `name` = 'weixin_category' LIMIT 1   [ RunTime:0.0410s ]
SQL: SELECT `id`,`category_name` FROM `wp_weixin_category` ORDER BY id desc LIMIT 0,10   [ RunTime:0.0300s ]
SQL: SELECT COUNT(*) AS tp_count FROM `wp_weixin_category` LIMIT 1   [ RunTime:0.0000s ]

[ 2018-11-13T18:15:20+08:00 ] 127.0.0.1 /index.php?s=/w16/WeixinCategory/WeixinCategory/lists.html&mdm=406|407
SQL: SELECT * FROM `wp_card_custom` WHERE `token` = 'gh_961dc11c078d'  [ RunTime:0.0000s ]
SQL: SELECT * FROM `wp_apps_link` WHERE `uid` = 159  [ RunTime:0.0010s ]
SQL: SHOW COLUMNS FROM `wp_auth_group_access` [ RunTime:0.0070s ]
SQL: SELECT a.uid,a.group_id,g.title,g.rules FROM wp_auth_group_access a INNER JOIN wp_auth_group g on a.group_id=g.id  WHERE ( a.uid='159' and g.status='1' )  [ RunTime:0.0000s ]
SQL: SELECT * FROM `wp_menu` WHERE `place` = 0 AND `is_hide` = 0 ORDER BY sort asc, id asc  [ RunTime:0.0010s ]
SQL: SELECT `id`,`category_name` FROM `wp_weixin_category` ORDER BY id desc LIMIT 0,10   [ RunTime:0.0010s ]
SQL: SELECT COUNT(*) AS tp_count FROM `wp_weixin_category` LIMIT 1   [ RunTime:0.0000s ]

[ 2018-11-13T18:15:22+08:00 ] 127.0.0.1 /index.php?s=/w16/WeixinCategory/WeixinCategory/add/model/1174/mdm/406%7C407.html
SQL: SELECT * FROM `wp_card_custom` WHERE `token` = 'gh_961dc11c078d'  [ RunTime:0.0000s ]
SQL: SELECT * FROM `wp_apps_link` WHERE `uid` = 159  [ RunTime:0.0000s ]
SQL: SHOW COLUMNS FROM `wp_auth_group_access` [ RunTime:0.0060s ]
SQL: SELECT a.uid,a.group_id,g.title,g.rules FROM wp_auth_group_access a INNER JOIN wp_auth_group g on a.group_id=g.id  WHERE ( a.uid='159' and g.status='1' )  [ RunTime:0.0000s ]
SQL: SELECT * FROM `wp_menu` WHERE `place` = 0 AND `is_hide` = 0 ORDER BY sort asc, id asc  [ RunTime:0.0010s ]
SQL: SELECT * FROM `wp_model` WHERE `id` = 1174 LIMIT 1   [ RunTime:0.0010s ]

[ 2018-11-13T18:15:29+08:00 ] 127.0.0.1 /index.php?s=/w16/WeixinCategory/WeixinCategory/lists.html&mdm=406|407
SQL: SELECT * FROM `wp_card_custom` WHERE `token` = 'gh_961dc11c078d'  [ RunTime:0.0010s ]
SQL: SELECT * FROM `wp_apps_link` WHERE `uid` = 159  [ RunTime:0.0000s ]
SQL: SHOW COLUMNS FROM `wp_auth_group_access` [ RunTime:0.0060s ]
SQL: SELECT a.uid,a.group_id,g.title,g.rules FROM wp_auth_group_access a INNER JOIN wp_auth_group g on a.group_id=g.id  WHERE ( a.uid='159' and g.status='1' )  [ RunTime:0.0000s ]
SQL: SELECT * FROM `wp_menu` WHERE `place` = 0 AND `is_hide` = 0 ORDER BY sort asc, id asc  [ RunTime:0.0010s ]
SQL: SELECT `id`,`category_name` FROM `wp_weixin_category` ORDER BY id desc LIMIT 0,10   [ RunTime:0.0000s ]
SQL: SELECT COUNT(*) AS tp_count FROM `wp_weixin_category` LIMIT 1   [ RunTime:0.0000s ]

[ 2018-11-13T18:15:32+08:00 ] 127.0.0.1 /index.php?s=/w16/WeixinCategory/WeixinCategory/lists.html&mdm=406|407
SQL: SELECT * FROM `wp_card_custom` WHERE `token` = 'gh_961dc11c078d'  [ RunTime:0.0000s ]
SQL: SELECT * FROM `wp_apps_link` WHERE `uid` = 159  [ RunTime:0.0000s ]
SQL: SHOW COLUMNS FROM `wp_auth_group_access` [ RunTime:0.0040s ]
SQL: SELECT a.uid,a.group_id,g.title,g.rules FROM wp_auth_group_access a INNER JOIN wp_auth_group g on a.group_id=g.id  WHERE ( a.uid='159' and g.status='1' )  [ RunTime:0.0000s ]
SQL: SELECT * FROM `wp_menu` WHERE `place` = 0 AND `is_hide` = 0 ORDER BY sort asc, id asc  [ RunTime:0.0000s ]
SQL: SELECT `id`,`category_name` FROM `wp_weixin_category` ORDER BY id desc LIMIT 0,10   [ RunTime:0.0000s ]
SQL: SELECT COUNT(*) AS tp_count FROM `wp_weixin_category` LIMIT 1   [ RunTime:0.0000s ]

[ 2018-11-13T18:15:33+08:00 ] 127.0.0.1 /index.php?s=/w16/WeixinCategory/WeixinCategory/add/model/1174/mdm/406%7C407.html
SQL: SELECT * FROM `wp_card_custom` WHERE `token` = 'gh_961dc11c078d'  [ RunTime:0.0010s ]
SQL: SELECT * FROM `wp_apps_link` WHERE `uid` = 159  [ RunTime:0.0010s ]
SQL: SHOW COLUMNS FROM `wp_auth_group_access` [ RunTime:0.0070s ]
SQL: SELECT a.uid,a.group_id,g.title,g.rules FROM wp_auth_group_access a INNER JOIN wp_auth_group g on a.group_id=g.id  WHERE ( a.uid='159' and g.status='1' )  [ RunTime:0.0000s ]
SQL: SELECT * FROM `wp_menu` WHERE `place` = 0 AND `is_hide` = 0 ORDER BY sort asc, id asc  [ RunTime:0.0010s ]
SQL: SELECT * FROM `wp_model` WHERE `id` = 1174 LIMIT 1   [ RunTime:0.0010s ]

