[ 2018-11-12T13:32:32+08:00 ] 127.0.0.1 /index.php?s=/w16/Vote/Vote/lists.html&mdm=17
SQL: SELECT * FROM `wp_card_custom` WHERE `token` = 'gh_961dc11c078d'  [ RunTime:0.0000s ]
SQL: SELECT * FROM `wp_apps_link` WHERE `uid` = 159  [ RunTime:0.0010s ]
SQL: SHOW COLUMNS FROM `wp_auth_group_access` [ RunTime:0.0010s ]
SQL: SELECT a.uid,a.group_id,g.title,g.rules FROM wp_auth_group_access a INNER JOIN wp_auth_group g on a.group_id=g.id  WHERE ( a.uid='159' and g.status='1' )  [ RunTime:0.0000s ]
SQL: SELECT * FROM `wp_menu` WHERE `place` = 0 AND `is_hide` = 0 ORDER BY sort asc, id asc  [ RunTime:0.0010s ]
SQL: SELECT * FROM `wp_model` WHERE `name` = 'vote' LIMIT 1   [ RunTime:0.0010s ]
SQL: SELECT * FROM `wp_model` WHERE `name` = 'vote_option' LIMIT 1   [ RunTime:0.0010s ]
SQL: SELECT * FROM `wp_model` WHERE `name` = 'vote_log' LIMIT 1   [ RunTime:0.0000s ]
SQL: SELECT * FROM `wp_model` WHERE `id` = 95 LIMIT 1   [ RunTime:0.0000s ]
SQL: SHOW COLUMNS FROM `wp_vote` [ RunTime:0.0830s ]
SQL: SELECT `id`,`keyword`,`title`,`type`,`is_img`,`vote_count` FROM `wp_vote` WHERE `token` = 'gh_961dc11c078d' ORDER BY id DESC LIMIT 0,20   [ RunTime:0.0060s ]
SQL: SELECT COUNT(*) AS tp_count FROM `wp_vote` WHERE `token` = 'gh_961dc11c078d' LIMIT 1   [ RunTime:0.0000s ]

[ 2018-11-12T13:32:34+08:00 ] 127.0.0.1 /index.php?s=/w16/Vote/Vote/add.html
SQL: SELECT * FROM `wp_card_custom` WHERE `token` = 'gh_961dc11c078d'  [ RunTime:0.0000s ]
SQL: SELECT * FROM `wp_apps_link` WHERE `uid` = 159  [ RunTime:0.0010s ]
SQL: SHOW COLUMNS FROM `wp_auth_group_access` [ RunTime:0.0020s ]
SQL: SELECT a.uid,a.group_id,g.title,g.rules FROM wp_auth_group_access a INNER JOIN wp_auth_group g on a.group_id=g.id  WHERE ( a.uid='159' and g.status='1' )  [ RunTime:0.0000s ]
SQL: SELECT * FROM `wp_menu` WHERE `place` = 0 AND `is_hide` = 0 ORDER BY sort asc, id asc  [ RunTime:0.0000s ]
SQL: SELECT * FROM `wp_model` WHERE `id` = 95 LIMIT 1   [ RunTime:0.0000s ]
SQL: SELECT * FROM `wp_model` WHERE `id` = 123 LIMIT 1   [ RunTime:0.0000s ]

[ 2018-11-12T14:35:08+08:00 ] 127.0.0.1 /index.php?s=/w16/Vote/Vote/lists.html&mdm=17
SQL: SELECT * FROM `wp_card_custom` WHERE `token` = 'gh_961dc11c078d'  [ RunTime:0.0000s ]
SQL: SELECT * FROM `wp_apps_link` WHERE `uid` = 159  [ RunTime:0.0000s ]
SQL: SHOW COLUMNS FROM `wp_auth_group_access` [ RunTime:0.0020s ]
SQL: SELECT a.uid,a.group_id,g.title,g.rules FROM wp_auth_group_access a INNER JOIN wp_auth_group g on a.group_id=g.id  WHERE ( a.uid='159' and g.status='1' )  [ RunTime:0.0000s ]
SQL: SELECT * FROM `wp_menu` WHERE `place` = 0 AND `is_hide` = 0 ORDER BY sort asc, id asc  [ RunTime:0.0010s ]
SQL: SELECT * FROM `wp_model` WHERE `id` = 95 LIMIT 1   [ RunTime:0.0000s ]
SQL: SELECT `id`,`keyword`,`title`,`type`,`is_img`,`vote_count` FROM `wp_vote` WHERE `token` = 'gh_961dc11c078d' ORDER BY id DESC LIMIT 0,20   [ RunTime:0.0200s ]
SQL: SELECT COUNT(*) AS tp_count FROM `wp_vote` WHERE `token` = 'gh_961dc11c078d' LIMIT 1   [ RunTime:0.0000s ]

[ 2018-11-12T14:35:14+08:00 ] 127.0.0.1 /index.php?s=/w16/Vote/ShopVote/lists.html&mdm=17|345
SQL: SELECT * FROM `wp_card_custom` WHERE `token` = 'gh_961dc11c078d'  [ RunTime:0.0000s ]
SQL: SELECT * FROM `wp_apps_link` WHERE `uid` = 159  [ RunTime:0.0000s ]
SQL: SHOW COLUMNS FROM `wp_auth_group_access` [ RunTime:0.0030s ]
SQL: SELECT a.uid,a.group_id,g.title,g.rules FROM wp_auth_group_access a INNER JOIN wp_auth_group g on a.group_id=g.id  WHERE ( a.uid='159' and g.status='1' )  [ RunTime:0.0000s ]
SQL: SELECT * FROM `wp_menu` WHERE `place` = 0 AND `is_hide` = 0 ORDER BY sort asc, id asc  [ RunTime:0.0000s ]
SQL: SELECT * FROM `wp_model` WHERE `name` = 'shop_vote' LIMIT 1   [ RunTime:0.0000s ]
SQL: SHOW COLUMNS FROM `wp_shop_vote` [ RunTime:0.0490s ]
SQL: SELECT `title`,`select_type`,`start_time`,`end_time`,`remark`,`id` FROM `wp_shop_vote` WHERE `token` = 'gh_961dc11c078d' ORDER BY id desc LIMIT 0,10   [ RunTime:0.0080s ]
SQL: SELECT COUNT(*) AS tp_count FROM `wp_shop_vote` WHERE `token` = 'gh_961dc11c078d' LIMIT 1   [ RunTime:0.0000s ]

