[ 2018-11-12T13:31:48+08:00 ] 127.0.0.1 /index.php?s=/w16/Forms/Forms/lists.html&mdm=17|23
SQL: SELECT * FROM `wp_card_custom` WHERE `token` = 'gh_961dc11c078d'  [ RunTime:0.0010s ]
SQL: SELECT * FROM `wp_apps_link` WHERE `uid` = 159  [ RunTime:0.0000s ]
SQL: SHOW COLUMNS FROM `wp_auth_group_access` [ RunTime:0.0020s ]
SQL: SELECT a.uid,a.group_id,g.title,g.rules FROM wp_auth_group_access a INNER JOIN wp_auth_group g on a.group_id=g.id  WHERE ( a.uid='159' and g.status='1' )  [ RunTime:0.0000s ]
SQL: SELECT * FROM `wp_menu` WHERE `place` = 0 AND `is_hide` = 0 ORDER BY sort asc, id asc  [ RunTime:0.0010s ]
SQL: SELECT * FROM `wp_model` WHERE `name` = 'forms' LIMIT 1   [ RunTime:0.0010s ]
SQL: SELECT * FROM `wp_model` WHERE `id` = 39 LIMIT 1   [ RunTime:0.0000s ]
SQL: SHOW COLUMNS FROM `wp_forms` [ RunTime:0.0620s ]
SQL: SELECT `id`,`finish_tip`,`cTime`,`token`,`password`,`title`,`intro`,`mTime`,`cover`,`keyword`,`can_edit`,`content`,`jump_url`,`template` FROM `wp_forms` WHERE `token` = 'gh_961dc11c078d' ORDER BY id desc LIMIT 0,20   [ RunTime:0.0010s ]
SQL: SELECT COUNT(*) AS tp_count FROM `wp_forms` WHERE `token` = 'gh_961dc11c078d' LIMIT 1   [ RunTime:0.0000s ]

[ 2018-11-12T13:32:38+08:00 ] 127.0.0.1 /index.php?s=/w16/Forms/Forms/lists.html&mdm=17|23
SQL: SELECT * FROM `wp_card_custom` WHERE `token` = 'gh_961dc11c078d'  [ RunTime:0.0000s ]
SQL: SELECT * FROM `wp_apps_link` WHERE `uid` = 159  [ RunTime:0.0010s ]
SQL: SHOW COLUMNS FROM `wp_auth_group_access` [ RunTime:0.0020s ]
SQL: SELECT a.uid,a.group_id,g.title,g.rules FROM wp_auth_group_access a INNER JOIN wp_auth_group g on a.group_id=g.id  WHERE ( a.uid='159' and g.status='1' )  [ RunTime:0.0000s ]
SQL: SELECT * FROM `wp_menu` WHERE `place` = 0 AND `is_hide` = 0 ORDER BY sort asc, id asc  [ RunTime:0.0010s ]
SQL: SELECT * FROM `wp_model` WHERE `id` = 39 LIMIT 1   [ RunTime:0.0010s ]
SQL: SELECT `id`,`finish_tip`,`cTime`,`token`,`password`,`title`,`intro`,`mTime`,`cover`,`keyword`,`can_edit`,`content`,`jump_url`,`template` FROM `wp_forms` WHERE `token` = 'gh_961dc11c078d' ORDER BY id desc LIMIT 0,20   [ RunTime:0.0010s ]
SQL: SELECT COUNT(*) AS tp_count FROM `wp_forms` WHERE `token` = 'gh_961dc11c078d' LIMIT 1   [ RunTime:0.0000s ]

[ 2018-11-12T13:32:39+08:00 ] 127.0.0.1 /index.php?s=/w16/Forms/Forms/add/model/39/mdm/17%7C23.html
SQL: SELECT * FROM `wp_card_custom` WHERE `token` = 'gh_961dc11c078d'  [ RunTime:0.0000s ]
SQL: SELECT * FROM `wp_apps_link` WHERE `uid` = 159  [ RunTime:0.0010s ]
SQL: SHOW COLUMNS FROM `wp_auth_group_access` [ RunTime:0.0010s ]
SQL: SELECT a.uid,a.group_id,g.title,g.rules FROM wp_auth_group_access a INNER JOIN wp_auth_group g on a.group_id=g.id  WHERE ( a.uid='159' and g.status='1' )  [ RunTime:0.0010s ]
SQL: SELECT * FROM `wp_menu` WHERE `place` = 0 AND `is_hide` = 0 ORDER BY sort asc, id asc  [ RunTime:0.0010s ]

[ 2018-11-12T13:32:42+08:00 ] 127.0.0.1 /index.php?s=/w16/Forms/Forms/lists.html
SQL: SELECT * FROM `wp_card_custom` WHERE `token` = 'gh_961dc11c078d'  [ RunTime:0.0010s ]
SQL: SELECT * FROM `wp_apps_link` WHERE `uid` = 159  [ RunTime:0.0000s ]
SQL: SHOW COLUMNS FROM `wp_auth_group_access` [ RunTime:0.0020s ]
SQL: SELECT a.uid,a.group_id,g.title,g.rules FROM wp_auth_group_access a INNER JOIN wp_auth_group g on a.group_id=g.id  WHERE ( a.uid='159' and g.status='1' )  [ RunTime:0.0000s ]
SQL: SELECT * FROM `wp_menu` WHERE `place` = 0 AND `is_hide` = 0 ORDER BY sort asc, id asc  [ RunTime:0.0000s ]
SQL: SELECT * FROM `wp_model` WHERE `id` = 39 LIMIT 1   [ RunTime:0.0000s ]
SQL: SELECT `id`,`finish_tip`,`cTime`,`token`,`password`,`title`,`intro`,`mTime`,`cover`,`keyword`,`can_edit`,`content`,`jump_url`,`template` FROM `wp_forms` WHERE `token` = 'gh_961dc11c078d' ORDER BY id desc LIMIT 0,20   [ RunTime:0.0000s ]
SQL: SELECT COUNT(*) AS tp_count FROM `wp_forms` WHERE `token` = 'gh_961dc11c078d' LIMIT 1   [ RunTime:0.0000s ]

[ 2018-11-12T14:35:13+08:00 ] 127.0.0.1 /index.php?s=/w16/Forms/Forms/lists.html&mdm=17|23
SQL: SELECT * FROM `wp_card_custom` WHERE `token` = 'gh_961dc11c078d'  [ RunTime:0.0000s ]
SQL: SELECT * FROM `wp_apps_link` WHERE `uid` = 159  [ RunTime:0.0000s ]
SQL: SHOW COLUMNS FROM `wp_auth_group_access` [ RunTime:0.0020s ]
SQL: SELECT a.uid,a.group_id,g.title,g.rules FROM wp_auth_group_access a INNER JOIN wp_auth_group g on a.group_id=g.id  WHERE ( a.uid='159' and g.status='1' )  [ RunTime:0.0000s ]
SQL: SELECT * FROM `wp_menu` WHERE `place` = 0 AND `is_hide` = 0 ORDER BY sort asc, id asc  [ RunTime:0.0010s ]
SQL: SELECT * FROM `wp_model` WHERE `id` = 39 LIMIT 1   [ RunTime:0.0000s ]
SQL: SELECT `id`,`finish_tip`,`cTime`,`token`,`password`,`title`,`intro`,`mTime`,`cover`,`keyword`,`can_edit`,`content`,`jump_url`,`template` FROM `wp_forms` WHERE `token` = 'gh_961dc11c078d' ORDER BY id desc LIMIT 0,20   [ RunTime:0.0010s ]
SQL: SELECT COUNT(*) AS tp_count FROM `wp_forms` WHERE `token` = 'gh_961dc11c078d' LIMIT 1   [ RunTime:0.0070s ]

